
[0]	    I2C_LOG_START_MASTER_TX	0x20000050	HAL::I2CIntr::I2CStates_t	
[1]	    I2C_LOG_SB_MASTER_TX	0x20000051	HAL::I2CIntr::I2CStates_t	
[2]	    I2C_LOG_ADDR_INTR_MASTER_TX_SIZE_GT_0	0x20000052	HAL::I2CIntr::I2CStates_t	
[3]	    I2C_LOG_TXE	0x20000053	HAL::I2CIntr::I2CStates_t	
[4]	    I2C_LOG_TXE_DONE	0x20000054	HAL::I2CIntr::I2CStates_t	
[5]	    I2C_LOG_TXE	0x20000055	HAL::I2CIntr::I2CStates_t	
[6]	    I2C_LOG_TXE_DONE	0x20000056	HAL::I2CIntr::I2CStates_t	
[7]	    I2C_LOG_TXE_DONE	0x20000057	HAL::I2CIntr::I2CStates_t	
[8]	    I2C_LOG_TXE_DONE	0x20000058	HAL::I2CIntr::I2CStates_t	
[9]	    I2C_LOG_TXE_DONE	0x20000059	HAL::I2CIntr::I2CStates_t	
[10]	I2C_LOG_TXE_DONE	0x2000005A	HAL::I2CIntr::I2CStates_t	
[11]	I2C_LOG_TXE_DONE	0x2000005B	HAL::I2CIntr::I2CStates_t	
[12]	I2C_LOG_TXE_DONE	0x2000005C	HAL::I2CIntr::I2CStates_t	
[13]	I2C_LOG_TXE_DONE	0x2000005D	HAL::I2CIntr::I2CStates_t	
[14]	I2C_LOG_TXE_DONE	0x2000005E	HAL::I2CIntr::I2CStates_t	
[15]	I2C_LOG_TXE_DONE	0x2000005F	HAL::I2CIntr::I2CStates_t	
[16]	I2C_LOG_TXE_DONE	0x20000060	HAL::I2CIntr::I2CStates_t	
[17]	I2C_LOG_TXE_DONE	0x20000061	HAL::I2CIntr::I2CStates_t	
[18]	I2C_LOG_TXE_DONE	0x20000062	HAL::I2CIntr::I2CStates_t	
[19]	I2C_LOG_TXE_DONE	0x20000063	HAL::I2CIntr::I2CStates_t	
[20]	I2C_LOG_TXE_DONE	0x20000064	HAL::I2CIntr::I2CStates_t	
[21]	I2C_LOG_TXE_DONE	0x20000065	HAL::I2CIntr::I2CStates_t	
[22]	I2C_LOG_TXE_DONE	0x20000066	HAL::I2CIntr::I2CStates_t	
[23]	I2C_LOG_TXE_DONE	0x20000067	HAL::I2CIntr::I2CStates_t	
[24]	I2C_LOG_TXE_DONE	0x20000068	HAL::I2CIntr::I2CStates_t	
[25]	I2C_LOG_TXE_DONE	0x20000069	HAL::I2CIntr::I2CStates_t	
[26]	I2C_LOG_TXE_DONE	0x2000006A	HAL::I2CIntr::I2CStates_t	
[27]	I2C_LOG_TXE_DONE	0x2000006B	HAL::I2CIntr::I2CStates_t	
[28]	I2C_LOG_TXE_DONE	0x2000006C	HAL::I2CIntr::I2CStates_t	
[29]	I2C_LOG_TXE_DONE	0x2000006D	HAL::I2CIntr::I2CStates_t	
[30]	I2C_LOG_TXE_DONE	0x2000006E	HAL::I2CIntr::I2CStates_t	
[31]	I2C_LOG_TXE_DONE	0x2000006F	HAL::I2CIntr::I2CStates_t	
[32]	I2C_LOG_TXE_DONE	0x20000070	HAL::I2CIntr::I2CStates_t	
[33]	I2C_LOG_TXE_DONE	0x20000071	HAL::I2CIntr::I2CStates_t	
[34]	I2C_LOG_TXE_DONE	0x20000072	HAL::I2CIntr::I2CStates_t	
[35]	I2C_LOG_TXE_DONE	0x20000073	HAL::I2CIntr::I2CStates_t	
[36]	I2C_LOG_TXE_DONE	0x20000074	HAL::I2CIntr::I2CStates_t	
[37]	I2C_LOG_TXE_DONE	0x20000075	HAL::I2CIntr::I2CStates_t	
[38]	I2C_LOG_TXE_DONE	0x20000076	HAL::I2CIntr::I2CStates_t	
[39]	I2C_LOG_TXE_DONE	0x20000077	HAL::I2CIntr::I2CStates_t	
[40]	I2C_LOG_TXE_DONE	0x20000078	HAL::I2CIntr::I2CStates_t	
[41]	I2C_LOG_TXE_DONE	0x20000079	HAL::I2CIntr::I2CStates_t	
[42]	I2C_LOG_TXE_DONE	0x2000007A	HAL::I2CIntr::I2CStates_t	
[43]	I2C_LOG_TXE_DONE	0x2000007B	HAL::I2CIntr::I2CStates_t	
[44]	I2C_LOG_TXE_DONE	0x2000007C	HAL::I2CIntr::I2CStates_t	
[45]	I2C_LOG_TXE_DONE	0x2000007D	HAL::I2CIntr::I2CStates_t	
[46]	I2C_LOG_TXE_DONE	0x2000007E	HAL::I2CIntr::I2CStates_t	
[47]	I2C_LOG_TXE_DONE	0x2000007F	HAL::I2CIntr::I2CStates_t	
[48]	I2C_LOG_TXE_DONE	0x20000080	HAL::I2CIntr::I2CStates_t	
[49]	I2C_LOG_TXE_DONE	0x20000081	HAL::I2CIntr::I2CStates_t	
[50]	I2C_LOG_TXE_DONE	0x20000082	HAL::I2CIntr::I2CStates_t	
[51]	I2C_LOG_TXE_DONE	0x20000083	HAL::I2CIntr::I2CStates_t	
[52]	I2C_LOG_TXE_DONE	0x20000084	HAL::I2CIntr::I2CStates_t	
[53]	I2C_LOG_TXE_DONE	0x20000085	HAL::I2CIntr::I2CStates_t	
[54]	I2C_LOG_TXE_DONE	0x20000086	HAL::I2CIntr::I2CStates_t	
[55]	I2C_LOG_TXE_DONE	0x20000087	HAL::I2CIntr::I2CStates_t	
[56]	I2C_LOG_TXE_DONE	0x20000088	HAL::I2CIntr::I2CStates_t	
[57]	I2C_LOG_TXE_DONE	0x20000089	HAL::I2CIntr::I2CStates_t	
[58]	I2C_LOG_TXE_DONE	0x2000008A	HAL::I2CIntr::I2CStates_t	
[59]	I2C_LOG_TXE_DONE	0x2000008B	HAL::I2CIntr::I2CStates_t	
[60]	I2C_LOG_TXE_DONE	0x2000008C	HAL::I2CIntr::I2CStates_t	
[61]	I2C_LOG_TXE_DONE	0x2000008D	HAL::I2CIntr::I2CStates_t	
[62]	I2C_LOG_TXE_DONE	0x2000008E	HAL::I2CIntr::I2CStates_t	
[63]	I2C_LOG_TXE_DONE	0x2000008F	HAL::I2CIntr::I2CStates_t	
[64]	I2C_LOG_TXE_DONE	0x20000090	HAL::I2CIntr::I2CStates_t	
[65]	I2C_LOG_TXE_DONE	0x20000091	HAL::I2CIntr::I2CStates_t	
[66]	I2C_LOG_TXE_DONE	0x20000092	HAL::I2CIntr::I2CStates_t	
[67]	I2C_LOG_TXE_DONE	0x20000093	HAL::I2CIntr::I2CStates_t	
[68]	I2C_LOG_TXE_DONE	0x20000094	HAL::I2CIntr::I2CStates_t	
[69]	I2C_LOG_TXE_DONE	0x20000095	HAL::I2CIntr::I2CStates_t	
[70]	I2C_LOG_TXE_DONE	0x20000096	HAL::I2CIntr::I2CStates_t	
[71]	I2C_LOG_TXE_DONE	0x20000097	HAL::I2CIntr::I2CStates_t	
[72]	I2C_LOG_TXE_DONE	0x20000098	HAL::I2CIntr::I2CStates_t	
[73]	I2C_LOG_TXE_DONE	0x20000099	HAL::I2CIntr::I2CStates_t	
[74]	I2C_LOG_TXE_DONE	0x2000009A	HAL::I2CIntr::I2CStates_t	
[75]	I2C_LOG_TXE_DONE	0x2000009B	HAL::I2CIntr::I2CStates_t	
[76]	I2C_LOG_TXE_DONE	0x2000009C	HAL::I2CIntr::I2CStates_t	
[77]	I2C_LOG_TXE_DONE	0x2000009D	HAL::I2CIntr::I2CStates_t	
[78]	I2C_LOG_TXE_DONE	0x2000009E	HAL::I2CIntr::I2CStates_t	
[79]	I2C_LOG_TXE_DONE	0x2000009F	HAL::I2CIntr::I2CStates_t	
[80]	I2C_LOG_TXE_DONE	0x200000A0	HAL::I2CIntr::I2CStates_t	
[81]	I2C_LOG_TXE_DONE	0x200000A1	HAL::I2CIntr::I2CStates_t	
[82]	I2C_LOG_BTF_MASTER_TX_STOP	0x200000A2	HAL::I2CIntr::I2CStates_t	
[83]	I2C_LOG_START_MASTER_TX	0x200000A3	HAL::I2CIntr::I2CStates_t	
[84]	I2C_LOG_SB_MASTER_TX	0x200000A4	HAL::I2CIntr::I2CStates_t	
[85]	I2C_LOG_ADDR_INTR_MASTER_TX_SIZE_GT_0	0x200000A5	HAL::I2CIntr::I2CStates_t	
[86]	I2C_LOG_TXE	0x200000A6	HAL::I2CIntr::I2CStates_t	
[87]	I2C_LOG_TXE_DONE	0x200000A7	HAL::I2CIntr::I2CStates_t	
[88]	I2C_LOG_TXE	0x200000A8	HAL::I2CIntr::I2CStates_t	
[89]	I2C_LOG_TXE_DONE	0x200000A9	HAL::I2CIntr::I2CStates_t	
[90]	I2C_LOG_TXE_DONE	0x200000AA	HAL::I2CIntr::I2CStates_t	
[91]	I2C_LOG_TXE_DONE	0x200000AB	HAL::I2CIntr::I2CStates_t	
[92]	I2C_LOG_TXE_DONE	0x200000AC	HAL::I2CIntr::I2CStates_t	
[93]	I2C_LOG_TXE_DONE	0x200000AD	HAL::I2CIntr::I2CStates_t	
[94]	I2C_LOG_TXE_DONE	0x200000AE	HAL::I2CIntr::I2CStates_t	
[95]	I2C_LOG_TXE_DONE	0x200000AF	HAL::I2CIntr::I2CStates_t	
[96]	I2C_LOG_TXE_DONE	0x200000B0	HAL::I2CIntr::I2CStates_t	
[97]	I2C_LOG_TXE_DONE	0x200000B1	HAL::I2CIntr::I2CStates_t	
[98]	I2C_LOG_TXE_DONE	0x200000B2	HAL::I2CIntr::I2CStates_t	
[99]	I2C_LOG_TXE_DONE	0x200000B3	HAL::I2CIntr::I2CStates_t	
[100]	I2C_LOG_TXE_DONE	0x200000B4	HAL::I2CIntr::I2CStates_t	
[101]	I2C_LOG_TXE_DONE	0x200000B5	HAL::I2CIntr::I2CStates_t	
[102]	I2C_LOG_TXE_DONE	0x200000B6	HAL::I2CIntr::I2CStates_t	
[103]	I2C_LOG_TXE_DONE	0x200000B7	HAL::I2CIntr::I2CStates_t	
[104]	I2C_LOG_TXE_DONE	0x200000B8	HAL::I2CIntr::I2CStates_t	
[105]	I2C_LOG_TXE_DONE	0x200000B9	HAL::I2CIntr::I2CStates_t	
[106]	I2C_LOG_TXE_DONE	0x200000BA	HAL::I2CIntr::I2CStates_t	
[107]	I2C_LOG_TXE_DONE	0x200000BB	HAL::I2CIntr::I2CStates_t	
[108]	I2C_LOG_TXE_DONE	0x200000BC	HAL::I2CIntr::I2CStates_t	
[109]	I2C_LOG_TXE_DONE	0x200000BD	HAL::I2CIntr::I2CStates_t	
[110]	I2C_LOG_TXE_DONE	0x200000BE	HAL::I2CIntr::I2CStates_t	
[111]	I2C_LOG_TXE_DONE	0x200000BF	HAL::I2CIntr::I2CStates_t	
[112]	I2C_LOG_TXE_DONE	0x200000C0	HAL::I2CIntr::I2CStates_t	
[113]	I2C_LOG_TXE_DONE	0x200000C1	HAL::I2CIntr::I2CStates_t	
[114]	I2C_LOG_TXE_DONE	0x200000C2	HAL::I2CIntr::I2CStates_t	
[115]	I2C_LOG_TXE_DONE	0x200000C3	HAL::I2CIntr::I2CStates_t	
[116]	I2C_LOG_TXE_DONE	0x200000C4	HAL::I2CIntr::I2CStates_t	
[117]	I2C_LOG_TXE_DONE	0x200000C5	HAL::I2CIntr::I2CStates_t	
[118]	I2C_LOG_TXE_DONE	0x200000C6	HAL::I2CIntr::I2CStates_t	
[119]	I2C_LOG_TXE_DONE	0x200000C7	HAL::I2CIntr::I2CStates_t	
[120]	I2C_LOG_TXE_DONE	0x200000C8	HAL::I2CIntr::I2CStates_t	
[121]	I2C_LOG_TXE_DONE	0x200000C9	HAL::I2CIntr::I2CStates_t	
[122]	I2C_LOG_TXE_DONE	0x200000CA	HAL::I2CIntr::I2CStates_t	
[123]	I2C_LOG_TXE_DONE	0x200000CB	HAL::I2CIntr::I2CStates_t	
[124]	I2C_LOG_TXE_DONE	0x200000CC	HAL::I2CIntr::I2CStates_t	
[125]	I2C_LOG_TXE_DONE	0x200000CD	HAL::I2CIntr::I2CStates_t	
[126]	I2C_LOG_TXE_DONE	0x200000CE	HAL::I2CIntr::I2CStates_t	
[127]	I2C_LOG_TXE_DONE	0x200000CF	HAL::I2CIntr::I2CStates_t	
[128]	I2C_LOG_TXE_DONE	0x200000D0	HAL::I2CIntr::I2CStates_t	
[129]	I2C_LOG_TXE_DONE	0x200000D1	HAL::I2CIntr::I2CStates_t	
[130]	I2C_LOG_TXE_DONE	0x200000D2	HAL::I2CIntr::I2CStates_t	
[131]	I2C_LOG_TXE_DONE	0x200000D3	HAL::I2CIntr::I2CStates_t	
[132]	I2C_LOG_TXE_DONE	0x200000D4	HAL::I2CIntr::I2CStates_t	
[133]	I2C_LOG_TXE_DONE	0x200000D5	HAL::I2CIntr::I2CStates_t	
[134]	I2C_LOG_TXE_DONE	0x200000D6	HAL::I2CIntr::I2CStates_t	
[135]	I2C_LOG_TXE_DONE	0x200000D7	HAL::I2CIntr::I2CStates_t	
[136]	I2C_LOG_TXE_DONE	0x200000D8	HAL::I2CIntr::I2CStates_t	
[137]	I2C_LOG_TXE_DONE	0x200000D9	HAL::I2CIntr::I2CStates_t	
[138]	I2C_LOG_TXE_DONE	0x200000DA	HAL::I2CIntr::I2CStates_t	
[139]	I2C_LOG_TXE_DONE	0x200000DB	HAL::I2CIntr::I2CStates_t	
[140]	I2C_LOG_TXE_DONE	0x200000DC	HAL::I2CIntr::I2CStates_t	
[141]	I2C_LOG_TXE_DONE	0x200000DD	HAL::I2CIntr::I2CStates_t	
[142]	I2C_LOG_TXE_DONE	0x200000DE	HAL::I2CIntr::I2CStates_t	
[143]	I2C_LOG_TXE_DONE	0x200000DF	HAL::I2CIntr::I2CStates_t	
[144]	I2C_LOG_TXE_DONE	0x200000E0	HAL::I2CIntr::I2CStates_t	
[145]	I2C_LOG_TXE_DONE	0x200000E1	HAL::I2CIntr::I2CStates_t	
[146]	I2C_LOG_TXE_DONE	0x200000E2	HAL::I2CIntr::I2CStates_t	
[147]	I2C_LOG_TXE_DONE	0x200000E3	HAL::I2CIntr::I2CStates_t	
[148]	I2C_LOG_TXE_DONE	0x200000E4	HAL::I2CIntr::I2CStates_t	
[149]	I2C_LOG_TXE_DONE	0x200000E5	HAL::I2CIntr::I2CStates_t	
[150]	I2C_LOG_TXE_DONE	0x200000E6	HAL::I2CIntr::I2CStates_t	
[151]	I2C_LOG_TXE_DONE	0x200000E7	HAL::I2CIntr::I2CStates_t	
[152]	I2C_LOG_TXE_DONE	0x200000E8	HAL::I2CIntr::I2CStates_t	
[153]	I2C_LOG_TXE_DONE	0x200000E9	HAL::I2CIntr::I2CStates_t	
[154]	I2C_LOG_TXE_DONE	0x200000EA	HAL::I2CIntr::I2CStates_t	
[155]	I2C_LOG_TXE_DONE	0x200000EB	HAL::I2CIntr::I2CStates_t	
[156]	I2C_LOG_TXE_DONE	0x200000EC	HAL::I2CIntr::I2CStates_t	
[157]	I2C_LOG_TXE_DONE	0x200000ED	HAL::I2CIntr::I2CStates_t	
[158]	I2C_LOG_TXE_DONE	0x200000EE	HAL::I2CIntr::I2CStates_t	
[159]	I2C_LOG_TXE_DONE	0x200000EF	HAL::I2CIntr::I2CStates_t	
[160]	I2C_LOG_TXE_DONE	0x200000F0	HAL::I2CIntr::I2CStates_t	
[161]	I2C_LOG_TXE_DONE	0x200000F1	HAL::I2CIntr::I2CStates_t	
[162]	I2C_LOG_TXE_DONE	0x200000F2	HAL::I2CIntr::I2CStates_t	
[163]	I2C_LOG_TXE_DONE	0x200000F3	HAL::I2CIntr::I2CStates_t	
[164]	I2C_LOG_TXE_DONE	0x200000F4	HAL::I2CIntr::I2CStates_t	
[165]	I2C_LOG_BTF_MASTER_TX_STOP	0x200000F5	HAL::I2CIntr::I2CStates_t	
[166]	I2C_LOG_START_MASTER_TXRX	0x200000F6	HAL::I2CIntr::I2CStates_t	
[167]	I2C_LOG_SB_MASTER_TX	0x200000F7	HAL::I2CIntr::I2CStates_t	
[168]	I2C_LOG_ADDR_INTR_MASTER_TX_SIZE_GT_0	0x200000F8	HAL::I2CIntr::I2CStates_t	
[169]	I2C_LOG_TXE_DONE	0x200000F9	HAL::I2CIntr::I2CStates_t	
[170]	I2C_LOG_TXE_DONE	0x200000FA	HAL::I2CIntr::I2CStates_t	
[171]	I2C_LOG_TXE_DONE	0x200000FB	HAL::I2CIntr::I2CStates_t	
[172]	I2C_LOG_TXE_DONE	0x200000FC	HAL::I2CIntr::I2CStates_t	
[173]	I2C_LOG_TXE_DONE	0x200000FD	HAL::I2CIntr::I2CStates_t	
[174]	I2C_LOG_TXE_DONE	0x200000FE	HAL::I2CIntr::I2CStates_t	
[175]	I2C_LOG_TXE_DONE	0x200000FF	HAL::I2CIntr::I2CStates_t	
[176]	I2C_LOG_TXE_DONE	0x20000100	HAL::I2CIntr::I2CStates_t	
[177]	I2C_LOG_TXE_DONE	0x20000101	HAL::I2CIntr::I2CStates_t	
[178]	I2C_LOG_TXE_DONE	0x20000102	HAL::I2CIntr::I2CStates_t	
[179]	I2C_LOG_TXE_DONE	0x20000103	HAL::I2CIntr::I2CStates_t	
[180]	I2C_LOG_TXE_DONE	0x20000104	HAL::I2CIntr::I2CStates_t	
[181]	I2C_LOG_TXE_DONE	0x20000105	HAL::I2CIntr::I2CStates_t	
[182]	I2C_LOG_TXE_DONE	0x20000106	HAL::I2CIntr::I2CStates_t	
[183]	I2C_LOG_TXE_DONE	0x20000107	HAL::I2CIntr::I2CStates_t	
[184]	I2C_LOG_TXE_DONE	0x20000108	HAL::I2CIntr::I2CStates_t	
[185]	I2C_LOG_TXE_DONE	0x20000109	HAL::I2CIntr::I2CStates_t	
[186]	I2C_LOG_TXE_DONE	0x2000010A	HAL::I2CIntr::I2CStates_t	
[187]	I2C_LOG_TXE_DONE	0x2000010B	HAL::I2CIntr::I2CStates_t	
[188]	I2C_LOG_TXE_DONE	0x2000010C	HAL::I2CIntr::I2CStates_t	
[189]	I2C_LOG_TXE_DONE	0x2000010D	HAL::I2CIntr::I2CStates_t	
[190]	I2C_LOG_TXE_DONE	0x2000010E	HAL::I2CIntr::I2CStates_t	
[191]	I2C_LOG_TXE_DONE	0x2000010F	HAL::I2CIntr::I2CStates_t	
[192]	I2C_LOG_TXE_DONE	0x20000110	HAL::I2CIntr::I2CStates_t	
[193]	I2C_LOG_TXE_DONE	0x20000111	HAL::I2CIntr::I2CStates_t	
[194]	I2C_LOG_TXE_DONE	0x20000112	HAL::I2CIntr::I2CStates_t	
[195]	I2C_LOG_TXE_DONE	0x20000113	HAL::I2CIntr::I2CStates_t	
[196]	I2C_LOG_TXE_DONE	0x20000114	HAL::I2CIntr::I2CStates_t	
[197]	I2C_LOG_TXE_DONE	0x20000115	HAL::I2CIntr::I2CStates_t	
[198]	I2C_LOG_TXE_DONE	0x20000116	HAL::I2CIntr::I2CStates_t	
[199]	I2C_LOG_TXE_DONE	0x20000117	HAL::I2CIntr::I2CStates_t	
[200]	I2C_LOG_TXE_DONE	0x20000118	HAL::I2CIntr::I2CStates_t	
[201]	I2C_LOG_TXE_DONE	0x20000119	HAL::I2CIntr::I2CStates_t	
[202]	I2C_LOG_TXE_DONE	0x2000011A	HAL::I2CIntr::I2CStates_t	
[203]	I2C_LOG_TXE_DONE	0x2000011B	HAL::I2CIntr::I2CStates_t	
[204]	I2C_LOG_TXE_DONE	0x2000011C	HAL::I2CIntr::I2CStates_t	
[205]	I2C_LOG_TXE_DONE	0x2000011D	HAL::I2CIntr::I2CStates_t	
[206]	I2C_LOG_TXE_DONE	0x2000011E	HAL::I2CIntr::I2CStates_t	
[207]	I2C_LOG_TXE_DONE	0x2000011F	HAL::I2CIntr::I2CStates_t	
[208]	I2C_LOG_TXE_DONE	0x20000120	HAL::I2CIntr::I2CStates_t	
[209]	I2C_LOG_TXE_DONE	0x20000121	HAL::I2CIntr::I2CStates_t	
[210]	I2C_LOG_TXE_DONE	0x20000122	HAL::I2CIntr::I2CStates_t	
[211]	I2C_LOG_TXE_DONE	0x20000123	HAL::I2CIntr::I2CStates_t	
[212]	I2C_LOG_TXE_DONE	0x20000124	HAL::I2CIntr::I2CStates_t	
[213]	I2C_LOG_TXE_DONE	0x20000125	HAL::I2CIntr::I2CStates_t	
[214]	I2C_LOG_TXE_DONE	0x20000126	HAL::I2CIntr::I2CStates_t	
[215]	I2C_LOG_TXE_DONE	0x20000127	HAL::I2CIntr::I2CStates_t	
[216]	I2C_LOG_TXE_DONE	0x20000128	HAL::I2CIntr::I2CStates_t	
[217]	I2C_LOG_TXE_DONE	0x20000129	HAL::I2CIntr::I2CStates_t	
[218]	I2C_LOG_TXE_DONE	0x2000012A	HAL::I2CIntr::I2CStates_t	
[219]	I2C_LOG_TXE_DONE	0x2000012B	HAL::I2CIntr::I2CStates_t	
[220]	I2C_LOG_TXE_DONE	0x2000012C	HAL::I2CIntr::I2CStates_t	
[221]	I2C_LOG_TXE_DONE	0x2000012D	HAL::I2CIntr::I2CStates_t	
[222]	I2C_LOG_TXE_DONE	0x2000012E	HAL::I2CIntr::I2CStates_t	
[223]	I2C_LOG_TXE_DONE	0x2000012F	HAL::I2CIntr::I2CStates_t	
[224]	I2C_LOG_TXE_DONE	0x20000130	HAL::I2CIntr::I2CStates_t	
[225]	I2C_LOG_TXE_DONE	0x20000131	HAL::I2CIntr::I2CStates_t	
[226]	I2C_LOG_TXE_DONE	0x20000132	HAL::I2CIntr::I2CStates_t	
[227]	I2C_LOG_TXE_DONE	0x20000133	HAL::I2CIntr::I2CStates_t	
[228]	I2C_LOG_TXE_DONE	0x20000134	HAL::I2CIntr::I2CStates_t	
[229]	I2C_LOG_TXE_DONE	0x20000135	HAL::I2CIntr::I2CStates_t	
[230]	I2C_LOG_TXE_DONE	0x20000136	HAL::I2CIntr::I2CStates_t	
[231]	I2C_LOG_TXE_DONE	0x20000137	HAL::I2CIntr::I2CStates_t	
[232]	I2C_LOG_TXE_DONE	0x20000138	HAL::I2CIntr::I2CStates_t	
[233]	I2C_LOG_TXE_DONE	0x20000139	HAL::I2CIntr::I2CStates_t	
[234]	I2C_LOG_TXE_DONE	0x2000013A	HAL::I2CIntr::I2CStates_t	
[235]	I2C_LOG_TXE_DONE	0x2000013B	HAL::I2CIntr::I2CStates_t	
[236]	I2C_LOG_TXE_DONE	0x2000013C	HAL::I2CIntr::I2CStates_t	
[237]	I2C_LOG_TXE_DONE	0x2000013D	HAL::I2CIntr::I2CStates_t	
[238]	I2C_LOG_TXE_DONE	0x2000013E	HAL::I2CIntr::I2CStates_t	
[239]	I2C_LOG_TXE_DONE	0x2000013F	HAL::I2CIntr::I2CStates_t	
[240]	I2C_LOG_TXE_DONE	0x20000140	HAL::I2CIntr::I2CStates_t	
[241]	I2C_LOG_TXE_DONE	0x20000141	HAL::I2CIntr::I2CStates_t	
[242]	I2C_LOG_BTF_MASTER_TX_REPEATED_START	0x20000142	HAL::I2CIntr::I2CStates_t	
[243]	I2C_LOG_BTF_MASTER_RX_SIZE_2	0x20000143	HAL::I2CIntr::I2CStates_t	
[244]	I2C_LOG_TXE_DONE	0x20000144	HAL::I2CIntr::I2CStates_t	
[245]	I2C_LOG_TXE_DONE	0x20000145	HAL::I2CIntr::I2CStates_t	
[246]	I2C_LOG_TXE_DONE	0x20000146	HAL::I2CIntr::I2CStates_t	
[247]	I2C_LOG_TXE_DONE	0x20000147	HAL::I2CIntr::I2CStates_t	
[248]	I2C_LOG_TXE_DONE	0x20000148	HAL::I2CIntr::I2CStates_t	
[249]	I2C_LOG_STOP_INTR	0x20000149	HAL::I2CIntr::I2CStates_t	
[250]	I2C_LOG_STOP_INTR	0x2000014A	HAL::I2CIntr::I2CStates_t	
[251]	I2C_LOG_STOP_INTR	0x2000014B	HAL::I2CIntr::I2CStates_t	
[252]	I2C_LOG_STOP_INTR	0x2000014C	HAL::I2CIntr::I2CStates_t	
[253]	I2C_LOG_STOP_INTR	0x2000014D	HAL::I2CIntr::I2CStates_t	
[254]	I2C_LOG_STOP_INTR	0x2000014E	HAL::I2CIntr::I2CStates_t	
[255]	I2C_LOG_STOP_INTR	0x2000014F	HAL::I2CIntr::I2CStates_t	
[256]	I2C_LOG_STOP_INTR	0x20000150	HAL::I2CIntr::I2CStates_t	
[257]	I2C_LOG_STOP_INTR	0x20000151	HAL::I2CIntr::I2CStates_t	
[258]	I2C_LOG_STOP_INTR	0x20000152	HAL::I2CIntr::I2CStates_t	
[259]	I2C_LOG_STOP_INTR	0x20000153	HAL::I2CIntr::I2CStates_t	
[260]	I2C_LOG_STOP_INTR	0x20000154	HAL::I2CIntr::I2CStates_t	
[261]	I2C_LOG_STOP_INTR	0x20000155	HAL::I2CIntr::I2CStates_t	
[262]	I2C_LOG_STOP_INTR	0x20000156	HAL::I2CIntr::I2CStates_t	
[263]	I2C_LOG_STOP_INTR	0x20000157	HAL::I2CIntr::I2CStates_t	
[264]	I2C_LOG_STOP_INTR	0x20000158	HAL::I2CIntr::I2CStates_t	
[265]	I2C_LOG_STOP_INTR	0x20000159	HAL::I2CIntr::I2CStates_t	
[266]	I2C_LOG_STOP_INTR	0x2000015A	HAL::I2CIntr::I2CStates_t	
[267]	I2C_LOG_STOP_INTR	0x2000015B	HAL::I2CIntr::I2CStates_t	
[268]	I2C_LOG_STOP_INTR	0x2000015C	HAL::I2CIntr::I2CStates_t	
[269]	I2C_LOG_STOP_INTR	0x2000015D	HAL::I2CIntr::I2CStates_t	
[270]	I2C_LOG_STOP_INTR	0x2000015E	HAL::I2CIntr::I2CStates_t	
[271]	I2C_LOG_STOP_INTR	0x2000015F	HAL::I2CIntr::I2CStates_t	
[272]	I2C_LOG_STOP_INTR	0x20000160	HAL::I2CIntr::I2CStates_t	
[273]	I2C_LOG_STOP_INTR	0x20000161	HAL::I2CIntr::I2CStates_t	
[274]	I2C_LOG_STOP_INTR	0x20000162	HAL::I2CIntr::I2CStates_t	
[275]	I2C_LOG_STOP_INTR	0x20000163	HAL::I2CIntr::I2CStates_t	
[276]	I2C_LOG_STOP_INTR	0x20000164	HAL::I2CIntr::I2CStates_t	
[277]	I2C_LOG_STOP_INTR	0x20000165	HAL::I2CIntr::I2CStates_t	
[278]	I2C_LOG_STOP_INTR	0x20000166	HAL::I2CIntr::I2CStates_t	
[279]	I2C_LOG_STOP_INTR	0x20000167	HAL::I2CIntr::I2CStates_t	
[280]	I2C_LOG_STOP_INTR	0x20000168	HAL::I2CIntr::I2CStates_t	
[281]	I2C_LOG_STOP_INTR	0x20000169	HAL::I2CIntr::I2CStates_t	
[282]	I2C_LOG_STOP_INTR	0x2000016A	HAL::I2CIntr::I2CStates_t	
[283]	I2C_LOG_STOP_INTR	0x2000016B	HAL::I2CIntr::I2CStates_t	
[284]	I2C_LOG_STOP_INTR	0x2000016C	HAL::I2CIntr::I2CStates_t	
[285]	I2C_LOG_STOP_INTR	0x2000016D	HAL::I2CIntr::I2CStates_t	
[286]	I2C_LOG_STOP_INTR	0x2000016E	HAL::I2CIntr::I2CStates_t	
[287]	I2C_LOG_STOP_INTR	0x2000016F	HAL::I2CIntr::I2CStates_t	
[288]	I2C_LOG_STOP_INTR	0x20000170	HAL::I2CIntr::I2CStates_t	
[289]	I2C_LOG_STOP_INTR	0x20000171	HAL::I2CIntr::I2CStates_t	
[290]	I2C_LOG_STOP_INTR	0x20000172	HAL::I2CIntr::I2CStates_t	
[291]	I2C_LOG_STOP_INTR	0x20000173	HAL::I2CIntr::I2CStates_t	
[292]	I2C_LOG_STOP_INTR	0x20000174	HAL::I2CIntr::I2CStates_t	
[293]	I2C_LOG_STOP_INTR	0x20000175	HAL::I2CIntr::I2CStates_t	
[294]	I2C_LOG_STOP_INTR	0x20000176	HAL::I2CIntr::I2CStates_t	
[295]	I2C_LOG_STOP_INTR	0x20000177	HAL::I2CIntr::I2CStates_t	
[296]	I2C_LOG_STOP_INTR	0x20000178	HAL::I2CIntr::I2CStates_t	
[297]	I2C_LOG_STOP_INTR	0x20000179	HAL::I2CIntr::I2CStates_t	
[298]	I2C_LOG_STOP_INTR	0x2000017A	HAL::I2CIntr::I2CStates_t	
[299]	I2C_LOG_STOP_INTR	0x2000017B	HAL::I2CIntr::I2CStates_t	
[300]	I2C_LOG_STOP_INTR	0x2000017C	HAL::I2CIntr::I2CStates_t	
[301]	I2C_LOG_STOP_INTR	0x2000017D	HAL::I2CIntr::I2CStates_t	
[302]	I2C_LOG_STOP_INTR	0x2000017E	HAL::I2CIntr::I2CStates_t	
[303]	I2C_LOG_STOP_INTR	0x2000017F	HAL::I2CIntr::I2CStates_t	
[304]	I2C_LOG_STOP_INTR	0x20000180	HAL::I2CIntr::I2CStates_t	
[305]	I2C_LOG_STOP_INTR	0x20000181	HAL::I2CIntr::I2CStates_t	
[306]	I2C_LOG_STOP_INTR	0x20000182	HAL::I2CIntr::I2CStates_t	
[307]	I2C_LOG_STOP_INTR	0x20000183	HAL::I2CIntr::I2CStates_t	
[308]	I2C_LOG_STOP_INTR	0x20000184	HAL::I2CIntr::I2CStates_t	
[309]	I2C_LOG_STOP_INTR	0x20000185	HAL::I2CIntr::I2CStates_t	
[310]	I2C_LOG_STOP_INTR	0x20000186	HAL::I2CIntr::I2CStates_t	
[311]	I2C_LOG_STOP_INTR	0x20000187	HAL::I2CIntr::I2CStates_t	
[312]	I2C_LOG_STOP_INTR	0x20000188	HAL::I2CIntr::I2CStates_t	
[313]	I2C_LOG_STOP_INTR	0x20000189	HAL::I2CIntr::I2CStates_t	
[314]	I2C_LOG_STOP_INTR	0x2000018A	HAL::I2CIntr::I2CStates_t	
[315]	I2C_LOG_STOP_INTR	0x2000018B	HAL::I2CIntr::I2CStates_t	
[316]	I2C_LOG_STOP_INTR	0x2000018C	HAL::I2CIntr::I2CStates_t	
[317]	I2C_LOG_STOP_INTR	0x2000018D	HAL::I2CIntr::I2CStates_t	
[318]	I2C_LOG_STOP_INTR	0x2000018E	HAL::I2CIntr::I2CStates_t	
[319]	I2C_LOG_STOP_INTR	0x2000018F	HAL::I2CIntr::I2CStates_t	
[320]	I2C_LOG_STOP_INTR	0x20000190	HAL::I2CIntr::I2CStates_t	
[321]	I2C_LOG_STOP_INTR	0x20000191	HAL::I2CIntr::I2CStates_t	
[322]	I2C_LOG_STOP_INTR	0x20000192	HAL::I2CIntr::I2CStates_t	
[323]	I2C_LOG_STOP_INTR	0x20000193	HAL::I2CIntr::I2CStates_t	
[324]	I2C_LOG_STOP_INTR	0x20000194	HAL::I2CIntr::I2CStates_t	
[325]	I2C_LOG_STOP_INTR	0x20000195	HAL::I2CIntr::I2CStates_t	
[326]	I2C_LOG_STOP_INTR	0x20000196	HAL::I2CIntr::I2CStates_t	
[327]	I2C_LOG_STOP_INTR	0x20000197	HAL::I2CIntr::I2CStates_t	
[328]	I2C_LOG_STOP_INTR	0x20000198	HAL::I2CIntr::I2CStates_t	
[329]	I2C_LOG_STOP_INTR	0x20000199	HAL::I2CIntr::I2CStates_t	
[330]	I2C_LOG_STOP_INTR	0x2000019A	HAL::I2CIntr::I2CStates_t	
[331]	I2C_LOG_STOP_INTR	0x2000019B	HAL::I2CIntr::I2CStates_t	
[332]	I2C_LOG_STOP_INTR	0x2000019C	HAL::I2CIntr::I2CStates_t	
[333]	I2C_LOG_STOP_INTR	0x2000019D	HAL::I2CIntr::I2CStates_t	
[334]	I2C_LOG_STOP_INTR	0x2000019E	HAL::I2CIntr::I2CStates_t	
[335]	I2C_LOG_STOP_INTR	0x2000019F	HAL::I2CIntr::I2CStates_t	
[336]	I2C_LOG_STOP_INTR	0x200001A0	HAL::I2CIntr::I2CStates_t	
[337]	I2C_LOG_STOP_INTR	0x200001A1	HAL::I2CIntr::I2CStates_t	
[338]	I2C_LOG_STOP_INTR	0x200001A2	HAL::I2CIntr::I2CStates_t	
[339]	I2C_LOG_STOP_INTR	0x200001A3	HAL::I2CIntr::I2CStates_t	
[340]	I2C_LOG_STOP_INTR	0x200001A4	HAL::I2CIntr::I2CStates_t	
[341]	I2C_LOG_STOP_INTR	0x200001A5	HAL::I2CIntr::I2CStates_t	
[342]	I2C_LOG_STOP_INTR	0x200001A6	HAL::I2CIntr::I2CStates_t	
[343]	I2C_LOG_STOP_INTR	0x200001A7	HAL::I2CIntr::I2CStates_t	
[344]	I2C_LOG_STOP_INTR	0x200001A8	HAL::I2CIntr::I2CStates_t	
[345]	I2C_LOG_STOP_INTR	0x200001A9	HAL::I2CIntr::I2CStates_t	
[346]	I2C_LOG_STOP_INTR	0x200001AA	HAL::I2CIntr::I2CStates_t	
[347]	I2C_LOG_STOP_INTR	0x200001AB	HAL::I2CIntr::I2CStates_t	
[348]	I2C_LOG_STOP_INTR	0x200001AC	HAL::I2CIntr::I2CStates_t	
[349]	I2C_LOG_STOP_INTR	0x200001AD	HAL::I2CIntr::I2CStates_t	
[350]	I2C_LOG_STOP_INTR	0x200001AE	HAL::I2CIntr::I2CStates_t	
[351]	I2C_LOG_STOP_INTR	0x200001AF	HAL::I2CIntr::I2CStates_t	
[352]	I2C_LOG_STOP_INTR	0x200001B0	HAL::I2CIntr::I2CStates_t	
[353]	I2C_LOG_STOP_INTR	0x200001B1	HAL::I2CIntr::I2CStates_t	
[354]	I2C_LOG_STOP_INTR	0x200001B2	HAL::I2CIntr::I2CStates_t	
[355]	I2C_LOG_STOP_INTR	0x200001B3	HAL::I2CIntr::I2CStates_t	
[356]	I2C_LOG_STOP_INTR	0x200001B4	HAL::I2CIntr::I2CStates_t	
[357]	I2C_LOG_STOP_INTR	0x200001B5	HAL::I2CIntr::I2CStates_t	
[358]	I2C_LOG_STOP_INTR	0x200001B6	HAL::I2CIntr::I2CStates_t	
[359]	I2C_LOG_STOP_INTR	0x200001B7	HAL::I2CIntr::I2CStates_t	
[360]	I2C_LOG_STOP_INTR	0x200001B8	HAL::I2CIntr::I2CStates_t	
[361]	I2C_LOG_STOP_INTR	0x200001B9	HAL::I2CIntr::I2CStates_t	
[362]	I2C_LOG_STOP_INTR	0x200001BA	HAL::I2CIntr::I2CStates_t	
[363]	I2C_LOG_STOP_INTR	0x200001BB	HAL::I2CIntr::I2CStates_t	
[364]	I2C_LOG_STOP_INTR	0x200001BC	HAL::I2CIntr::I2CStates_t	
[365]	I2C_LOG_STOP_INTR	0x200001BD	HAL::I2CIntr::I2CStates_t	
[366]	I2C_LOG_STOP_INTR	0x200001BE	HAL::I2CIntr::I2CStates_t	
[367]	I2C_LOG_STOP_INTR	0x200001BF	HAL::I2CIntr::I2CStates_t	
[368]	I2C_LOG_STOP_INTR	0x200001C0	HAL::I2CIntr::I2CStates_t	
[369]	I2C_LOG_STOP_INTR	0x200001C1	HAL::I2CIntr::I2CStates_t	
[370]	I2C_LOG_STOP_INTR	0x200001C2	HAL::I2CIntr::I2CStates_t	
[371]	I2C_LOG_STOP_INTR	0x200001C3	HAL::I2CIntr::I2CStates_t	
[372]	I2C_LOG_STOP_INTR	0x200001C4	HAL::I2CIntr::I2CStates_t	
[373]	I2C_LOG_STOP_INTR	0x200001C5	HAL::I2CIntr::I2CStates_t	
[374]	I2C_LOG_STOP_INTR	0x200001C6	HAL::I2CIntr::I2CStates_t	
[375]	I2C_LOG_STOP_INTR	0x200001C7	HAL::I2CIntr::I2CStates_t	
[376]	I2C_LOG_STOP_INTR	0x200001C8	HAL::I2CIntr::I2CStates_t	
[377]	I2C_LOG_STOP_INTR	0x200001C9	HAL::I2CIntr::I2CStates_t	
[378]	I2C_LOG_STOP_INTR	0x200001CA	HAL::I2CIntr::I2CStates_t	
[379]	I2C_LOG_STOP_INTR	0x200001CB	HAL::I2CIntr::I2CStates_t	
[380]	I2C_LOG_STOP_INTR	0x200001CC	HAL::I2CIntr::I2CStates_t	
[381]	I2C_LOG_STOP_INTR	0x200001CD	HAL::I2CIntr::I2CStates_t	
[382]	I2C_LOG_STOP_INTR	0x200001CE	HAL::I2CIntr::I2CStates_t	
[383]	I2C_LOG_STOP_INTR	0x200001CF	HAL::I2CIntr::I2CStates_t	
[384]	I2C_LOG_STOP_INTR	0x200001D0	HAL::I2CIntr::I2CStates_t	
[385]	I2C_LOG_STOP_INTR	0x200001D1	HAL::I2CIntr::I2CStates_t	
[386]	I2C_LOG_STOP_INTR	0x200001D2	HAL::I2CIntr::I2CStates_t	
[387]	I2C_LOG_STOP_INTR	0x200001D3	HAL::I2CIntr::I2CStates_t	
[388]	I2C_LOG_STOP_INTR	0x200001D4	HAL::I2CIntr::I2CStates_t	
[389]	I2C_LOG_STOP_INTR	0x200001D5	HAL::I2CIntr::I2CStates_t	
[390]	I2C_LOG_STOP_INTR	0x200001D6	HAL::I2CIntr::I2CStates_t	
[391]	I2C_LOG_STOP_INTR	0x200001D7	HAL::I2CIntr::I2CStates_t	
[392]	I2C_LOG_STOP_INTR	0x200001D8	HAL::I2CIntr::I2CStates_t	
[393]	I2C_LOG_STOP_INTR	0x200001D9	HAL::I2CIntr::I2CStates_t	
[394]	I2C_LOG_STOP_INTR	0x200001DA	HAL::I2CIntr::I2CStates_t	
[395]	I2C_LOG_STOP_INTR	0x200001DB	HAL::I2CIntr::I2CStates_t	
[396]	I2C_LOG_STOP_INTR	0x200001DC	HAL::I2CIntr::I2CStates_t	
[397]	I2C_LOG_STOP_INTR	0x200001DD	HAL::I2CIntr::I2CStates_t	
[398]	I2C_LOG_STOP_INTR	0x200001DE	HAL::I2CIntr::I2CStates_t	
[399]	I2C_LOG_STOP_INTR	0x200001DF	HAL::I2CIntr::I2CStates_t	
[400]	I2C_LOG_STOP_INTR	0x200001E0	HAL::I2CIntr::I2CStates_t	
[401]	I2C_LOG_STOP_INTR	0x200001E1	HAL::I2CIntr::I2CStates_t	
[402]	I2C_LOG_STOP_INTR	0x200001E2	HAL::I2CIntr::I2CStates_t	
[403]	I2C_LOG_STOP_INTR	0x200001E3	HAL::I2CIntr::I2CStates_t	
[404]	I2C_LOG_STOP_INTR	0x200001E4	HAL::I2CIntr::I2CStates_t	
[405]	I2C_LOG_STOP_INTR	0x200001E5	HAL::I2CIntr::I2CStates_t	
[406]	I2C_LOG_STOP_INTR	0x200001E6	HAL::I2CIntr::I2CStates_t	
[407]	I2C_LOG_STOP_INTR	0x200001E7	HAL::I2CIntr::I2CStates_t	
[408]	I2C_LOG_STOP_INTR	0x200001E8	HAL::I2CIntr::I2CStates_t	
[409]	I2C_LOG_STOP_INTR	0x200001E9	HAL::I2CIntr::I2CStates_t	
[410]	I2C_LOG_STOP_INTR	0x200001EA	HAL::I2CIntr::I2CStates_t	
[411]	I2C_LOG_STOP_INTR	0x200001EB	HAL::I2CIntr::I2CStates_t	
[412]	I2C_LOG_STOP_INTR	0x200001EC	HAL::I2CIntr::I2CStates_t	
[413]	I2C_LOG_STOP_INTR	0x200001ED	HAL::I2CIntr::I2CStates_t	
[414]	I2C_LOG_STOP_INTR	0x200001EE	HAL::I2CIntr::I2CStates_t	
[415]	I2C_LOG_STOP_INTR	0x200001EF	HAL::I2CIntr::I2CStates_t	
[416]	I2C_LOG_STOP_INTR	0x200001F0	HAL::I2CIntr::I2CStates_t	
[417]	I2C_LOG_STOP_INTR	0x200001F1	HAL::I2CIntr::I2CStates_t	
[418]	I2C_LOG_STOP_INTR	0x200001F2	HAL::I2CIntr::I2CStates_t	
[419]	I2C_LOG_STOP_INTR	0x200001F3	HAL::I2CIntr::I2CStates_t	
[420]	I2C_LOG_STOP_INTR	0x200001F4	HAL::I2CIntr::I2CStates_t	
[421]	I2C_LOG_STOP_INTR	0x200001F5	HAL::I2CIntr::I2CStates_t	
[422]	I2C_LOG_STOP_INTR	0x200001F6	HAL::I2CIntr::I2CStates_t	
[423]	I2C_LOG_STOP_INTR	0x200001F7	HAL::I2CIntr::I2CStates_t	
[424]	I2C_LOG_STOP_INTR	0x200001F8	HAL::I2CIntr::I2CStates_t	
[425]	I2C_LOG_STOP_INTR	0x200001F9	HAL::I2CIntr::I2CStates_t	
[426]	I2C_LOG_STOP_INTR	0x200001FA	HAL::I2CIntr::I2CStates_t	
[427]	I2C_LOG_STOP_INTR	0x200001FB	HAL::I2CIntr::I2CStates_t	
[428]	I2C_LOG_STOP_INTR	0x200001FC	HAL::I2CIntr::I2CStates_t	
[429]	I2C_LOG_STOP_INTR	0x200001FD	HAL::I2CIntr::I2CStates_t	
[430]	I2C_LOG_STOP_INTR	0x200001FE	HAL::I2CIntr::I2CStates_t	
[431]	I2C_LOG_STOP_INTR	0x200001FF	HAL::I2CIntr::I2CStates_t	
[432]	I2C_LOG_STOP_INTR	0x20000200	HAL::I2CIntr::I2CStates_t	
[433]	I2C_LOG_STOP_INTR	0x20000201	HAL::I2CIntr::I2CStates_t	
[434]	I2C_LOG_STOP_INTR	0x20000202	HAL::I2CIntr::I2CStates_t	
[435]	I2C_LOG_STOP_INTR	0x20000203	HAL::I2CIntr::I2CStates_t	
[436]	I2C_LOG_STOP_INTR	0x20000204	HAL::I2CIntr::I2CStates_t	
[437]	I2C_LOG_STOP_INTR	0x20000205	HAL::I2CIntr::I2CStates_t	
[438]	I2C_LOG_STOP_INTR	0x20000206	HAL::I2CIntr::I2CStates_t	
[439]	I2C_LOG_STOP_INTR	0x20000207	HAL::I2CIntr::I2CStates_t	
[440]	I2C_LOG_STOP_INTR	0x20000208	HAL::I2CIntr::I2CStates_t	
[441]	I2C_LOG_STOP_INTR	0x20000209	HAL::I2CIntr::I2CStates_t	
[442]	I2C_LOG_STOP_INTR	0x2000020A	HAL::I2CIntr::I2CStates_t	
[443]	I2C_LOG_STOP_INTR	0x2000020B	HAL::I2CIntr::I2CStates_t	
[444]	I2C_LOG_STOP_INTR	0x2000020C	HAL::I2CIntr::I2CStates_t	
[445]	I2C_LOG_STOP_INTR	0x2000020D	HAL::I2CIntr::I2CStates_t	
[446]	I2C_LOG_STOP_INTR	0x2000020E	HAL::I2CIntr::I2CStates_t	
[447]	I2C_LOG_STOP_INTR	0x2000020F	HAL::I2CIntr::I2CStates_t	
[448]	I2C_LOG_STOP_INTR	0x20000210	HAL::I2CIntr::I2CStates_t	
[449]	I2C_LOG_STOP_INTR	0x20000211	HAL::I2CIntr::I2CStates_t	
[450]	I2C_LOG_STOP_INTR	0x20000212	HAL::I2CIntr::I2CStates_t	
[451]	I2C_LOG_STOP_INTR	0x20000213	HAL::I2CIntr::I2CStates_t	
[452]	I2C_LOG_STOP_INTR	0x20000214	HAL::I2CIntr::I2CStates_t	
[453]	I2C_LOG_STOP_INTR	0x20000215	HAL::I2CIntr::I2CStates_t	
[454]	I2C_LOG_STOP_INTR	0x20000216	HAL::I2CIntr::I2CStates_t	
[455]	I2C_LOG_STOP_INTR	0x20000217	HAL::I2CIntr::I2CStates_t	
[456]	I2C_LOG_STOP_INTR	0x20000218	HAL::I2CIntr::I2CStates_t	
[457]	I2C_LOG_STOP_INTR	0x20000219	HAL::I2CIntr::I2CStates_t	
[458]	I2C_LOG_STOP_INTR	0x2000021A	HAL::I2CIntr::I2CStates_t	
[459]	I2C_LOG_STOP_INTR	0x2000021B	HAL::I2CIntr::I2CStates_t	
[460]	I2C_LOG_STOP_INTR	0x2000021C	HAL::I2CIntr::I2CStates_t	
[461]	I2C_LOG_STOP_INTR	0x2000021D	HAL::I2CIntr::I2CStates_t	
[462]	I2C_LOG_STOP_INTR	0x2000021E	HAL::I2CIntr::I2CStates_t	
[463]	I2C_LOG_STOP_INTR	0x2000021F	HAL::I2CIntr::I2CStates_t	
[464]	I2C_LOG_STOP_INTR	0x20000220	HAL::I2CIntr::I2CStates_t	
[465]	I2C_LOG_STOP_INTR	0x20000221	HAL::I2CIntr::I2CStates_t	
[466]	I2C_LOG_STOP_INTR	0x20000222	HAL::I2CIntr::I2CStates_t	
[467]	I2C_LOG_STOP_INTR	0x20000223	HAL::I2CIntr::I2CStates_t	
[468]	I2C_LOG_STOP_INTR	0x20000224	HAL::I2CIntr::I2CStates_t	
[469]	I2C_LOG_STOP_INTR	0x20000225	HAL::I2CIntr::I2CStates_t	
[470]	I2C_LOG_STOP_INTR	0x20000226	HAL::I2CIntr::I2CStates_t	
[471]	I2C_LOG_STOP_INTR	0x20000227	HAL::I2CIntr::I2CStates_t	
[472]	I2C_LOG_STOP_INTR	0x20000228	HAL::I2CIntr::I2CStates_t	
[473]	I2C_LOG_STOP_INTR	0x20000229	HAL::I2CIntr::I2CStates_t	
[474]	I2C_LOG_STOP_INTR	0x2000022A	HAL::I2CIntr::I2CStates_t	
[475]	I2C_LOG_STOP_INTR	0x2000022B	HAL::I2CIntr::I2CStates_t	
[476]	I2C_LOG_STOP_INTR	0x2000022C	HAL::I2CIntr::I2CStates_t	
[477]	I2C_LOG_STOP_INTR	0x2000022D	HAL::I2CIntr::I2CStates_t	
[478]	I2C_LOG_STOP_INTR	0x2000022E	HAL::I2CIntr::I2CStates_t	
[479]	I2C_LOG_STOP_INTR	0x2000022F	HAL::I2CIntr::I2CStates_t	
[480]	I2C_LOG_STOP_INTR	0x20000230	HAL::I2CIntr::I2CStates_t	
[481]	I2C_LOG_STOP_INTR	0x20000231	HAL::I2CIntr::I2CStates_t	
[482]	I2C_LOG_STOP_INTR	0x20000232	HAL::I2CIntr::I2CStates_t	
[483]	I2C_LOG_STOP_INTR	0x20000233	HAL::I2CIntr::I2CStates_t	
[484]	I2C_LOG_STOP_INTR	0x20000234	HAL::I2CIntr::I2CStates_t	
[485]	I2C_LOG_STOP_INTR	0x20000235	HAL::I2CIntr::I2CStates_t	
[486]	I2C_LOG_STOP_INTR	0x20000236	HAL::I2CIntr::I2CStates_t	
[487]	I2C_LOG_STOP_INTR	0x20000237	HAL::I2CIntr::I2CStates_t	
[488]	I2C_LOG_STOP_INTR	0x20000238	HAL::I2CIntr::I2CStates_t	
[489]	I2C_LOG_STOP_INTR	0x20000239	HAL::I2CIntr::I2CStates_t	
[490]	I2C_LOG_STOP_INTR	0x2000023A	HAL::I2CIntr::I2CStates_t	
[491]	I2C_LOG_STOP_INTR	0x2000023B	HAL::I2CIntr::I2CStates_t	
[492]	I2C_LOG_STOP_INTR	0x2000023C	HAL::I2CIntr::I2CStates_t	
[493]	I2C_LOG_STOP_INTR	0x2000023D	HAL::I2CIntr::I2CStates_t	
[494]	I2C_LOG_STOP_INTR	0x2000023E	HAL::I2CIntr::I2CStates_t	
[495]	I2C_LOG_STOP_INTR	0x2000023F	HAL::I2CIntr::I2CStates_t	
[496]	I2C_LOG_STOP_INTR	0x20000240	HAL::I2CIntr::I2CStates_t	
[497]	I2C_LOG_STOP_INTR	0x20000241	HAL::I2CIntr::I2CStates_t	
[498]	I2C_LOG_STOP_INTR	0x20000242	HAL::I2CIntr::I2CStates_t	
[499]	I2C_LOG_STOP_INTR	0x20000243	HAL::I2CIntr::I2CStates_t	
I2CStates_Idx	249	0x20000244	uint32_t	
Power	Error (col 1): Unknown or ambiguous symbol. Power			
buf	Error (col 1): Unknown or ambiguous symbol. buf			
Intr_TxRx	<array>".<."	0x20000478	uint8_t[20]	
