Expression	Value	Location	Type	
Highs	Error (col 1): Unknown or ambiguous symbol. Highs			
Lows	Error (col 1): Unknown or ambiguous symbol. Lows			
Highs_A1	Error (col 1): Unknown or ambiguous symbol. Highs_A1			
LowsA1	Error (col 1): Unknown or ambiguous symbol. LowsA1			
CW	0	0x2000105C	uint32_t	
CCW	0	0x20001060	uint32_t	
High	Error: Operation error. 			
RotaryState	Error (col 1): Unknown or ambiguous symbol. RotaryState			
Rising	<class>	0x20001054	class RisingCallback	
Falling	<class>	0x20001058	class FallingCallback	
RE_CW	Error (col 1): Unknown or ambiguous symbol. RE_CW			
RE_CCW	Error (col 1): Unknown or ambiguous symbol. RE_CCW			
RE_SW	Error (col 1): Unknown or ambiguous symbol. RE_SW			
Key0Rise	0	0x2000107C	uint32_t	
Key0Fall	0	0x20001080	uint32_t	
Key1Rise	0	0x20001084	uint32_t	
Key1Fall	0	0x20001088	uint32_t	
Key2Rise	0	0x2000108C	uint32_t	
Key2Fall	0	0x20001090	uint32_t	
Key3Rise	0	0x20001094	uint32_t	
Key3Fall	0	0x20001098	uint32_t	
FastIO	Error (col 1): Unknown or ambiguous symbol. FastIO			
I2CDevicesAvailable	Error (col 1): Unknown or ambiguous symbol. I2CDevicesAvailable			
I2CDevIntr	<class>	0x2000000C	class HAL::I2CIntr	
Voltage	Error (col 1): Unknown or ambiguous symbol. Voltage			
Current	Error (col 1): Unknown or ambiguous symbol. Current			
CallbackVoltage	0.0	0x200010BC	float	
CallbackCurrent	0.0	0x200010C0	float	
Q_Sucess	Error (col 1): Unknown or ambiguous symbol. Q_Sucess			
Q_Fail	Error (col 1): Unknown or ambiguous symbol. Q_Fail			
BME280_I2CDevIntr	<class>	0x20000704	class HAL::I2CIntr	
	<class>	0x20000704	class HAL::InterruptSource	
_sclPin	<class>	0x20000708	class HAL::GpioOutput	
_sdaPin	<class>	0x20000710	class HAL::GpioOutput	
_hz	100000	0x20000718	uint32_t	
_I2Cx	0x40005400	0x2000071C	I2C_TypeDef *	
_I2CState	READY	0x20000720	HAL::I2CIntr::I2CState_t	
_I2CStatus	I2C_OK	0x20000721	HAL::I2CIntr::I2CStatus_t	
_Transaction	<struct>	0x20000724	HAL::I2CIntr::Transaction_t	
_TxQueueEmptyCallback	0x00000000	0x2000073C	class HAL::Callback *	
_RxQueueFullCallback	0x00000000	0x20000740	class HAL::Callback *	
_SlaveTxDoneCallback	0x00000000	0x20000744	class HAL::Callback *	
_SlaveRxDoneCallback	0x00000000	0x20000748	class HAL::Callback *	
_I2CTxnQueue	<class>	0x2000074C	HAL::I2CIntr::I2CTxnQueue_t	
_pCurrentTxn	0x00000000	0x20000780	HAL::I2CIntr::Transaction_t *	
I2CStates	<array>". \v7..!\a.7. \v7.. \v7.. \v7..!\n...7. \v7..!\n...7. \v7..!\n...7. \v7..."	0x20000784	HAL::I2CIntr::I2CLogs_t[1500]	
[0]	I2C_LOG_START_MASTER_TX	0x20000784	HAL::I2CIntr::I2CLogs_t	
[1]	I2C_LOG_SB_MASTER_TX	0x20000785	HAL::I2CIntr::I2CLogs_t	
[2]	I2C_LOG_ADDR_INTR_MASTER_TX_SIZE_GT_0	0x20000786	HAL::I2CIntr::I2CLogs_t	
[3]	I2C_LOG_TXN_QUEUE_EMPTY	0x20000787	HAL::I2CIntr::I2CLogs_t	
[4]	I2C_LOG_TXE_DONE	0x20000788	HAL::I2CIntr::I2CLogs_t	
[5]	I2C_LOG_START_MASTER_RX	0x20000789	HAL::I2CIntr::I2CLogs_t	
[6]	I2C_LOG_SB_MASTER_RX	0x2000078A	HAL::I2CIntr::I2CLogs_t	
[7]	I2C_LOG_ADDR_INTR_MASTER_RX_SIZE_1	0x2000078B	HAL::I2CIntr::I2CLogs_t	
[8]	I2C_LOG_RXNE_MASTER_SIZE_1	0x2000078C	HAL::I2CIntr::I2CLogs_t	
[9]	I2C_LOG_TXN_QUEUE_EMPTY	0x2000078D	HAL::I2CIntr::I2CLogs_t	
[10]	I2C_LOG_START_MASTER_TX	0x2000078E	HAL::I2CIntr::I2CLogs_t	
[11]	I2C_LOG_SB_MASTER_TX	0x2000078F	HAL::I2CIntr::I2CLogs_t	
[12]	I2C_LOG_ADDR_INTR_MASTER_TX_SIZE_GT_0	0x20000790	HAL::I2CIntr::I2CLogs_t	
[13]	I2C_LOG_TXN_QUEUE_EMPTY	0x20000791	HAL::I2CIntr::I2CLogs_t	
[14]	I2C_LOG_TXE_DONE	0x20000792	HAL::I2CIntr::I2CLogs_t	
[15]	I2C_LOG_START_MASTER_TX	0x20000793	HAL::I2CIntr::I2CLogs_t	
[16]	I2C_LOG_SB_MASTER_TX	0x20000794	HAL::I2CIntr::I2CLogs_t	
[17]	I2C_LOG_ADDR_INTR_MASTER_TX_SIZE_GT_0	0x20000795	HAL::I2CIntr::I2CLogs_t	
[18]	I2C_LOG_TXN_QUEUE_EMPTY	0x20000796	HAL::I2CIntr::I2CLogs_t	
[19]	I2C_LOG_TXE_DONE	0x20000797	HAL::I2CIntr::I2CLogs_t	
[20]	I2C_LOG_START_MASTER_TX	0x20000798	HAL::I2CIntr::I2CLogs_t	
[21]	I2C_LOG_SB_MASTER_TX	0x20000799	HAL::I2CIntr::I2CLogs_t	
[22]	I2C_LOG_ADDR_INTR_MASTER_TX_SIZE_GT_0	0x2000079A	HAL::I2CIntr::I2CLogs_t	
[23]	I2C_LOG_TXN_QUEUE_EMPTY	0x2000079B	HAL::I2CIntr::I2CLogs_t	
[24]	I2C_LOG_TXE_DONE	0x2000079C	HAL::I2CIntr::I2CLogs_t	
[25]	I2C_LOG_START_MASTER_RX	0x2000079D	HAL::I2CIntr::I2CLogs_t	
[26]	I2C_LOG_SB_MASTER_RX	0x2000079E	HAL::I2CIntr::I2CLogs_t	
[27]	I2C_LOG_ADDR_INTR_MASTER_RX_SIZE_OTHER	0x2000079F	HAL::I2CIntr::I2CLogs_t	
[28]	I2C_LOG_RXNE_MASTER	0x200007A0	HAL::I2CIntr::I2CLogs_t	
[29]	I2C_LOG_RXNE_MASTER_SIZE_2	0x200007A1	HAL::I2CIntr::I2CLogs_t	
[30]	I2C_LOG_RXNE_MASTER_SIZE_1	0x200007A2	HAL::I2CIntr::I2CLogs_t	
[31]	I2C_LOG_TXN_QUEUE_EMPTY	0x200007A3	HAL::I2CIntr::I2CLogs_t	
[32]	I2C_LOG_START_MASTER_TX	0x200007A4	HAL::I2CIntr::I2CLogs_t	
[33]	I2C_LOG_SB_MASTER_TX	0x200007A5	HAL::I2CIntr::I2CLogs_t	
[34]	I2C_LOG_ADDR_INTR_MASTER_TX_SIZE_GT_0	0x200007A6	HAL::I2CIntr::I2CLogs_t	
[35]	I2C_LOG_TXN_QUEUE_EMPTY	0x200007A7	HAL::I2CIntr::I2CLogs_t	
[36]	I2C_LOG_TXE_DONE	0x200007A8	HAL::I2CIntr::I2CLogs_t	
[37]	I2C_LOG_START_MASTER_RX	0x200007A9	HAL::I2CIntr::I2CLogs_t	
[38]	I2C_LOG_SB_MASTER_RX	0x200007AA	HAL::I2CIntr::I2CLogs_t	
[39]	I2C_LOG_ADDR_INTR_MASTER_RX_SIZE_OTHER	0x200007AB	HAL::I2CIntr::I2CLogs_t	
[40]	I2C_LOG_RXNE_MASTER	0x200007AC	HAL::I2CIntr::I2CLogs_t	
[41]	I2C_LOG_RXNE_MASTER_SIZE_2	0x200007AD	HAL::I2CIntr::I2CLogs_t	
[42]	I2C_LOG_RXNE_MASTER_SIZE_1	0x200007AE	HAL::I2CIntr::I2CLogs_t	
[43]	I2C_LOG_TXN_QUEUE_EMPTY	0x200007AF	HAL::I2CIntr::I2CLogs_t	
[44]	I2C_LOG_START_MASTER_TX	0x200007B0	HAL::I2CIntr::I2CLogs_t	
[45]	I2C_LOG_SB_MASTER_TX	0x200007B1	HAL::I2CIntr::I2CLogs_t	
[46]	I2C_LOG_ADDR_INTR_MASTER_TX_SIZE_GT_0	0x200007B2	HAL::I2CIntr::I2CLogs_t	
[47]	I2C_LOG_TXN_QUEUE_EMPTY	0x200007B3	HAL::I2CIntr::I2CLogs_t	
[48]	I2C_LOG_TXE_DONE	0x200007B4	HAL::I2CIntr::I2CLogs_t	
[49]	I2C_LOG_START_MASTER_RX	0x200007B5	HAL::I2CIntr::I2CLogs_t	
[50]	I2C_LOG_SB_MASTER_RX	0x200007B6	HAL::I2CIntr::I2CLogs_t	
[51]	I2C_LOG_ADDR_INTR_MASTER_RX_SIZE_OTHER	0x200007B7	HAL::I2CIntr::I2CLogs_t	
[52]	I2C_LOG_RXNE_MASTER	0x200007B8	HAL::I2CIntr::I2CLogs_t	
[53]	I2C_LOG_RXNE_MASTER_SIZE_2	0x200007B9	HAL::I2CIntr::I2CLogs_t	
[54]	I2C_LOG_RXNE_MASTER_SIZE_1	0x200007BA	HAL::I2CIntr::I2CLogs_t	
[55]	I2C_LOG_TXN_QUEUE_EMPTY	0x200007BB	HAL::I2CIntr::I2CLogs_t	
[56]	I2C_LOG_START_MASTER_TX	0x200007BC	HAL::I2CIntr::I2CLogs_t	
[57]	I2C_LOG_SB_MASTER_TX	0x200007BD	HAL::I2CIntr::I2CLogs_t	
[58]	I2C_LOG_ADDR_INTR_MASTER_TX_SIZE_GT_0	0x200007BE	HAL::I2CIntr::I2CLogs_t	
[59]	I2C_LOG_TXN_QUEUE_EMPTY	0x200007BF	HAL::I2CIntr::I2CLogs_t	
[60]	I2C_LOG_TXE_DONE	0x200007C0	HAL::I2CIntr::I2CLogs_t	
[61]	I2C_LOG_START_MASTER_RX	0x200007C1	HAL::I2CIntr::I2CLogs_t	
[62]	I2C_LOG_SB_MASTER_RX	0x200007C2	HAL::I2CIntr::I2CLogs_t	
[63]	I2C_LOG_ADDR_INTR_MASTER_RX_SIZE_OTHER	0x200007C3	HAL::I2CIntr::I2CLogs_t	
[64]	I2C_LOG_RXNE_MASTER	0x200007C4	HAL::I2CIntr::I2CLogs_t	
[65]	I2C_LOG_RXNE_MASTER_SIZE_2	0x200007C5	HAL::I2CIntr::I2CLogs_t	
[66]	I2C_LOG_RXNE_MASTER_SIZE_1	0x200007C6	HAL::I2CIntr::I2CLogs_t	
[67]	I2C_LOG_TXN_QUEUE_EMPTY	0x200007C7	HAL::I2CIntr::I2CLogs_t	
[68]	I2C_LOG_START_MASTER_TX	0x200007C8	HAL::I2CIntr::I2CLogs_t	
[69]	I2C_LOG_SB_MASTER_TX	0x200007C9	HAL::I2CIntr::I2CLogs_t	
[70]	I2C_LOG_ADDR_INTR_MASTER_TX_SIZE_GT_0	0x200007CA	HAL::I2CIntr::I2CLogs_t	
[71]	I2C_LOG_TXN_QUEUE_EMPTY	0x200007CB	HAL::I2CIntr::I2CLogs_t	
[72]	I2C_LOG_TXE_DONE	0x200007CC	HAL::I2CIntr::I2CLogs_t	
[73]	I2C_LOG_START_MASTER_RX	0x200007CD	HAL::I2CIntr::I2CLogs_t	
[74]	I2C_LOG_SB_MASTER_RX	0x200007CE	HAL::I2CIntr::I2CLogs_t	
[75]	I2C_LOG_ADDR_INTR_MASTER_RX_SIZE_OTHER	0x200007CF	HAL::I2CIntr::I2CLogs_t	
[76]	I2C_LOG_RXNE_MASTER	0x200007D0	HAL::I2CIntr::I2CLogs_t	
[77]	I2C_LOG_RXNE_MASTER_SIZE_2	0x200007D1	HAL::I2CIntr::I2CLogs_t	
[78]	I2C_LOG_RXNE_MASTER_SIZE_1	0x200007D2	HAL::I2CIntr::I2CLogs_t	
[79]	I2C_LOG_TXN_QUEUE_EMPTY	0x200007D3	HAL::I2CIntr::I2CLogs_t	
[80]	I2C_LOG_START_MASTER_TX	0x200007D4	HAL::I2CIntr::I2CLogs_t	
[81]	I2C_LOG_SB_MASTER_TX	0x200007D5	HAL::I2CIntr::I2CLogs_t	
[82]	I2C_LOG_ADDR_INTR_MASTER_TX_SIZE_GT_0	0x200007D6	HAL::I2CIntr::I2CLogs_t	
[83]	I2C_LOG_TXN_QUEUE_EMPTY	0x200007D7	HAL::I2CIntr::I2CLogs_t	
[84]	I2C_LOG_TXE_DONE	0x200007D8	HAL::I2CIntr::I2CLogs_t	
[85]	I2C_LOG_START_MASTER_RX	0x200007D9	HAL::I2CIntr::I2CLogs_t	
[86]	I2C_LOG_SB_MASTER_RX	0x200007DA	HAL::I2CIntr::I2CLogs_t	
[87]	I2C_LOG_ADDR_INTR_MASTER_RX_SIZE_OTHER	0x200007DB	HAL::I2CIntr::I2CLogs_t	
[88]	I2C_LOG_RXNE_MASTER	0x200007DC	HAL::I2CIntr::I2CLogs_t	
[89]	I2C_LOG_RXNE_MASTER_SIZE_2	0x200007DD	HAL::I2CIntr::I2CLogs_t	
[90]	I2C_LOG_RXNE_MASTER_SIZE_1	0x200007DE	HAL::I2CIntr::I2CLogs_t	
[91]	I2C_LOG_TXN_QUEUE_EMPTY	0x200007DF	HAL::I2CIntr::I2CLogs_t	
[92]	I2C_LOG_START_MASTER_TX	0x200007E0	HAL::I2CIntr::I2CLogs_t	
[93]	I2C_LOG_SB_MASTER_TX	0x200007E1	HAL::I2CIntr::I2CLogs_t	
[94]	I2C_LOG_ADDR_INTR_MASTER_TX_SIZE_GT_0	0x200007E2	HAL::I2CIntr::I2CLogs_t	
[95]	I2C_LOG_TXN_QUEUE_EMPTY	0x200007E3	HAL::I2CIntr::I2CLogs_t	
[96]	I2C_LOG_TXE_DONE	0x200007E4	HAL::I2CIntr::I2CLogs_t	
[97]	I2C_LOG_START_MASTER_RX	0x200007E5	HAL::I2CIntr::I2CLogs_t	
[98]	I2C_LOG_SB_MASTER_RX	0x200007E6	HAL::I2CIntr::I2CLogs_t	
[99]	I2C_LOG_ADDR_INTR_MASTER_RX_SIZE_OTHER	0x200007E7	HAL::I2CIntr::I2CLogs_t	
[100]	I2C_LOG_RXNE_MASTER	0x200007E8	HAL::I2CIntr::I2CLogs_t	
[101]	I2C_LOG_RXNE_MASTER_SIZE_2	0x200007E9	HAL::I2CIntr::I2CLogs_t	
[102]	I2C_LOG_RXNE_MASTER_SIZE_1	0x200007EA	HAL::I2CIntr::I2CLogs_t	
[103]	I2C_LOG_TXN_QUEUE_EMPTY	0x200007EB	HAL::I2CIntr::I2CLogs_t	
[104]	I2C_LOG_START_MASTER_TX	0x200007EC	HAL::I2CIntr::I2CLogs_t	
[105]	I2C_LOG_SB_MASTER_TX	0x200007ED	HAL::I2CIntr::I2CLogs_t	
[106]	I2C_LOG_ADDR_INTR_MASTER_TX_SIZE_GT_0	0x200007EE	HAL::I2CIntr::I2CLogs_t	
[107]	I2C_LOG_TXN_QUEUE_EMPTY	0x200007EF	HAL::I2CIntr::I2CLogs_t	
[108]	I2C_LOG_TXE_DONE	0x200007F0	HAL::I2CIntr::I2CLogs_t	
[109]	I2C_LOG_START_MASTER_RX	0x200007F1	HAL::I2CIntr::I2CLogs_t	
[110]	I2C_LOG_SB_MASTER_RX	0x200007F2	HAL::I2CIntr::I2CLogs_t	
[111]	I2C_LOG_ADDR_INTR_MASTER_RX_SIZE_OTHER	0x200007F3	HAL::I2CIntr::I2CLogs_t	
[112]	I2C_LOG_RXNE_MASTER	0x200007F4	HAL::I2CIntr::I2CLogs_t	
[113]	I2C_LOG_RXNE_MASTER_SIZE_2	0x200007F5	HAL::I2CIntr::I2CLogs_t	
[114]	I2C_LOG_RXNE_MASTER_SIZE_1	0x200007F6	HAL::I2CIntr::I2CLogs_t	
[115]	I2C_LOG_TXN_QUEUE_EMPTY	0x200007F7	HAL::I2CIntr::I2CLogs_t	
[116]	I2C_LOG_START_MASTER_TX	0x200007F8	HAL::I2CIntr::I2CLogs_t	
[117]	I2C_LOG_SB_MASTER_TX	0x200007F9	HAL::I2CIntr::I2CLogs_t	
[118]	I2C_LOG_ADDR_INTR_MASTER_TX_SIZE_GT_0	0x200007FA	HAL::I2CIntr::I2CLogs_t	
[119]	I2C_LOG_TXN_QUEUE_EMPTY	0x200007FB	HAL::I2CIntr::I2CLogs_t	
[120]	I2C_LOG_TXE_DONE	0x200007FC	HAL::I2CIntr::I2CLogs_t	
[121]	I2C_LOG_START_MASTER_RX	0x200007FD	HAL::I2CIntr::I2CLogs_t	
[122]	I2C_LOG_SB_MASTER_RX	0x200007FE	HAL::I2CIntr::I2CLogs_t	
[123]	I2C_LOG_ADDR_INTR_MASTER_RX_SIZE_OTHER	0x200007FF	HAL::I2CIntr::I2CLogs_t	
[124]	I2C_LOG_RXNE_MASTER	0x20000800	HAL::I2CIntr::I2CLogs_t	
[125]	I2C_LOG_RXNE_MASTER_SIZE_2	0x20000801	HAL::I2CIntr::I2CLogs_t	
[126]	I2C_LOG_RXNE_MASTER_SIZE_1	0x20000802	HAL::I2CIntr::I2CLogs_t	
[127]	I2C_LOG_TXN_QUEUE_EMPTY	0x20000803	HAL::I2CIntr::I2CLogs_t	
[128]	I2C_LOG_START_MASTER_TX	0x20000804	HAL::I2CIntr::I2CLogs_t	
[129]	I2C_LOG_SB_MASTER_TX	0x20000805	HAL::I2CIntr::I2CLogs_t	
[130]	I2C_LOG_ADDR_INTR_MASTER_TX_SIZE_GT_0	0x20000806	HAL::I2CIntr::I2CLogs_t	
[131]	I2C_LOG_TXN_QUEUE_EMPTY	0x20000807	HAL::I2CIntr::I2CLogs_t	
[132]	I2C_LOG_TXE_DONE	0x20000808	HAL::I2CIntr::I2CLogs_t	
[133]	I2C_LOG_START_MASTER_RX	0x20000809	HAL::I2CIntr::I2CLogs_t	
[134]	I2C_LOG_SB_MASTER_RX	0x2000080A	HAL::I2CIntr::I2CLogs_t	
[135]	I2C_LOG_ADDR_INTR_MASTER_RX_SIZE_OTHER	0x2000080B	HAL::I2CIntr::I2CLogs_t	
[136]	I2C_LOG_RXNE_MASTER	0x2000080C	HAL::I2CIntr::I2CLogs_t	
[137]	I2C_LOG_RXNE_MASTER_SIZE_2	0x2000080D	HAL::I2CIntr::I2CLogs_t	
[138]	I2C_LOG_RXNE_MASTER_SIZE_1	0x2000080E	HAL::I2CIntr::I2CLogs_t	
[139]	I2C_LOG_TXN_QUEUE_EMPTY	0x2000080F	HAL::I2CIntr::I2CLogs_t	
[140]	I2C_LOG_START_MASTER_TX	0x20000810	HAL::I2CIntr::I2CLogs_t	
[141]	I2C_LOG_SB_MASTER_TX	0x20000811	HAL::I2CIntr::I2CLogs_t	
[142]	I2C_LOG_ADDR_INTR_MASTER_TX_SIZE_GT_0	0x20000812	HAL::I2CIntr::I2CLogs_t	
[143]	I2C_LOG_TXN_QUEUE_EMPTY	0x20000813	HAL::I2CIntr::I2CLogs_t	
[144]	I2C_LOG_TXE_DONE	0x20000814	HAL::I2CIntr::I2CLogs_t	
[145]	I2C_LOG_START_MASTER_RX	0x20000815	HAL::I2CIntr::I2CLogs_t	
[146]	I2C_LOG_SB_MASTER_RX	0x20000816	HAL::I2CIntr::I2CLogs_t	
[147]	I2C_LOG_ADDR_INTR_MASTER_RX_SIZE_OTHER	0x20000817	HAL::I2CIntr::I2CLogs_t	
[148]	I2C_LOG_RXNE_MASTER	0x20000818	HAL::I2CIntr::I2CLogs_t	
[149]	I2C_LOG_RXNE_MASTER_SIZE_2	0x20000819	HAL::I2CIntr::I2CLogs_t	
[150]	I2C_LOG_RXNE_MASTER_SIZE_1	0x2000081A	HAL::I2CIntr::I2CLogs_t	
[151]	I2C_LOG_TXN_QUEUE_EMPTY	0x2000081B	HAL::I2CIntr::I2CLogs_t	
[152]	I2C_LOG_START_MASTER_TX	0x2000081C	HAL::I2CIntr::I2CLogs_t	
[153]	I2C_LOG_SB_MASTER_TX	0x2000081D	HAL::I2CIntr::I2CLogs_t	
[154]	I2C_LOG_ADDR_INTR_MASTER_TX_SIZE_GT_0	0x2000081E	HAL::I2CIntr::I2CLogs_t	
[155]	I2C_LOG_TXN_QUEUE_EMPTY	0x2000081F	HAL::I2CIntr::I2CLogs_t	
[156]	I2C_LOG_TXE_DONE	0x20000820	HAL::I2CIntr::I2CLogs_t	
[157]	I2C_LOG_START_MASTER_RX	0x20000821	HAL::I2CIntr::I2CLogs_t	
[158]	I2C_LOG_SB_MASTER_RX	0x20000822	HAL::I2CIntr::I2CLogs_t	
[159]	I2C_LOG_ADDR_INTR_MASTER_RX_SIZE_OTHER	0x20000823	HAL::I2CIntr::I2CLogs_t	
[160]	I2C_LOG_RXNE_MASTER	0x20000824	HAL::I2CIntr::I2CLogs_t	
[161]	I2C_LOG_RXNE_MASTER_SIZE_2	0x20000825	HAL::I2CIntr::I2CLogs_t	
[162]	I2C_LOG_RXNE_MASTER_SIZE_1	0x20000826	HAL::I2CIntr::I2CLogs_t	
[163]	I2C_LOG_TXN_QUEUE_EMPTY	0x20000827	HAL::I2CIntr::I2CLogs_t	
[164]	I2C_LOG_START_MASTER_TX	0x20000828	HAL::I2CIntr::I2CLogs_t	
[165]	I2C_LOG_SB_MASTER_TX	0x20000829	HAL::I2CIntr::I2CLogs_t	
[166]	I2C_LOG_ADDR_INTR_MASTER_TX_SIZE_GT_0	0x2000082A	HAL::I2CIntr::I2CLogs_t	
[167]	I2C_LOG_TXN_QUEUE_EMPTY	0x2000082B	HAL::I2CIntr::I2CLogs_t	
[168]	I2C_LOG_TXE_DONE	0x2000082C	HAL::I2CIntr::I2CLogs_t	
[169]	I2C_LOG_START_MASTER_RX	0x2000082D	HAL::I2CIntr::I2CLogs_t	
[170]	I2C_LOG_SB_MASTER_RX	0x2000082E	HAL::I2CIntr::I2CLogs_t	
[171]	I2C_LOG_ADDR_INTR_MASTER_RX_SIZE_OTHER	0x2000082F	HAL::I2CIntr::I2CLogs_t	
[172]	I2C_LOG_RXNE_MASTER	0x20000830	HAL::I2CIntr::I2CLogs_t	
[173]	I2C_LOG_RXNE_MASTER_SIZE_2	0x20000831	HAL::I2CIntr::I2CLogs_t	
[174]	I2C_LOG_RXNE_MASTER_SIZE_1	0x20000832	HAL::I2CIntr::I2CLogs_t	
[175]	I2C_LOG_TXN_QUEUE_EMPTY	0x20000833	HAL::I2CIntr::I2CLogs_t	
[176]	I2C_LOG_START_MASTER_TX	0x20000834	HAL::I2CIntr::I2CLogs_t	
[177]	I2C_LOG_SB_MASTER_TX	0x20000835	HAL::I2CIntr::I2CLogs_t	
[178]	I2C_LOG_ADDR_INTR_MASTER_TX_SIZE_GT_0	0x20000836	HAL::I2CIntr::I2CLogs_t	
[179]	I2C_LOG_TXN_QUEUE_EMPTY	0x20000837	HAL::I2CIntr::I2CLogs_t	
[180]	I2C_LOG_TXE_DONE	0x20000838	HAL::I2CIntr::I2CLogs_t	
[181]	I2C_LOG_START_MASTER_RX	0x20000839	HAL::I2CIntr::I2CLogs_t	
[182]	I2C_LOG_SB_MASTER_RX	0x2000083A	HAL::I2CIntr::I2CLogs_t	
[183]	I2C_LOG_ADDR_INTR_MASTER_RX_SIZE_OTHER	0x2000083B	HAL::I2CIntr::I2CLogs_t	
[184]	I2C_LOG_RXNE_MASTER	0x2000083C	HAL::I2CIntr::I2CLogs_t	
[185]	I2C_LOG_RXNE_MASTER_SIZE_2	0x2000083D	HAL::I2CIntr::I2CLogs_t	
[186]	I2C_LOG_RXNE_MASTER_SIZE_1	0x2000083E	HAL::I2CIntr::I2CLogs_t	
[187]	I2C_LOG_TXN_QUEUE_EMPTY	0x2000083F	HAL::I2CIntr::I2CLogs_t	
[188]	I2C_LOG_START_MASTER_TX	0x20000840	HAL::I2CIntr::I2CLogs_t	
[189]	I2C_LOG_SB_MASTER_TX	0x20000841	HAL::I2CIntr::I2CLogs_t	
[190]	I2C_LOG_ADDR_INTR_MASTER_TX_SIZE_GT_0	0x20000842	HAL::I2CIntr::I2CLogs_t	
[191]	I2C_LOG_TXN_QUEUE_EMPTY	0x20000843	HAL::I2CIntr::I2CLogs_t	
[192]	I2C_LOG_TXE_DONE	0x20000844	HAL::I2CIntr::I2CLogs_t	
[193]	I2C_LOG_START_MASTER_RX	0x20000845	HAL::I2CIntr::I2CLogs_t	
[194]	I2C_LOG_SB_MASTER_RX	0x20000846	HAL::I2CIntr::I2CLogs_t	
[195]	I2C_LOG_ADDR_INTR_MASTER_RX_SIZE_OTHER	0x20000847	HAL::I2CIntr::I2CLogs_t	
[196]	I2C_LOG_RXNE_MASTER	0x20000848	HAL::I2CIntr::I2CLogs_t	
[197]	I2C_LOG_RXNE_MASTER_SIZE_2	0x20000849	HAL::I2CIntr::I2CLogs_t	
[198]	I2C_LOG_RXNE_MASTER_SIZE_1	0x2000084A	HAL::I2CIntr::I2CLogs_t	
[199]	I2C_LOG_TXN_QUEUE_EMPTY	0x2000084B	HAL::I2CIntr::I2CLogs_t	
[200]	I2C_LOG_START_MASTER_TX	0x2000084C	HAL::I2CIntr::I2CLogs_t	
[201]	I2C_LOG_SB_MASTER_TX	0x2000084D	HAL::I2CIntr::I2CLogs_t	
[202]	I2C_LOG_ADDR_INTR_MASTER_TX_SIZE_GT_0	0x2000084E	HAL::I2CIntr::I2CLogs_t	
[203]	I2C_LOG_TXN_QUEUE_EMPTY	0x2000084F	HAL::I2CIntr::I2CLogs_t	
[204]	I2C_LOG_TXE_DONE	0x20000850	HAL::I2CIntr::I2CLogs_t	
[205]	I2C_LOG_START_MASTER_RX	0x20000851	HAL::I2CIntr::I2CLogs_t	
[206]	I2C_LOG_SB_MASTER_RX	0x20000852	HAL::I2CIntr::I2CLogs_t	
[207]	I2C_LOG_ADDR_INTR_MASTER_RX_SIZE_OTHER	0x20000853	HAL::I2CIntr::I2CLogs_t	
[208]	I2C_LOG_RXNE_MASTER	0x20000854	HAL::I2CIntr::I2CLogs_t	
[209]	I2C_LOG_RXNE_MASTER_SIZE_2	0x20000855	HAL::I2CIntr::I2CLogs_t	
[210]	I2C_LOG_RXNE_MASTER_SIZE_1	0x20000856	HAL::I2CIntr::I2CLogs_t	
[211]	I2C_LOG_TXN_QUEUE_EMPTY	0x20000857	HAL::I2CIntr::I2CLogs_t	
[212]	I2C_LOG_START_MASTER_TX	0x20000858	HAL::I2CIntr::I2CLogs_t	
[213]	I2C_LOG_SB_MASTER_TX	0x20000859	HAL::I2CIntr::I2CLogs_t	
[214]	I2C_LOG_ADDR_INTR_MASTER_TX_SIZE_GT_0	0x2000085A	HAL::I2CIntr::I2CLogs_t	
[215]	I2C_LOG_TXN_QUEUE_EMPTY	0x2000085B	HAL::I2CIntr::I2CLogs_t	
[216]	I2C_LOG_TXE_DONE	0x2000085C	HAL::I2CIntr::I2CLogs_t	
[217]	I2C_LOG_START_MASTER_RX	0x2000085D	HAL::I2CIntr::I2CLogs_t	
[218]	I2C_LOG_SB_MASTER_RX	0x2000085E	HAL::I2CIntr::I2CLogs_t	
[219]	I2C_LOG_ADDR_INTR_MASTER_RX_SIZE_OTHER	0x2000085F	HAL::I2CIntr::I2CLogs_t	
[220]	I2C_LOG_RXNE_MASTER	0x20000860	HAL::I2CIntr::I2CLogs_t	
[221]	I2C_LOG_RXNE_MASTER_SIZE_2	0x20000861	HAL::I2CIntr::I2CLogs_t	
[222]	I2C_LOG_RXNE_MASTER_SIZE_1	0x20000862	HAL::I2CIntr::I2CLogs_t	
[223]	I2C_LOG_TXN_QUEUE_EMPTY	0x20000863	HAL::I2CIntr::I2CLogs_t	
[224]	I2C_LOG_START_MASTER_TX	0x20000864	HAL::I2CIntr::I2CLogs_t	
[225]	I2C_LOG_SB_MASTER_TX	0x20000865	HAL::I2CIntr::I2CLogs_t	
[226]	I2C_LOG_ADDR_INTR_MASTER_TX_SIZE_GT_0	0x20000866	HAL::I2CIntr::I2CLogs_t	
[227]	I2C_LOG_TXN_QUEUE_EMPTY	0x20000867	HAL::I2CIntr::I2CLogs_t	
[228]	I2C_LOG_TXE_DONE	0x20000868	HAL::I2CIntr::I2CLogs_t	
[229]	I2C_LOG_START_MASTER_RX	0x20000869	HAL::I2CIntr::I2CLogs_t	
[230]	I2C_LOG_SB_MASTER_RX	0x2000086A	HAL::I2CIntr::I2CLogs_t	
[231]	I2C_LOG_ADDR_INTR_MASTER_RX_SIZE_OTHER	0x2000086B	HAL::I2CIntr::I2CLogs_t	
[232]	I2C_LOG_RXNE_MASTER	0x2000086C	HAL::I2CIntr::I2CLogs_t	
[233]	I2C_LOG_RXNE_MASTER_SIZE_2	0x2000086D	HAL::I2CIntr::I2CLogs_t	
[234]	I2C_LOG_RXNE_MASTER_SIZE_1	0x2000086E	HAL::I2CIntr::I2CLogs_t	
[235]	I2C_LOG_TXN_QUEUE_EMPTY	0x2000086F	HAL::I2CIntr::I2CLogs_t	
[236]	I2C_LOG_START_MASTER_TX	0x20000870	HAL::I2CIntr::I2CLogs_t	
[237]	I2C_LOG_SB_MASTER_TX	0x20000871	HAL::I2CIntr::I2CLogs_t	
[238]	I2C_LOG_ADDR_INTR_MASTER_TX_SIZE_GT_0	0x20000872	HAL::I2CIntr::I2CLogs_t	
[239]	I2C_LOG_TXN_QUEUE_EMPTY	0x20000873	HAL::I2CIntr::I2CLogs_t	
[240]	I2C_LOG_TXE_DONE	0x20000874	HAL::I2CIntr::I2CLogs_t	
[241]	I2C_LOG_START_MASTER_RX	0x20000875	HAL::I2CIntr::I2CLogs_t	
[242]	I2C_LOG_SB_MASTER_RX	0x20000876	HAL::I2CIntr::I2CLogs_t	
[243]	I2C_LOG_ADDR_INTR_MASTER_RX_SIZE_OTHER	0x20000877	HAL::I2CIntr::I2CLogs_t	
[244]	I2C_LOG_RXNE_MASTER	0x20000878	HAL::I2CIntr::I2CLogs_t	
[245]	I2C_LOG_RXNE_MASTER_SIZE_2	0x20000879	HAL::I2CIntr::I2CLogs_t	
[246]	I2C_LOG_RXNE_MASTER_SIZE_1	0x2000087A	HAL::I2CIntr::I2CLogs_t	
[247]	I2C_LOG_TXN_QUEUE_EMPTY	0x2000087B	HAL::I2CIntr::I2CLogs_t	
[248]	I2C_LOG_START_MASTER_TX	0x2000087C	HAL::I2CIntr::I2CLogs_t	
[249]	I2C_LOG_SB_MASTER_TX	0x2000087D	HAL::I2CIntr::I2CLogs_t	
[250]	I2C_LOG_ADDR_INTR_MASTER_TX_SIZE_GT_0	0x2000087E	HAL::I2CIntr::I2CLogs_t	
[251]	I2C_LOG_TXN_QUEUE_EMPTY	0x2000087F	HAL::I2CIntr::I2CLogs_t	
[252]	I2C_LOG_TXE_DONE	0x20000880	HAL::I2CIntr::I2CLogs_t	
[253]	I2C_LOG_START_MASTER_RX	0x20000881	HAL::I2CIntr::I2CLogs_t	
[254]	I2C_LOG_SB_MASTER_RX	0x20000882	HAL::I2CIntr::I2CLogs_t	
[255]	I2C_LOG_ADDR_INTR_MASTER_RX_SIZE_OTHER	0x20000883	HAL::I2CIntr::I2CLogs_t	
[256]	I2C_LOG_RXNE_MASTER	0x20000884	HAL::I2CIntr::I2CLogs_t	
[257]	I2C_LOG_RXNE_MASTER_SIZE_2	0x20000885	HAL::I2CIntr::I2CLogs_t	
[258]	I2C_LOG_RXNE_MASTER_SIZE_1	0x20000886	HAL::I2CIntr::I2CLogs_t	
[259]	I2C_LOG_TXN_QUEUE_EMPTY	0x20000887	HAL::I2CIntr::I2CLogs_t	
[260]	NONE	0x20000888	HAL::I2CIntr::I2CLogs_t	
[261]	NONE	0x20000889	HAL::I2CIntr::I2CLogs_t	
[262]	NONE	0x2000088A	HAL::I2CIntr::I2CLogs_t	
[263]	NONE	0x2000088B	HAL::I2CIntr::I2CLogs_t	
[264]	NONE	0x2000088C	HAL::I2CIntr::I2CLogs_t	
[265]	NONE	0x2000088D	HAL::I2CIntr::I2CLogs_t	
[266]	NONE	0x2000088E	HAL::I2CIntr::I2CLogs_t	
[267]	NONE	0x2000088F	HAL::I2CIntr::I2CLogs_t	
[268]	NONE	0x20000890	HAL::I2CIntr::I2CLogs_t	
[269]	NONE	0x20000891	HAL::I2CIntr::I2CLogs_t	
[270]	NONE	0x20000892	HAL::I2CIntr::I2CLogs_t	
[271]	NONE	0x20000893	HAL::I2CIntr::I2CLogs_t	
[272]	NONE	0x20000894	HAL::I2CIntr::I2CLogs_t	
[273]	NONE	0x20000895	HAL::I2CIntr::I2CLogs_t	
[274]	NONE	0x20000896	HAL::I2CIntr::I2CLogs_t	
[275]	NONE	0x20000897	HAL::I2CIntr::I2CLogs_t	
[276]	NONE	0x20000898	HAL::I2CIntr::I2CLogs_t	
[277]	NONE	0x20000899	HAL::I2CIntr::I2CLogs_t	
[278]	NONE	0x2000089A	HAL::I2CIntr::I2CLogs_t	
[279]	NONE	0x2000089B	HAL::I2CIntr::I2CLogs_t	
[280]	NONE	0x2000089C	HAL::I2CIntr::I2CLogs_t	
[281]	NONE	0x2000089D	HAL::I2CIntr::I2CLogs_t	
[282]	NONE	0x2000089E	HAL::I2CIntr::I2CLogs_t	
[283]	NONE	0x2000089F	HAL::I2CIntr::I2CLogs_t	
[284]	NONE	0x200008A0	HAL::I2CIntr::I2CLogs_t	
[285]	NONE	0x200008A1	HAL::I2CIntr::I2CLogs_t	
[286]	NONE	0x200008A2	HAL::I2CIntr::I2CLogs_t	
[287]	NONE	0x200008A3	HAL::I2CIntr::I2CLogs_t	
[288]	NONE	0x200008A4	HAL::I2CIntr::I2CLogs_t	
[289]	NONE	0x200008A5	HAL::I2CIntr::I2CLogs_t	
[290]	NONE	0x200008A6	HAL::I2CIntr::I2CLogs_t	
[291]	NONE	0x200008A7	HAL::I2CIntr::I2CLogs_t	
[292]	NONE	0x200008A8	HAL::I2CIntr::I2CLogs_t	
[293]	NONE	0x200008A9	HAL::I2CIntr::I2CLogs_t	
[294]	NONE	0x200008AA	HAL::I2CIntr::I2CLogs_t	
[295]	NONE	0x200008AB	HAL::I2CIntr::I2CLogs_t	
[296]	NONE	0x200008AC	HAL::I2CIntr::I2CLogs_t	
[297]	NONE	0x200008AD	HAL::I2CIntr::I2CLogs_t	
[298]	NONE	0x200008AE	HAL::I2CIntr::I2CLogs_t	
[299]	NONE	0x200008AF	HAL::I2CIntr::I2CLogs_t	
[300]	NONE	0x200008B0	HAL::I2CIntr::I2CLogs_t	
[301]	NONE	0x200008B1	HAL::I2CIntr::I2CLogs_t	
[302]	NONE	0x200008B2	HAL::I2CIntr::I2CLogs_t	
[303]	NONE	0x200008B3	HAL::I2CIntr::I2CLogs_t	
[304]	NONE	0x200008B4	HAL::I2CIntr::I2CLogs_t	
[305]	NONE	0x200008B5	HAL::I2CIntr::I2CLogs_t	
[306]	NONE	0x200008B6	HAL::I2CIntr::I2CLogs_t	
[307]	NONE	0x200008B7	HAL::I2CIntr::I2CLogs_t	
[308]	NONE	0x200008B8	HAL::I2CIntr::I2CLogs_t	
[309]	NONE	0x200008B9	HAL::I2CIntr::I2CLogs_t	
[310]	NONE	0x200008BA	HAL::I2CIntr::I2CLogs_t	
[311]	NONE	0x200008BB	HAL::I2CIntr::I2CLogs_t	
[312]	NONE	0x200008BC	HAL::I2CIntr::I2CLogs_t	
[313]	NONE	0x200008BD	HAL::I2CIntr::I2CLogs_t	
[314]	NONE	0x200008BE	HAL::I2CIntr::I2CLogs_t	
[315]	NONE	0x200008BF	HAL::I2CIntr::I2CLogs_t	
[316]	NONE	0x200008C0	HAL::I2CIntr::I2CLogs_t	
[317]	NONE	0x200008C1	HAL::I2CIntr::I2CLogs_t	
[318]	NONE	0x200008C2	HAL::I2CIntr::I2CLogs_t	
[319]	NONE	0x200008C3	HAL::I2CIntr::I2CLogs_t	
[320]	NONE	0x200008C4	HAL::I2CIntr::I2CLogs_t	
[321]	NONE	0x200008C5	HAL::I2CIntr::I2CLogs_t	
[322]	NONE	0x200008C6	HAL::I2CIntr::I2CLogs_t	
[323]	NONE	0x200008C7	HAL::I2CIntr::I2CLogs_t	
[324]	NONE	0x200008C8	HAL::I2CIntr::I2CLogs_t	
[325]	NONE	0x200008C9	HAL::I2CIntr::I2CLogs_t	
[326]	NONE	0x200008CA	HAL::I2CIntr::I2CLogs_t	
[327]	NONE	0x200008CB	HAL::I2CIntr::I2CLogs_t	
[328]	NONE	0x200008CC	HAL::I2CIntr::I2CLogs_t	
[329]	NONE	0x200008CD	HAL::I2CIntr::I2CLogs_t	
[330]	NONE	0x200008CE	HAL::I2CIntr::I2CLogs_t	
[331]	NONE	0x200008CF	HAL::I2CIntr::I2CLogs_t	
[332]	NONE	0x200008D0	HAL::I2CIntr::I2CLogs_t	
[333]	NONE	0x200008D1	HAL::I2CIntr::I2CLogs_t	
[334]	NONE	0x200008D2	HAL::I2CIntr::I2CLogs_t	
[335]	NONE	0x200008D3	HAL::I2CIntr::I2CLogs_t	
[336]	NONE	0x200008D4	HAL::I2CIntr::I2CLogs_t	
[337]	NONE	0x200008D5	HAL::I2CIntr::I2CLogs_t	
[338]	NONE	0x200008D6	HAL::I2CIntr::I2CLogs_t	
[339]	NONE	0x200008D7	HAL::I2CIntr::I2CLogs_t	
[340]	NONE	0x200008D8	HAL::I2CIntr::I2CLogs_t	
[341]	NONE	0x200008D9	HAL::I2CIntr::I2CLogs_t	
[342]	NONE	0x200008DA	HAL::I2CIntr::I2CLogs_t	
[343]	NONE	0x200008DB	HAL::I2CIntr::I2CLogs_t	
[344]	NONE	0x200008DC	HAL::I2CIntr::I2CLogs_t	
[345]	NONE	0x200008DD	HAL::I2CIntr::I2CLogs_t	
[346]	NONE	0x200008DE	HAL::I2CIntr::I2CLogs_t	
[347]	NONE	0x200008DF	HAL::I2CIntr::I2CLogs_t	
[348]	NONE	0x200008E0	HAL::I2CIntr::I2CLogs_t	
[349]	NONE	0x200008E1	HAL::I2CIntr::I2CLogs_t	
[350]	NONE	0x200008E2	HAL::I2CIntr::I2CLogs_t	
[351]	NONE	0x200008E3	HAL::I2CIntr::I2CLogs_t	
[352]	NONE	0x200008E4	HAL::I2CIntr::I2CLogs_t	
[353]	NONE	0x200008E5	HAL::I2CIntr::I2CLogs_t	
[354]	NONE	0x200008E6	HAL::I2CIntr::I2CLogs_t	
[355]	NONE	0x200008E7	HAL::I2CIntr::I2CLogs_t	
[356]	NONE	0x200008E8	HAL::I2CIntr::I2CLogs_t	
[357]	NONE	0x200008E9	HAL::I2CIntr::I2CLogs_t	
[358]	NONE	0x200008EA	HAL::I2CIntr::I2CLogs_t	
[359]	NONE	0x200008EB	HAL::I2CIntr::I2CLogs_t	
[360]	NONE	0x200008EC	HAL::I2CIntr::I2CLogs_t	
[361]	NONE	0x200008ED	HAL::I2CIntr::I2CLogs_t	
[362]	NONE	0x200008EE	HAL::I2CIntr::I2CLogs_t	
[363]	NONE	0x200008EF	HAL::I2CIntr::I2CLogs_t	
[364]	NONE	0x200008F0	HAL::I2CIntr::I2CLogs_t	
[365]	NONE	0x200008F1	HAL::I2CIntr::I2CLogs_t	
[366]	NONE	0x200008F2	HAL::I2CIntr::I2CLogs_t	
[367]	NONE	0x200008F3	HAL::I2CIntr::I2CLogs_t	
[368]	NONE	0x200008F4	HAL::I2CIntr::I2CLogs_t	
[369]	NONE	0x200008F5	HAL::I2CIntr::I2CLogs_t	
[370]	NONE	0x200008F6	HAL::I2CIntr::I2CLogs_t	
[371]	NONE	0x200008F7	HAL::I2CIntr::I2CLogs_t	
[372]	NONE	0x200008F8	HAL::I2CIntr::I2CLogs_t	
[373]	NONE	0x200008F9	HAL::I2CIntr::I2CLogs_t	
[374]	NONE	0x200008FA	HAL::I2CIntr::I2CLogs_t	
[375]	NONE	0x200008FB	HAL::I2CIntr::I2CLogs_t	
[376]	NONE	0x200008FC	HAL::I2CIntr::I2CLogs_t	
[377]	NONE	0x200008FD	HAL::I2CIntr::I2CLogs_t	
[378]	NONE	0x200008FE	HAL::I2CIntr::I2CLogs_t	
[379]	NONE	0x200008FF	HAL::I2CIntr::I2CLogs_t	
[380]	NONE	0x20000900	HAL::I2CIntr::I2CLogs_t	
[381]	NONE	0x20000901	HAL::I2CIntr::I2CLogs_t	
[382]	NONE	0x20000902	HAL::I2CIntr::I2CLogs_t	
[383]	NONE	0x20000903	HAL::I2CIntr::I2CLogs_t	
[384]	NONE	0x20000904	HAL::I2CIntr::I2CLogs_t	
[385]	NONE	0x20000905	HAL::I2CIntr::I2CLogs_t	
[386]	NONE	0x20000906	HAL::I2CIntr::I2CLogs_t	
[387]	NONE	0x20000907	HAL::I2CIntr::I2CLogs_t	
[388]	NONE	0x20000908	HAL::I2CIntr::I2CLogs_t	
[389]	NONE	0x20000909	HAL::I2CIntr::I2CLogs_t	
[390]	NONE	0x2000090A	HAL::I2CIntr::I2CLogs_t	
[391]	NONE	0x2000090B	HAL::I2CIntr::I2CLogs_t	
[392]	NONE	0x2000090C	HAL::I2CIntr::I2CLogs_t	
[393]	NONE	0x2000090D	HAL::I2CIntr::I2CLogs_t	
[394]	NONE	0x2000090E	HAL::I2CIntr::I2CLogs_t	
[395]	NONE	0x2000090F	HAL::I2CIntr::I2CLogs_t	
[396]	NONE	0x20000910	HAL::I2CIntr::I2CLogs_t	
[397]	NONE	0x20000911	HAL::I2CIntr::I2CLogs_t	
[398]	NONE	0x20000912	HAL::I2CIntr::I2CLogs_t	
[399]	NONE	0x20000913	HAL::I2CIntr::I2CLogs_t	
[400]	NONE	0x20000914	HAL::I2CIntr::I2CLogs_t	
[401]	NONE	0x20000915	HAL::I2CIntr::I2CLogs_t	
[402]	NONE	0x20000916	HAL::I2CIntr::I2CLogs_t	
[403]	NONE	0x20000917	HAL::I2CIntr::I2CLogs_t	
[404]	NONE	0x20000918	HAL::I2CIntr::I2CLogs_t	
[405]	NONE	0x20000919	HAL::I2CIntr::I2CLogs_t	
[406]	NONE	0x2000091A	HAL::I2CIntr::I2CLogs_t	
[407]	NONE	0x2000091B	HAL::I2CIntr::I2CLogs_t	
[408]	NONE	0x2000091C	HAL::I2CIntr::I2CLogs_t	
[409]	NONE	0x2000091D	HAL::I2CIntr::I2CLogs_t	
[410]	NONE	0x2000091E	HAL::I2CIntr::I2CLogs_t	
[411]	NONE	0x2000091F	HAL::I2CIntr::I2CLogs_t	
[412]	NONE	0x20000920	HAL::I2CIntr::I2CLogs_t	
[413]	NONE	0x20000921	HAL::I2CIntr::I2CLogs_t	
[414]	NONE	0x20000922	HAL::I2CIntr::I2CLogs_t	
[415]	NONE	0x20000923	HAL::I2CIntr::I2CLogs_t	
[416]	NONE	0x20000924	HAL::I2CIntr::I2CLogs_t	
[417]	NONE	0x20000925	HAL::I2CIntr::I2CLogs_t	
[418]	NONE	0x20000926	HAL::I2CIntr::I2CLogs_t	
[419]	NONE	0x20000927	HAL::I2CIntr::I2CLogs_t	
[420]	NONE	0x20000928	HAL::I2CIntr::I2CLogs_t	
[421]	NONE	0x20000929	HAL::I2CIntr::I2CLogs_t	
[422]	NONE	0x2000092A	HAL::I2CIntr::I2CLogs_t	
[423]	NONE	0x2000092B	HAL::I2CIntr::I2CLogs_t	
[424]	NONE	0x2000092C	HAL::I2CIntr::I2CLogs_t	
[425]	NONE	0x2000092D	HAL::I2CIntr::I2CLogs_t	
[426]	NONE	0x2000092E	HAL::I2CIntr::I2CLogs_t	
[427]	NONE	0x2000092F	HAL::I2CIntr::I2CLogs_t	
[428]	NONE	0x20000930	HAL::I2CIntr::I2CLogs_t	
[429]	NONE	0x20000931	HAL::I2CIntr::I2CLogs_t	
[430]	NONE	0x20000932	HAL::I2CIntr::I2CLogs_t	
[431]	NONE	0x20000933	HAL::I2CIntr::I2CLogs_t	
[432]	NONE	0x20000934	HAL::I2CIntr::I2CLogs_t	
[433]	NONE	0x20000935	HAL::I2CIntr::I2CLogs_t	
[434]	NONE	0x20000936	HAL::I2CIntr::I2CLogs_t	
[435]	NONE	0x20000937	HAL::I2CIntr::I2CLogs_t	
[436]	NONE	0x20000938	HAL::I2CIntr::I2CLogs_t	
[437]	NONE	0x20000939	HAL::I2CIntr::I2CLogs_t	
[438]	NONE	0x2000093A	HAL::I2CIntr::I2CLogs_t	
[439]	NONE	0x2000093B	HAL::I2CIntr::I2CLogs_t	
[440]	NONE	0x2000093C	HAL::I2CIntr::I2CLogs_t	
[441]	NONE	0x2000093D	HAL::I2CIntr::I2CLogs_t	
[442]	NONE	0x2000093E	HAL::I2CIntr::I2CLogs_t	
[443]	NONE	0x2000093F	HAL::I2CIntr::I2CLogs_t	
[444]	NONE	0x20000940	HAL::I2CIntr::I2CLogs_t	
[445]	NONE	0x20000941	HAL::I2CIntr::I2CLogs_t	
[446]	NONE	0x20000942	HAL::I2CIntr::I2CLogs_t	
[447]	NONE	0x20000943	HAL::I2CIntr::I2CLogs_t	
[448]	NONE	0x20000944	HAL::I2CIntr::I2CLogs_t	
[449]	NONE	0x20000945	HAL::I2CIntr::I2CLogs_t	
[450]	NONE	0x20000946	HAL::I2CIntr::I2CLogs_t	
[451]	NONE	0x20000947	HAL::I2CIntr::I2CLogs_t	
[452]	NONE	0x20000948	HAL::I2CIntr::I2CLogs_t	
[453]	NONE	0x20000949	HAL::I2CIntr::I2CLogs_t	
[454]	NONE	0x2000094A	HAL::I2CIntr::I2CLogs_t	
[455]	NONE	0x2000094B	HAL::I2CIntr::I2CLogs_t	
[456]	NONE	0x2000094C	HAL::I2CIntr::I2CLogs_t	
[457]	NONE	0x2000094D	HAL::I2CIntr::I2CLogs_t	
[458]	NONE	0x2000094E	HAL::I2CIntr::I2CLogs_t	
[459]	NONE	0x2000094F	HAL::I2CIntr::I2CLogs_t	
[460]	NONE	0x20000950	HAL::I2CIntr::I2CLogs_t	
[461]	NONE	0x20000951	HAL::I2CIntr::I2CLogs_t	
[462]	NONE	0x20000952	HAL::I2CIntr::I2CLogs_t	
[463]	NONE	0x20000953	HAL::I2CIntr::I2CLogs_t	
[464]	NONE	0x20000954	HAL::I2CIntr::I2CLogs_t	
[465]	NONE	0x20000955	HAL::I2CIntr::I2CLogs_t	
[466]	NONE	0x20000956	HAL::I2CIntr::I2CLogs_t	
[467]	NONE	0x20000957	HAL::I2CIntr::I2CLogs_t	
[468]	NONE	0x20000958	HAL::I2CIntr::I2CLogs_t	
[469]	NONE	0x20000959	HAL::I2CIntr::I2CLogs_t	
[470]	NONE	0x2000095A	HAL::I2CIntr::I2CLogs_t	
[471]	NONE	0x2000095B	HAL::I2CIntr::I2CLogs_t	
[472]	NONE	0x2000095C	HAL::I2CIntr::I2CLogs_t	
[473]	NONE	0x2000095D	HAL::I2CIntr::I2CLogs_t	
[474]	NONE	0x2000095E	HAL::I2CIntr::I2CLogs_t	
[475]	NONE	0x2000095F	HAL::I2CIntr::I2CLogs_t	
[476]	NONE	0x20000960	HAL::I2CIntr::I2CLogs_t	
[477]	NONE	0x20000961	HAL::I2CIntr::I2CLogs_t	
[478]	NONE	0x20000962	HAL::I2CIntr::I2CLogs_t	
[479]	NONE	0x20000963	HAL::I2CIntr::I2CLogs_t	
[480]	NONE	0x20000964	HAL::I2CIntr::I2CLogs_t	
[481]	NONE	0x20000965	HAL::I2CIntr::I2CLogs_t	
[482]	NONE	0x20000966	HAL::I2CIntr::I2CLogs_t	
[483]	NONE	0x20000967	HAL::I2CIntr::I2CLogs_t	
[484]	NONE	0x20000968	HAL::I2CIntr::I2CLogs_t	
[485]	NONE	0x20000969	HAL::I2CIntr::I2CLogs_t	
[486]	NONE	0x2000096A	HAL::I2CIntr::I2CLogs_t	
[487]	NONE	0x2000096B	HAL::I2CIntr::I2CLogs_t	
[488]	NONE	0x2000096C	HAL::I2CIntr::I2CLogs_t	
[489]	NONE	0x2000096D	HAL::I2CIntr::I2CLogs_t	
[490]	NONE	0x2000096E	HAL::I2CIntr::I2CLogs_t	
[491]	NONE	0x2000096F	HAL::I2CIntr::I2CLogs_t	
[492]	NONE	0x20000970	HAL::I2CIntr::I2CLogs_t	
[493]	NONE	0x20000971	HAL::I2CIntr::I2CLogs_t	
[494]	NONE	0x20000972	HAL::I2CIntr::I2CLogs_t	
[495]	NONE	0x20000973	HAL::I2CIntr::I2CLogs_t	
[496]	NONE	0x20000974	HAL::I2CIntr::I2CLogs_t	
[497]	NONE	0x20000975	HAL::I2CIntr::I2CLogs_t	
[498]	NONE	0x20000976	HAL::I2CIntr::I2CLogs_t	
[499]	NONE	0x20000977	HAL::I2CIntr::I2CLogs_t	
[500]	NONE	0x20000978	HAL::I2CIntr::I2CLogs_t	
[501]	NONE	0x20000979	HAL::I2CIntr::I2CLogs_t	
[502]	NONE	0x2000097A	HAL::I2CIntr::I2CLogs_t	
[503]	NONE	0x2000097B	HAL::I2CIntr::I2CLogs_t	
[504]	NONE	0x2000097C	HAL::I2CIntr::I2CLogs_t	
[505]	NONE	0x2000097D	HAL::I2CIntr::I2CLogs_t	
[506]	NONE	0x2000097E	HAL::I2CIntr::I2CLogs_t	
[507]	NONE	0x2000097F	HAL::I2CIntr::I2CLogs_t	
[508]	NONE	0x20000980	HAL::I2CIntr::I2CLogs_t	
[509]	NONE	0x20000981	HAL::I2CIntr::I2CLogs_t	
[510]	NONE	0x20000982	HAL::I2CIntr::I2CLogs_t	
[511]	NONE	0x20000983	HAL::I2CIntr::I2CLogs_t	
[512]	NONE	0x20000984	HAL::I2CIntr::I2CLogs_t	
[513]	NONE	0x20000985	HAL::I2CIntr::I2CLogs_t	
[514]	NONE	0x20000986	HAL::I2CIntr::I2CLogs_t	
[515]	NONE	0x20000987	HAL::I2CIntr::I2CLogs_t	
[516]	NONE	0x20000988	HAL::I2CIntr::I2CLogs_t	
[517]	NONE	0x20000989	HAL::I2CIntr::I2CLogs_t	
[518]	NONE	0x2000098A	HAL::I2CIntr::I2CLogs_t	
[519]	NONE	0x2000098B	HAL::I2CIntr::I2CLogs_t	
[520]	NONE	0x2000098C	HAL::I2CIntr::I2CLogs_t	
[521]	NONE	0x2000098D	HAL::I2CIntr::I2CLogs_t	
[522]	NONE	0x2000098E	HAL::I2CIntr::I2CLogs_t	
[523]	NONE	0x2000098F	HAL::I2CIntr::I2CLogs_t	
[524]	NONE	0x20000990	HAL::I2CIntr::I2CLogs_t	
[525]	NONE	0x20000991	HAL::I2CIntr::I2CLogs_t	
[526]	NONE	0x20000992	HAL::I2CIntr::I2CLogs_t	
[527]	NONE	0x20000993	HAL::I2CIntr::I2CLogs_t	
[528]	NONE	0x20000994	HAL::I2CIntr::I2CLogs_t	
[529]	NONE	0x20000995	HAL::I2CIntr::I2CLogs_t	
[530]	NONE	0x20000996	HAL::I2CIntr::I2CLogs_t	
[531]	NONE	0x20000997	HAL::I2CIntr::I2CLogs_t	
[532]	NONE	0x20000998	HAL::I2CIntr::I2CLogs_t	
[533]	NONE	0x20000999	HAL::I2CIntr::I2CLogs_t	
[534]	NONE	0x2000099A	HAL::I2CIntr::I2CLogs_t	
[535]	NONE	0x2000099B	HAL::I2CIntr::I2CLogs_t	
[536]	NONE	0x2000099C	HAL::I2CIntr::I2CLogs_t	
[537]	NONE	0x2000099D	HAL::I2CIntr::I2CLogs_t	
[538]	NONE	0x2000099E	HAL::I2CIntr::I2CLogs_t	
[539]	NONE	0x2000099F	HAL::I2CIntr::I2CLogs_t	
[540]	NONE	0x200009A0	HAL::I2CIntr::I2CLogs_t	
[541]	NONE	0x200009A1	HAL::I2CIntr::I2CLogs_t	
[542]	NONE	0x200009A2	HAL::I2CIntr::I2CLogs_t	
[543]	NONE	0x200009A3	HAL::I2CIntr::I2CLogs_t	
[544]	NONE	0x200009A4	HAL::I2CIntr::I2CLogs_t	
[545]	NONE	0x200009A5	HAL::I2CIntr::I2CLogs_t	
[546]	NONE	0x200009A6	HAL::I2CIntr::I2CLogs_t	
[547]	NONE	0x200009A7	HAL::I2CIntr::I2CLogs_t	
[548]	NONE	0x200009A8	HAL::I2CIntr::I2CLogs_t	
[549]	NONE	0x200009A9	HAL::I2CIntr::I2CLogs_t	
[550]	NONE	0x200009AA	HAL::I2CIntr::I2CLogs_t	
[551]	NONE	0x200009AB	HAL::I2CIntr::I2CLogs_t	
[552]	NONE	0x200009AC	HAL::I2CIntr::I2CLogs_t	
[553]	NONE	0x200009AD	HAL::I2CIntr::I2CLogs_t	
[554]	NONE	0x200009AE	HAL::I2CIntr::I2CLogs_t	
[555]	NONE	0x200009AF	HAL::I2CIntr::I2CLogs_t	
[556]	NONE	0x200009B0	HAL::I2CIntr::I2CLogs_t	
[557]	NONE	0x200009B1	HAL::I2CIntr::I2CLogs_t	
[558]	NONE	0x200009B2	HAL::I2CIntr::I2CLogs_t	
[559]	NONE	0x200009B3	HAL::I2CIntr::I2CLogs_t	
[560]	NONE	0x200009B4	HAL::I2CIntr::I2CLogs_t	
[561]	NONE	0x200009B5	HAL::I2CIntr::I2CLogs_t	
[562]	NONE	0x200009B6	HAL::I2CIntr::I2CLogs_t	
[563]	NONE	0x200009B7	HAL::I2CIntr::I2CLogs_t	
[564]	NONE	0x200009B8	HAL::I2CIntr::I2CLogs_t	
[565]	NONE	0x200009B9	HAL::I2CIntr::I2CLogs_t	
[566]	NONE	0x200009BA	HAL::I2CIntr::I2CLogs_t	
[567]	NONE	0x200009BB	HAL::I2CIntr::I2CLogs_t	
[568]	NONE	0x200009BC	HAL::I2CIntr::I2CLogs_t	
[569]	NONE	0x200009BD	HAL::I2CIntr::I2CLogs_t	
[570]	NONE	0x200009BE	HAL::I2CIntr::I2CLogs_t	
[571]	NONE	0x200009BF	HAL::I2CIntr::I2CLogs_t	
[572]	NONE	0x200009C0	HAL::I2CIntr::I2CLogs_t	
[573]	NONE	0x200009C1	HAL::I2CIntr::I2CLogs_t	
[574]	NONE	0x200009C2	HAL::I2CIntr::I2CLogs_t	
[575]	NONE	0x200009C3	HAL::I2CIntr::I2CLogs_t	
[576]	NONE	0x200009C4	HAL::I2CIntr::I2CLogs_t	
[577]	NONE	0x200009C5	HAL::I2CIntr::I2CLogs_t	
[578]	NONE	0x200009C6	HAL::I2CIntr::I2CLogs_t	
[579]	NONE	0x200009C7	HAL::I2CIntr::I2CLogs_t	
[580]	NONE	0x200009C8	HAL::I2CIntr::I2CLogs_t	
[581]	NONE	0x200009C9	HAL::I2CIntr::I2CLogs_t	
[582]	NONE	0x200009CA	HAL::I2CIntr::I2CLogs_t	
[583]	NONE	0x200009CB	HAL::I2CIntr::I2CLogs_t	
[584]	NONE	0x200009CC	HAL::I2CIntr::I2CLogs_t	
[585]	NONE	0x200009CD	HAL::I2CIntr::I2CLogs_t	
[586]	NONE	0x200009CE	HAL::I2CIntr::I2CLogs_t	
[587]	NONE	0x200009CF	HAL::I2CIntr::I2CLogs_t	
[588]	NONE	0x200009D0	HAL::I2CIntr::I2CLogs_t	
[589]	NONE	0x200009D1	HAL::I2CIntr::I2CLogs_t	
[590]	NONE	0x200009D2	HAL::I2CIntr::I2CLogs_t	
[591]	NONE	0x200009D3	HAL::I2CIntr::I2CLogs_t	
[592]	NONE	0x200009D4	HAL::I2CIntr::I2CLogs_t	
[593]	NONE	0x200009D5	HAL::I2CIntr::I2CLogs_t	
[594]	NONE	0x200009D6	HAL::I2CIntr::I2CLogs_t	
[595]	NONE	0x200009D7	HAL::I2CIntr::I2CLogs_t	
[596]	NONE	0x200009D8	HAL::I2CIntr::I2CLogs_t	
[597]	NONE	0x200009D9	HAL::I2CIntr::I2CLogs_t	
[598]	NONE	0x200009DA	HAL::I2CIntr::I2CLogs_t	
[599]	NONE	0x200009DB	HAL::I2CIntr::I2CLogs_t	
[600]	NONE	0x200009DC	HAL::I2CIntr::I2CLogs_t	
[601]	NONE	0x200009DD	HAL::I2CIntr::I2CLogs_t	
[602]	NONE	0x200009DE	HAL::I2CIntr::I2CLogs_t	
[603]	NONE	0x200009DF	HAL::I2CIntr::I2CLogs_t	
[604]	NONE	0x200009E0	HAL::I2CIntr::I2CLogs_t	
[605]	NONE	0x200009E1	HAL::I2CIntr::I2CLogs_t	
[606]	NONE	0x200009E2	HAL::I2CIntr::I2CLogs_t	
[607]	NONE	0x200009E3	HAL::I2CIntr::I2CLogs_t	
[608]	NONE	0x200009E4	HAL::I2CIntr::I2CLogs_t	
[609]	NONE	0x200009E5	HAL::I2CIntr::I2CLogs_t	
[610]	NONE	0x200009E6	HAL::I2CIntr::I2CLogs_t	
[611]	NONE	0x200009E7	HAL::I2CIntr::I2CLogs_t	
[612]	NONE	0x200009E8	HAL::I2CIntr::I2CLogs_t	
[613]	NONE	0x200009E9	HAL::I2CIntr::I2CLogs_t	
[614]	NONE	0x200009EA	HAL::I2CIntr::I2CLogs_t	
[615]	NONE	0x200009EB	HAL::I2CIntr::I2CLogs_t	
[616]	NONE	0x200009EC	HAL::I2CIntr::I2CLogs_t	
[617]	NONE	0x200009ED	HAL::I2CIntr::I2CLogs_t	
[618]	NONE	0x200009EE	HAL::I2CIntr::I2CLogs_t	
[619]	NONE	0x200009EF	HAL::I2CIntr::I2CLogs_t	
[620]	NONE	0x200009F0	HAL::I2CIntr::I2CLogs_t	
[621]	NONE	0x200009F1	HAL::I2CIntr::I2CLogs_t	
[622]	NONE	0x200009F2	HAL::I2CIntr::I2CLogs_t	
[623]	NONE	0x200009F3	HAL::I2CIntr::I2CLogs_t	
[624]	NONE	0x200009F4	HAL::I2CIntr::I2CLogs_t	
[625]	NONE	0x200009F5	HAL::I2CIntr::I2CLogs_t	
[626]	NONE	0x200009F6	HAL::I2CIntr::I2CLogs_t	
[627]	NONE	0x200009F7	HAL::I2CIntr::I2CLogs_t	
[628]	NONE	0x200009F8	HAL::I2CIntr::I2CLogs_t	
[629]	NONE	0x200009F9	HAL::I2CIntr::I2CLogs_t	
[630]	NONE	0x200009FA	HAL::I2CIntr::I2CLogs_t	
[631]	NONE	0x200009FB	HAL::I2CIntr::I2CLogs_t	
[632]	NONE	0x200009FC	HAL::I2CIntr::I2CLogs_t	
[633]	NONE	0x200009FD	HAL::I2CIntr::I2CLogs_t	
[634]	NONE	0x200009FE	HAL::I2CIntr::I2CLogs_t	
[635]	NONE	0x200009FF	HAL::I2CIntr::I2CLogs_t	
[636]	NONE	0x20000A00	HAL::I2CIntr::I2CLogs_t	
[637]	NONE	0x20000A01	HAL::I2CIntr::I2CLogs_t	
[638]	NONE	0x20000A02	HAL::I2CIntr::I2CLogs_t	
[639]	NONE	0x20000A03	HAL::I2CIntr::I2CLogs_t	
[640]	NONE	0x20000A04	HAL::I2CIntr::I2CLogs_t	
[641]	NONE	0x20000A05	HAL::I2CIntr::I2CLogs_t	
[642]	NONE	0x20000A06	HAL::I2CIntr::I2CLogs_t	
[643]	NONE	0x20000A07	HAL::I2CIntr::I2CLogs_t	
[644]	NONE	0x20000A08	HAL::I2CIntr::I2CLogs_t	
[645]	NONE	0x20000A09	HAL::I2CIntr::I2CLogs_t	
[646]	NONE	0x20000A0A	HAL::I2CIntr::I2CLogs_t	
[647]	NONE	0x20000A0B	HAL::I2CIntr::I2CLogs_t	
[648]	NONE	0x20000A0C	HAL::I2CIntr::I2CLogs_t	
[649]	NONE	0x20000A0D	HAL::I2CIntr::I2CLogs_t	
[650]	NONE	0x20000A0E	HAL::I2CIntr::I2CLogs_t	
[651]	NONE	0x20000A0F	HAL::I2CIntr::I2CLogs_t	
[652]	NONE	0x20000A10	HAL::I2CIntr::I2CLogs_t	
[653]	NONE	0x20000A11	HAL::I2CIntr::I2CLogs_t	
[654]	NONE	0x20000A12	HAL::I2CIntr::I2CLogs_t	
[655]	NONE	0x20000A13	HAL::I2CIntr::I2CLogs_t	
[656]	NONE	0x20000A14	HAL::I2CIntr::I2CLogs_t	
[657]	NONE	0x20000A15	HAL::I2CIntr::I2CLogs_t	
[658]	NONE	0x20000A16	HAL::I2CIntr::I2CLogs_t	
[659]	NONE	0x20000A17	HAL::I2CIntr::I2CLogs_t	
[660]	NONE	0x20000A18	HAL::I2CIntr::I2CLogs_t	
[661]	NONE	0x20000A19	HAL::I2CIntr::I2CLogs_t	
[662]	NONE	0x20000A1A	HAL::I2CIntr::I2CLogs_t	
[663]	NONE	0x20000A1B	HAL::I2CIntr::I2CLogs_t	
[664]	NONE	0x20000A1C	HAL::I2CIntr::I2CLogs_t	
[665]	NONE	0x20000A1D	HAL::I2CIntr::I2CLogs_t	
[666]	NONE	0x20000A1E	HAL::I2CIntr::I2CLogs_t	
[667]	NONE	0x20000A1F	HAL::I2CIntr::I2CLogs_t	
[668]	NONE	0x20000A20	HAL::I2CIntr::I2CLogs_t	
[669]	NONE	0x20000A21	HAL::I2CIntr::I2CLogs_t	
[670]	NONE	0x20000A22	HAL::I2CIntr::I2CLogs_t	
[671]	NONE	0x20000A23	HAL::I2CIntr::I2CLogs_t	
[672]	NONE	0x20000A24	HAL::I2CIntr::I2CLogs_t	
[673]	NONE	0x20000A25	HAL::I2CIntr::I2CLogs_t	
[674]	NONE	0x20000A26	HAL::I2CIntr::I2CLogs_t	
[675]	NONE	0x20000A27	HAL::I2CIntr::I2CLogs_t	
[676]	NONE	0x20000A28	HAL::I2CIntr::I2CLogs_t	
[677]	NONE	0x20000A29	HAL::I2CIntr::I2CLogs_t	
[678]	NONE	0x20000A2A	HAL::I2CIntr::I2CLogs_t	
[679]	NONE	0x20000A2B	HAL::I2CIntr::I2CLogs_t	
[680]	NONE	0x20000A2C	HAL::I2CIntr::I2CLogs_t	
[681]	NONE	0x20000A2D	HAL::I2CIntr::I2CLogs_t	
[682]	NONE	0x20000A2E	HAL::I2CIntr::I2CLogs_t	
[683]	NONE	0x20000A2F	HAL::I2CIntr::I2CLogs_t	
[684]	NONE	0x20000A30	HAL::I2CIntr::I2CLogs_t	
[685]	NONE	0x20000A31	HAL::I2CIntr::I2CLogs_t	
[686]	NONE	0x20000A32	HAL::I2CIntr::I2CLogs_t	
[687]	NONE	0x20000A33	HAL::I2CIntr::I2CLogs_t	
[688]	NONE	0x20000A34	HAL::I2CIntr::I2CLogs_t	
[689]	NONE	0x20000A35	HAL::I2CIntr::I2CLogs_t	
[690]	NONE	0x20000A36	HAL::I2CIntr::I2CLogs_t	
[691]	NONE	0x20000A37	HAL::I2CIntr::I2CLogs_t	
[692]	NONE	0x20000A38	HAL::I2CIntr::I2CLogs_t	
[693]	NONE	0x20000A39	HAL::I2CIntr::I2CLogs_t	
[694]	NONE	0x20000A3A	HAL::I2CIntr::I2CLogs_t	
[695]	NONE	0x20000A3B	HAL::I2CIntr::I2CLogs_t	
[696]	NONE	0x20000A3C	HAL::I2CIntr::I2CLogs_t	
[697]	NONE	0x20000A3D	HAL::I2CIntr::I2CLogs_t	
[698]	NONE	0x20000A3E	HAL::I2CIntr::I2CLogs_t	
[699]	NONE	0x20000A3F	HAL::I2CIntr::I2CLogs_t	
[700]	NONE	0x20000A40	HAL::I2CIntr::I2CLogs_t	
[701]	NONE	0x20000A41	HAL::I2CIntr::I2CLogs_t	
[702]	NONE	0x20000A42	HAL::I2CIntr::I2CLogs_t	
[703]	NONE	0x20000A43	HAL::I2CIntr::I2CLogs_t	
[704]	NONE	0x20000A44	HAL::I2CIntr::I2CLogs_t	
[705]	NONE	0x20000A45	HAL::I2CIntr::I2CLogs_t	
[706]	NONE	0x20000A46	HAL::I2CIntr::I2CLogs_t	
[707]	NONE	0x20000A47	HAL::I2CIntr::I2CLogs_t	
[708]	NONE	0x20000A48	HAL::I2CIntr::I2CLogs_t	
[709]	NONE	0x20000A49	HAL::I2CIntr::I2CLogs_t	
[710]	NONE	0x20000A4A	HAL::I2CIntr::I2CLogs_t	
[711]	NONE	0x20000A4B	HAL::I2CIntr::I2CLogs_t	
[712]	NONE	0x20000A4C	HAL::I2CIntr::I2CLogs_t	
[713]	NONE	0x20000A4D	HAL::I2CIntr::I2CLogs_t	
[714]	NONE	0x20000A4E	HAL::I2CIntr::I2CLogs_t	
[715]	NONE	0x20000A4F	HAL::I2CIntr::I2CLogs_t	
[716]	NONE	0x20000A50	HAL::I2CIntr::I2CLogs_t	
[717]	NONE	0x20000A51	HAL::I2CIntr::I2CLogs_t	
[718]	NONE	0x20000A52	HAL::I2CIntr::I2CLogs_t	
[719]	NONE	0x20000A53	HAL::I2CIntr::I2CLogs_t	
[720]	NONE	0x20000A54	HAL::I2CIntr::I2CLogs_t	
[721]	NONE	0x20000A55	HAL::I2CIntr::I2CLogs_t	
[722]	NONE	0x20000A56	HAL::I2CIntr::I2CLogs_t	
[723]	NONE	0x20000A57	HAL::I2CIntr::I2CLogs_t	
[724]	NONE	0x20000A58	HAL::I2CIntr::I2CLogs_t	
[725]	NONE	0x20000A59	HAL::I2CIntr::I2CLogs_t	
[726]	NONE	0x20000A5A	HAL::I2CIntr::I2CLogs_t	
[727]	NONE	0x20000A5B	HAL::I2CIntr::I2CLogs_t	
[728]	NONE	0x20000A5C	HAL::I2CIntr::I2CLogs_t	
[729]	NONE	0x20000A5D	HAL::I2CIntr::I2CLogs_t	
[730]	NONE	0x20000A5E	HAL::I2CIntr::I2CLogs_t	
[731]	NONE	0x20000A5F	HAL::I2CIntr::I2CLogs_t	
[732]	NONE	0x20000A60	HAL::I2CIntr::I2CLogs_t	
[733]	NONE	0x20000A61	HAL::I2CIntr::I2CLogs_t	
[734]	NONE	0x20000A62	HAL::I2CIntr::I2CLogs_t	
[735]	NONE	0x20000A63	HAL::I2CIntr::I2CLogs_t	
[736]	NONE	0x20000A64	HAL::I2CIntr::I2CLogs_t	
[737]	NONE	0x20000A65	HAL::I2CIntr::I2CLogs_t	
[738]	NONE	0x20000A66	HAL::I2CIntr::I2CLogs_t	
[739]	NONE	0x20000A67	HAL::I2CIntr::I2CLogs_t	
[740]	NONE	0x20000A68	HAL::I2CIntr::I2CLogs_t	
[741]	NONE	0x20000A69	HAL::I2CIntr::I2CLogs_t	
[742]	NONE	0x20000A6A	HAL::I2CIntr::I2CLogs_t	
[743]	NONE	0x20000A6B	HAL::I2CIntr::I2CLogs_t	
[744]	NONE	0x20000A6C	HAL::I2CIntr::I2CLogs_t	
[745]	NONE	0x20000A6D	HAL::I2CIntr::I2CLogs_t	
[746]	NONE	0x20000A6E	HAL::I2CIntr::I2CLogs_t	
[747]	NONE	0x20000A6F	HAL::I2CIntr::I2CLogs_t	
[748]	NONE	0x20000A70	HAL::I2CIntr::I2CLogs_t	
[749]	NONE	0x20000A71	HAL::I2CIntr::I2CLogs_t	
[750]	NONE	0x20000A72	HAL::I2CIntr::I2CLogs_t	
[751]	NONE	0x20000A73	HAL::I2CIntr::I2CLogs_t	
[752]	NONE	0x20000A74	HAL::I2CIntr::I2CLogs_t	
[753]	NONE	0x20000A75	HAL::I2CIntr::I2CLogs_t	
[754]	NONE	0x20000A76	HAL::I2CIntr::I2CLogs_t	
[755]	NONE	0x20000A77	HAL::I2CIntr::I2CLogs_t	
[756]	NONE	0x20000A78	HAL::I2CIntr::I2CLogs_t	
[757]	NONE	0x20000A79	HAL::I2CIntr::I2CLogs_t	
[758]	NONE	0x20000A7A	HAL::I2CIntr::I2CLogs_t	
[759]	NONE	0x20000A7B	HAL::I2CIntr::I2CLogs_t	
[760]	NONE	0x20000A7C	HAL::I2CIntr::I2CLogs_t	
[761]	NONE	0x20000A7D	HAL::I2CIntr::I2CLogs_t	
[762]	NONE	0x20000A7E	HAL::I2CIntr::I2CLogs_t	
[763]	NONE	0x20000A7F	HAL::I2CIntr::I2CLogs_t	
[764]	NONE	0x20000A80	HAL::I2CIntr::I2CLogs_t	
[765]	NONE	0x20000A81	HAL::I2CIntr::I2CLogs_t	
[766]	NONE	0x20000A82	HAL::I2CIntr::I2CLogs_t	
[767]	NONE	0x20000A83	HAL::I2CIntr::I2CLogs_t	
[768]	NONE	0x20000A84	HAL::I2CIntr::I2CLogs_t	
[769]	NONE	0x20000A85	HAL::I2CIntr::I2CLogs_t	
[770]	NONE	0x20000A86	HAL::I2CIntr::I2CLogs_t	
[771]	NONE	0x20000A87	HAL::I2CIntr::I2CLogs_t	
[772]	NONE	0x20000A88	HAL::I2CIntr::I2CLogs_t	
[773]	NONE	0x20000A89	HAL::I2CIntr::I2CLogs_t	
[774]	NONE	0x20000A8A	HAL::I2CIntr::I2CLogs_t	
[775]	NONE	0x20000A8B	HAL::I2CIntr::I2CLogs_t	
[776]	NONE	0x20000A8C	HAL::I2CIntr::I2CLogs_t	
[777]	NONE	0x20000A8D	HAL::I2CIntr::I2CLogs_t	
[778]	NONE	0x20000A8E	HAL::I2CIntr::I2CLogs_t	
[779]	NONE	0x20000A8F	HAL::I2CIntr::I2CLogs_t	
[780]	NONE	0x20000A90	HAL::I2CIntr::I2CLogs_t	
[781]	NONE	0x20000A91	HAL::I2CIntr::I2CLogs_t	
[782]	NONE	0x20000A92	HAL::I2CIntr::I2CLogs_t	
[783]	NONE	0x20000A93	HAL::I2CIntr::I2CLogs_t	
[784]	NONE	0x20000A94	HAL::I2CIntr::I2CLogs_t	
[785]	NONE	0x20000A95	HAL::I2CIntr::I2CLogs_t	
[786]	NONE	0x20000A96	HAL::I2CIntr::I2CLogs_t	
[787]	NONE	0x20000A97	HAL::I2CIntr::I2CLogs_t	
[788]	NONE	0x20000A98	HAL::I2CIntr::I2CLogs_t	
[789]	NONE	0x20000A99	HAL::I2CIntr::I2CLogs_t	
[790]	NONE	0x20000A9A	HAL::I2CIntr::I2CLogs_t	
[791]	NONE	0x20000A9B	HAL::I2CIntr::I2CLogs_t	
[792]	NONE	0x20000A9C	HAL::I2CIntr::I2CLogs_t	
[793]	NONE	0x20000A9D	HAL::I2CIntr::I2CLogs_t	
[794]	NONE	0x20000A9E	HAL::I2CIntr::I2CLogs_t	
[795]	NONE	0x20000A9F	HAL::I2CIntr::I2CLogs_t	
[796]	NONE	0x20000AA0	HAL::I2CIntr::I2CLogs_t	
[797]	NONE	0x20000AA1	HAL::I2CIntr::I2CLogs_t	
[798]	NONE	0x20000AA2	HAL::I2CIntr::I2CLogs_t	
[799]	NONE	0x20000AA3	HAL::I2CIntr::I2CLogs_t	
[800]	NONE	0x20000AA4	HAL::I2CIntr::I2CLogs_t	
[801]	NONE	0x20000AA5	HAL::I2CIntr::I2CLogs_t	
[802]	NONE	0x20000AA6	HAL::I2CIntr::I2CLogs_t	
[803]	NONE	0x20000AA7	HAL::I2CIntr::I2CLogs_t	
[804]	NONE	0x20000AA8	HAL::I2CIntr::I2CLogs_t	
[805]	NONE	0x20000AA9	HAL::I2CIntr::I2CLogs_t	
[806]	NONE	0x20000AAA	HAL::I2CIntr::I2CLogs_t	
[807]	NONE	0x20000AAB	HAL::I2CIntr::I2CLogs_t	
[808]	NONE	0x20000AAC	HAL::I2CIntr::I2CLogs_t	
[809]	NONE	0x20000AAD	HAL::I2CIntr::I2CLogs_t	
[810]	NONE	0x20000AAE	HAL::I2CIntr::I2CLogs_t	
[811]	NONE	0x20000AAF	HAL::I2CIntr::I2CLogs_t	
[812]	NONE	0x20000AB0	HAL::I2CIntr::I2CLogs_t	
[813]	NONE	0x20000AB1	HAL::I2CIntr::I2CLogs_t	
[814]	NONE	0x20000AB2	HAL::I2CIntr::I2CLogs_t	
[815]	NONE	0x20000AB3	HAL::I2CIntr::I2CLogs_t	
[816]	NONE	0x20000AB4	HAL::I2CIntr::I2CLogs_t	
[817]	NONE	0x20000AB5	HAL::I2CIntr::I2CLogs_t	
[818]	NONE	0x20000AB6	HAL::I2CIntr::I2CLogs_t	
[819]	NONE	0x20000AB7	HAL::I2CIntr::I2CLogs_t	
[820]	NONE	0x20000AB8	HAL::I2CIntr::I2CLogs_t	
[821]	NONE	0x20000AB9	HAL::I2CIntr::I2CLogs_t	
[822]	NONE	0x20000ABA	HAL::I2CIntr::I2CLogs_t	
[823]	NONE	0x20000ABB	HAL::I2CIntr::I2CLogs_t	
[824]	NONE	0x20000ABC	HAL::I2CIntr::I2CLogs_t	
[825]	NONE	0x20000ABD	HAL::I2CIntr::I2CLogs_t	
[826]	NONE	0x20000ABE	HAL::I2CIntr::I2CLogs_t	
[827]	NONE	0x20000ABF	HAL::I2CIntr::I2CLogs_t	
[828]	NONE	0x20000AC0	HAL::I2CIntr::I2CLogs_t	
[829]	NONE	0x20000AC1	HAL::I2CIntr::I2CLogs_t	
[830]	NONE	0x20000AC2	HAL::I2CIntr::I2CLogs_t	
[831]	NONE	0x20000AC3	HAL::I2CIntr::I2CLogs_t	
[832]	NONE	0x20000AC4	HAL::I2CIntr::I2CLogs_t	
[833]	NONE	0x20000AC5	HAL::I2CIntr::I2CLogs_t	
[834]	NONE	0x20000AC6	HAL::I2CIntr::I2CLogs_t	
[835]	NONE	0x20000AC7	HAL::I2CIntr::I2CLogs_t	
[836]	NONE	0x20000AC8	HAL::I2CIntr::I2CLogs_t	
[837]	NONE	0x20000AC9	HAL::I2CIntr::I2CLogs_t	
[838]	NONE	0x20000ACA	HAL::I2CIntr::I2CLogs_t	
[839]	NONE	0x20000ACB	HAL::I2CIntr::I2CLogs_t	
[840]	NONE	0x20000ACC	HAL::I2CIntr::I2CLogs_t	
[841]	NONE	0x20000ACD	HAL::I2CIntr::I2CLogs_t	
[842]	NONE	0x20000ACE	HAL::I2CIntr::I2CLogs_t	
[843]	NONE	0x20000ACF	HAL::I2CIntr::I2CLogs_t	
[844]	NONE	0x20000AD0	HAL::I2CIntr::I2CLogs_t	
[845]	NONE	0x20000AD1	HAL::I2CIntr::I2CLogs_t	
[846]	NONE	0x20000AD2	HAL::I2CIntr::I2CLogs_t	
[847]	NONE	0x20000AD3	HAL::I2CIntr::I2CLogs_t	
[848]	NONE	0x20000AD4	HAL::I2CIntr::I2CLogs_t	
[849]	NONE	0x20000AD5	HAL::I2CIntr::I2CLogs_t	
[850]	NONE	0x20000AD6	HAL::I2CIntr::I2CLogs_t	
[851]	NONE	0x20000AD7	HAL::I2CIntr::I2CLogs_t	
[852]	NONE	0x20000AD8	HAL::I2CIntr::I2CLogs_t	
[853]	NONE	0x20000AD9	HAL::I2CIntr::I2CLogs_t	
[854]	NONE	0x20000ADA	HAL::I2CIntr::I2CLogs_t	
[855]	NONE	0x20000ADB	HAL::I2CIntr::I2CLogs_t	
[856]	NONE	0x20000ADC	HAL::I2CIntr::I2CLogs_t	
[857]	NONE	0x20000ADD	HAL::I2CIntr::I2CLogs_t	
[858]	NONE	0x20000ADE	HAL::I2CIntr::I2CLogs_t	
[859]	NONE	0x20000ADF	HAL::I2CIntr::I2CLogs_t	
[860]	NONE	0x20000AE0	HAL::I2CIntr::I2CLogs_t	
[861]	NONE	0x20000AE1	HAL::I2CIntr::I2CLogs_t	
[862]	NONE	0x20000AE2	HAL::I2CIntr::I2CLogs_t	
[863]	NONE	0x20000AE3	HAL::I2CIntr::I2CLogs_t	
[864]	NONE	0x20000AE4	HAL::I2CIntr::I2CLogs_t	
[865]	NONE	0x20000AE5	HAL::I2CIntr::I2CLogs_t	
[866]	NONE	0x20000AE6	HAL::I2CIntr::I2CLogs_t	
[867]	NONE	0x20000AE7	HAL::I2CIntr::I2CLogs_t	
[868]	NONE	0x20000AE8	HAL::I2CIntr::I2CLogs_t	
[869]	NONE	0x20000AE9	HAL::I2CIntr::I2CLogs_t	
[870]	NONE	0x20000AEA	HAL::I2CIntr::I2CLogs_t	
[871]	NONE	0x20000AEB	HAL::I2CIntr::I2CLogs_t	
[872]	NONE	0x20000AEC	HAL::I2CIntr::I2CLogs_t	
[873]	NONE	0x20000AED	HAL::I2CIntr::I2CLogs_t	
[874]	NONE	0x20000AEE	HAL::I2CIntr::I2CLogs_t	
[875]	NONE	0x20000AEF	HAL::I2CIntr::I2CLogs_t	
[876]	NONE	0x20000AF0	HAL::I2CIntr::I2CLogs_t	
[877]	NONE	0x20000AF1	HAL::I2CIntr::I2CLogs_t	
[878]	NONE	0x20000AF2	HAL::I2CIntr::I2CLogs_t	
[879]	NONE	0x20000AF3	HAL::I2CIntr::I2CLogs_t	
[880]	NONE	0x20000AF4	HAL::I2CIntr::I2CLogs_t	
[881]	NONE	0x20000AF5	HAL::I2CIntr::I2CLogs_t	
[882]	NONE	0x20000AF6	HAL::I2CIntr::I2CLogs_t	
[883]	NONE	0x20000AF7	HAL::I2CIntr::I2CLogs_t	
[884]	NONE	0x20000AF8	HAL::I2CIntr::I2CLogs_t	
[885]	NONE	0x20000AF9	HAL::I2CIntr::I2CLogs_t	
[886]	NONE	0x20000AFA	HAL::I2CIntr::I2CLogs_t	
[887]	NONE	0x20000AFB	HAL::I2CIntr::I2CLogs_t	
[888]	NONE	0x20000AFC	HAL::I2CIntr::I2CLogs_t	
[889]	NONE	0x20000AFD	HAL::I2CIntr::I2CLogs_t	
[890]	NONE	0x20000AFE	HAL::I2CIntr::I2CLogs_t	
[891]	NONE	0x20000AFF	HAL::I2CIntr::I2CLogs_t	
[892]	NONE	0x20000B00	HAL::I2CIntr::I2CLogs_t	
[893]	NONE	0x20000B01	HAL::I2CIntr::I2CLogs_t	
[894]	NONE	0x20000B02	HAL::I2CIntr::I2CLogs_t	
[895]	NONE	0x20000B03	HAL::I2CIntr::I2CLogs_t	
[896]	NONE	0x20000B04	HAL::I2CIntr::I2CLogs_t	
[897]	NONE	0x20000B05	HAL::I2CIntr::I2CLogs_t	
[898]	NONE	0x20000B06	HAL::I2CIntr::I2CLogs_t	
[899]	NONE	0x20000B07	HAL::I2CIntr::I2CLogs_t	
[900]	NONE	0x20000B08	HAL::I2CIntr::I2CLogs_t	
[901]	NONE	0x20000B09	HAL::I2CIntr::I2CLogs_t	
[902]	NONE	0x20000B0A	HAL::I2CIntr::I2CLogs_t	
[903]	NONE	0x20000B0B	HAL::I2CIntr::I2CLogs_t	
[904]	NONE	0x20000B0C	HAL::I2CIntr::I2CLogs_t	
[905]	NONE	0x20000B0D	HAL::I2CIntr::I2CLogs_t	
[906]	NONE	0x20000B0E	HAL::I2CIntr::I2CLogs_t	
[907]	NONE	0x20000B0F	HAL::I2CIntr::I2CLogs_t	
[908]	NONE	0x20000B10	HAL::I2CIntr::I2CLogs_t	
[909]	NONE	0x20000B11	HAL::I2CIntr::I2CLogs_t	
[910]	NONE	0x20000B12	HAL::I2CIntr::I2CLogs_t	
[911]	NONE	0x20000B13	HAL::I2CIntr::I2CLogs_t	
[912]	NONE	0x20000B14	HAL::I2CIntr::I2CLogs_t	
[913]	NONE	0x20000B15	HAL::I2CIntr::I2CLogs_t	
[914]	NONE	0x20000B16	HAL::I2CIntr::I2CLogs_t	
[915]	NONE	0x20000B17	HAL::I2CIntr::I2CLogs_t	
[916]	NONE	0x20000B18	HAL::I2CIntr::I2CLogs_t	
[917]	NONE	0x20000B19	HAL::I2CIntr::I2CLogs_t	
[918]	NONE	0x20000B1A	HAL::I2CIntr::I2CLogs_t	
[919]	NONE	0x20000B1B	HAL::I2CIntr::I2CLogs_t	
[920]	NONE	0x20000B1C	HAL::I2CIntr::I2CLogs_t	
[921]	NONE	0x20000B1D	HAL::I2CIntr::I2CLogs_t	
[922]	NONE	0x20000B1E	HAL::I2CIntr::I2CLogs_t	
[923]	NONE	0x20000B1F	HAL::I2CIntr::I2CLogs_t	
[924]	NONE	0x20000B20	HAL::I2CIntr::I2CLogs_t	
[925]	NONE	0x20000B21	HAL::I2CIntr::I2CLogs_t	
[926]	NONE	0x20000B22	HAL::I2CIntr::I2CLogs_t	
[927]	NONE	0x20000B23	HAL::I2CIntr::I2CLogs_t	
[928]	NONE	0x20000B24	HAL::I2CIntr::I2CLogs_t	
[929]	NONE	0x20000B25	HAL::I2CIntr::I2CLogs_t	
[930]	NONE	0x20000B26	HAL::I2CIntr::I2CLogs_t	
[931]	NONE	0x20000B27	HAL::I2CIntr::I2CLogs_t	
[932]	NONE	0x20000B28	HAL::I2CIntr::I2CLogs_t	
[933]	NONE	0x20000B29	HAL::I2CIntr::I2CLogs_t	
[934]	NONE	0x20000B2A	HAL::I2CIntr::I2CLogs_t	
[935]	NONE	0x20000B2B	HAL::I2CIntr::I2CLogs_t	
[936]	NONE	0x20000B2C	HAL::I2CIntr::I2CLogs_t	
[937]	NONE	0x20000B2D	HAL::I2CIntr::I2CLogs_t	
[938]	NONE	0x20000B2E	HAL::I2CIntr::I2CLogs_t	
[939]	NONE	0x20000B2F	HAL::I2CIntr::I2CLogs_t	
[940]	NONE	0x20000B30	HAL::I2CIntr::I2CLogs_t	
[941]	NONE	0x20000B31	HAL::I2CIntr::I2CLogs_t	
[942]	NONE	0x20000B32	HAL::I2CIntr::I2CLogs_t	
[943]	NONE	0x20000B33	HAL::I2CIntr::I2CLogs_t	
[944]	NONE	0x20000B34	HAL::I2CIntr::I2CLogs_t	
[945]	NONE	0x20000B35	HAL::I2CIntr::I2CLogs_t	
[946]	NONE	0x20000B36	HAL::I2CIntr::I2CLogs_t	
[947]	NONE	0x20000B37	HAL::I2CIntr::I2CLogs_t	
[948]	NONE	0x20000B38	HAL::I2CIntr::I2CLogs_t	
[949]	NONE	0x20000B39	HAL::I2CIntr::I2CLogs_t	
[950]	NONE	0x20000B3A	HAL::I2CIntr::I2CLogs_t	
[951]	NONE	0x20000B3B	HAL::I2CIntr::I2CLogs_t	
[952]	NONE	0x20000B3C	HAL::I2CIntr::I2CLogs_t	
[953]	NONE	0x20000B3D	HAL::I2CIntr::I2CLogs_t	
[954]	NONE	0x20000B3E	HAL::I2CIntr::I2CLogs_t	
[955]	NONE	0x20000B3F	HAL::I2CIntr::I2CLogs_t	
[956]	NONE	0x20000B40	HAL::I2CIntr::I2CLogs_t	
[957]	NONE	0x20000B41	HAL::I2CIntr::I2CLogs_t	
[958]	NONE	0x20000B42	HAL::I2CIntr::I2CLogs_t	
[959]	NONE	0x20000B43	HAL::I2CIntr::I2CLogs_t	
[960]	NONE	0x20000B44	HAL::I2CIntr::I2CLogs_t	
[961]	NONE	0x20000B45	HAL::I2CIntr::I2CLogs_t	
[962]	NONE	0x20000B46	HAL::I2CIntr::I2CLogs_t	
[963]	NONE	0x20000B47	HAL::I2CIntr::I2CLogs_t	
[964]	NONE	0x20000B48	HAL::I2CIntr::I2CLogs_t	
[965]	NONE	0x20000B49	HAL::I2CIntr::I2CLogs_t	
[966]	NONE	0x20000B4A	HAL::I2CIntr::I2CLogs_t	
[967]	NONE	0x20000B4B	HAL::I2CIntr::I2CLogs_t	
[968]	NONE	0x20000B4C	HAL::I2CIntr::I2CLogs_t	
[969]	NONE	0x20000B4D	HAL::I2CIntr::I2CLogs_t	
[970]	NONE	0x20000B4E	HAL::I2CIntr::I2CLogs_t	
[971]	NONE	0x20000B4F	HAL::I2CIntr::I2CLogs_t	
[972]	NONE	0x20000B50	HAL::I2CIntr::I2CLogs_t	
[973]	NONE	0x20000B51	HAL::I2CIntr::I2CLogs_t	
[974]	NONE	0x20000B52	HAL::I2CIntr::I2CLogs_t	
[975]	NONE	0x20000B53	HAL::I2CIntr::I2CLogs_t	
[976]	NONE	0x20000B54	HAL::I2CIntr::I2CLogs_t	
[977]	NONE	0x20000B55	HAL::I2CIntr::I2CLogs_t	
[978]	NONE	0x20000B56	HAL::I2CIntr::I2CLogs_t	
[979]	NONE	0x20000B57	HAL::I2CIntr::I2CLogs_t	
[980]	NONE	0x20000B58	HAL::I2CIntr::I2CLogs_t	
[981]	NONE	0x20000B59	HAL::I2CIntr::I2CLogs_t	
[982]	NONE	0x20000B5A	HAL::I2CIntr::I2CLogs_t	
[983]	NONE	0x20000B5B	HAL::I2CIntr::I2CLogs_t	
[984]	NONE	0x20000B5C	HAL::I2CIntr::I2CLogs_t	
[985]	NONE	0x20000B5D	HAL::I2CIntr::I2CLogs_t	
[986]	NONE	0x20000B5E	HAL::I2CIntr::I2CLogs_t	
[987]	NONE	0x20000B5F	HAL::I2CIntr::I2CLogs_t	
[988]	NONE	0x20000B60	HAL::I2CIntr::I2CLogs_t	
[989]	NONE	0x20000B61	HAL::I2CIntr::I2CLogs_t	
[990]	NONE	0x20000B62	HAL::I2CIntr::I2CLogs_t	
[991]	NONE	0x20000B63	HAL::I2CIntr::I2CLogs_t	
[992]	NONE	0x20000B64	HAL::I2CIntr::I2CLogs_t	
[993]	NONE	0x20000B65	HAL::I2CIntr::I2CLogs_t	
[994]	NONE	0x20000B66	HAL::I2CIntr::I2CLogs_t	
[995]	NONE	0x20000B67	HAL::I2CIntr::I2CLogs_t	
[996]	NONE	0x20000B68	HAL::I2CIntr::I2CLogs_t	
[997]	NONE	0x20000B69	HAL::I2CIntr::I2CLogs_t	
[998]	NONE	0x20000B6A	HAL::I2CIntr::I2CLogs_t	
[999]	NONE	0x20000B6B	HAL::I2CIntr::I2CLogs_t	
[1000]	NONE	0x20000B6C	HAL::I2CIntr::I2CLogs_t	
[1001]	NONE	0x20000B6D	HAL::I2CIntr::I2CLogs_t	
[1002]	NONE	0x20000B6E	HAL::I2CIntr::I2CLogs_t	
[1003]	NONE	0x20000B6F	HAL::I2CIntr::I2CLogs_t	
[1004]	NONE	0x20000B70	HAL::I2CIntr::I2CLogs_t	
[1005]	NONE	0x20000B71	HAL::I2CIntr::I2CLogs_t	
[1006]	NONE	0x20000B72	HAL::I2CIntr::I2CLogs_t	
[1007]	NONE	0x20000B73	HAL::I2CIntr::I2CLogs_t	
[1008]	NONE	0x20000B74	HAL::I2CIntr::I2CLogs_t	
[1009]	NONE	0x20000B75	HAL::I2CIntr::I2CLogs_t	
[1010]	NONE	0x20000B76	HAL::I2CIntr::I2CLogs_t	
[1011]	NONE	0x20000B77	HAL::I2CIntr::I2CLogs_t	
[1012]	NONE	0x20000B78	HAL::I2CIntr::I2CLogs_t	
[1013]	NONE	0x20000B79	HAL::I2CIntr::I2CLogs_t	
[1014]	NONE	0x20000B7A	HAL::I2CIntr::I2CLogs_t	
[1015]	NONE	0x20000B7B	HAL::I2CIntr::I2CLogs_t	
[1016]	NONE	0x20000B7C	HAL::I2CIntr::I2CLogs_t	
[1017]	NONE	0x20000B7D	HAL::I2CIntr::I2CLogs_t	
[1018]	NONE	0x20000B7E	HAL::I2CIntr::I2CLogs_t	
[1019]	NONE	0x20000B7F	HAL::I2CIntr::I2CLogs_t	
[1020]	NONE	0x20000B80	HAL::I2CIntr::I2CLogs_t	
[1021]	NONE	0x20000B81	HAL::I2CIntr::I2CLogs_t	
[1022]	NONE	0x20000B82	HAL::I2CIntr::I2CLogs_t	
[1023]	NONE	0x20000B83	HAL::I2CIntr::I2CLogs_t	
[1024]	NONE	0x20000B84	HAL::I2CIntr::I2CLogs_t	
[1025]	NONE	0x20000B85	HAL::I2CIntr::I2CLogs_t	
[1026]	NONE	0x20000B86	HAL::I2CIntr::I2CLogs_t	
[1027]	NONE	0x20000B87	HAL::I2CIntr::I2CLogs_t	
[1028]	NONE	0x20000B88	HAL::I2CIntr::I2CLogs_t	
[1029]	NONE	0x20000B89	HAL::I2CIntr::I2CLogs_t	
[1030]	NONE	0x20000B8A	HAL::I2CIntr::I2CLogs_t	
[1031]	NONE	0x20000B8B	HAL::I2CIntr::I2CLogs_t	
[1032]	NONE	0x20000B8C	HAL::I2CIntr::I2CLogs_t	
[1033]	NONE	0x20000B8D	HAL::I2CIntr::I2CLogs_t	
[1034]	NONE	0x20000B8E	HAL::I2CIntr::I2CLogs_t	
[1035]	NONE	0x20000B8F	HAL::I2CIntr::I2CLogs_t	
[1036]	NONE	0x20000B90	HAL::I2CIntr::I2CLogs_t	
[1037]	NONE	0x20000B91	HAL::I2CIntr::I2CLogs_t	
[1038]	NONE	0x20000B92	HAL::I2CIntr::I2CLogs_t	
[1039]	NONE	0x20000B93	HAL::I2CIntr::I2CLogs_t	
[1040]	NONE	0x20000B94	HAL::I2CIntr::I2CLogs_t	
[1041]	NONE	0x20000B95	HAL::I2CIntr::I2CLogs_t	
[1042]	NONE	0x20000B96	HAL::I2CIntr::I2CLogs_t	
[1043]	NONE	0x20000B97	HAL::I2CIntr::I2CLogs_t	
[1044]	NONE	0x20000B98	HAL::I2CIntr::I2CLogs_t	
[1045]	NONE	0x20000B99	HAL::I2CIntr::I2CLogs_t	
[1046]	NONE	0x20000B9A	HAL::I2CIntr::I2CLogs_t	
[1047]	NONE	0x20000B9B	HAL::I2CIntr::I2CLogs_t	
[1048]	NONE	0x20000B9C	HAL::I2CIntr::I2CLogs_t	
[1049]	NONE	0x20000B9D	HAL::I2CIntr::I2CLogs_t	
[1050]	NONE	0x20000B9E	HAL::I2CIntr::I2CLogs_t	
[1051]	NONE	0x20000B9F	HAL::I2CIntr::I2CLogs_t	
[1052]	NONE	0x20000BA0	HAL::I2CIntr::I2CLogs_t	
[1053]	NONE	0x20000BA1	HAL::I2CIntr::I2CLogs_t	
[1054]	NONE	0x20000BA2	HAL::I2CIntr::I2CLogs_t	
[1055]	NONE	0x20000BA3	HAL::I2CIntr::I2CLogs_t	
[1056]	NONE	0x20000BA4	HAL::I2CIntr::I2CLogs_t	
[1057]	NONE	0x20000BA5	HAL::I2CIntr::I2CLogs_t	
[1058]	NONE	0x20000BA6	HAL::I2CIntr::I2CLogs_t	
[1059]	NONE	0x20000BA7	HAL::I2CIntr::I2CLogs_t	
[1060]	NONE	0x20000BA8	HAL::I2CIntr::I2CLogs_t	
[1061]	NONE	0x20000BA9	HAL::I2CIntr::I2CLogs_t	
[1062]	NONE	0x20000BAA	HAL::I2CIntr::I2CLogs_t	
[1063]	NONE	0x20000BAB	HAL::I2CIntr::I2CLogs_t	
[1064]	NONE	0x20000BAC	HAL::I2CIntr::I2CLogs_t	
[1065]	NONE	0x20000BAD	HAL::I2CIntr::I2CLogs_t	
[1066]	NONE	0x20000BAE	HAL::I2CIntr::I2CLogs_t	
[1067]	NONE	0x20000BAF	HAL::I2CIntr::I2CLogs_t	
[1068]	NONE	0x20000BB0	HAL::I2CIntr::I2CLogs_t	
[1069]	NONE	0x20000BB1	HAL::I2CIntr::I2CLogs_t	
[1070]	NONE	0x20000BB2	HAL::I2CIntr::I2CLogs_t	
[1071]	NONE	0x20000BB3	HAL::I2CIntr::I2CLogs_t	
[1072]	NONE	0x20000BB4	HAL::I2CIntr::I2CLogs_t	
[1073]	NONE	0x20000BB5	HAL::I2CIntr::I2CLogs_t	
[1074]	NONE	0x20000BB6	HAL::I2CIntr::I2CLogs_t	
[1075]	NONE	0x20000BB7	HAL::I2CIntr::I2CLogs_t	
[1076]	NONE	0x20000BB8	HAL::I2CIntr::I2CLogs_t	
[1077]	NONE	0x20000BB9	HAL::I2CIntr::I2CLogs_t	
[1078]	NONE	0x20000BBA	HAL::I2CIntr::I2CLogs_t	
[1079]	NONE	0x20000BBB	HAL::I2CIntr::I2CLogs_t	
[1080]	NONE	0x20000BBC	HAL::I2CIntr::I2CLogs_t	
[1081]	NONE	0x20000BBD	HAL::I2CIntr::I2CLogs_t	
[1082]	NONE	0x20000BBE	HAL::I2CIntr::I2CLogs_t	
[1083]	NONE	0x20000BBF	HAL::I2CIntr::I2CLogs_t	
[1084]	NONE	0x20000BC0	HAL::I2CIntr::I2CLogs_t	
[1085]	NONE	0x20000BC1	HAL::I2CIntr::I2CLogs_t	
[1086]	NONE	0x20000BC2	HAL::I2CIntr::I2CLogs_t	
[1087]	NONE	0x20000BC3	HAL::I2CIntr::I2CLogs_t	
[1088]	NONE	0x20000BC4	HAL::I2CIntr::I2CLogs_t	
[1089]	NONE	0x20000BC5	HAL::I2CIntr::I2CLogs_t	
[1090]	NONE	0x20000BC6	HAL::I2CIntr::I2CLogs_t	
[1091]	NONE	0x20000BC7	HAL::I2CIntr::I2CLogs_t	
[1092]	NONE	0x20000BC8	HAL::I2CIntr::I2CLogs_t	
[1093]	NONE	0x20000BC9	HAL::I2CIntr::I2CLogs_t	
[1094]	NONE	0x20000BCA	HAL::I2CIntr::I2CLogs_t	
[1095]	NONE	0x20000BCB	HAL::I2CIntr::I2CLogs_t	
[1096]	NONE	0x20000BCC	HAL::I2CIntr::I2CLogs_t	
[1097]	NONE	0x20000BCD	HAL::I2CIntr::I2CLogs_t	
[1098]	NONE	0x20000BCE	HAL::I2CIntr::I2CLogs_t	
[1099]	NONE	0x20000BCF	HAL::I2CIntr::I2CLogs_t	
[1100]	NONE	0x20000BD0	HAL::I2CIntr::I2CLogs_t	
[1101]	NONE	0x20000BD1	HAL::I2CIntr::I2CLogs_t	
[1102]	NONE	0x20000BD2	HAL::I2CIntr::I2CLogs_t	
[1103]	NONE	0x20000BD3	HAL::I2CIntr::I2CLogs_t	
[1104]	NONE	0x20000BD4	HAL::I2CIntr::I2CLogs_t	
[1105]	NONE	0x20000BD5	HAL::I2CIntr::I2CLogs_t	
[1106]	NONE	0x20000BD6	HAL::I2CIntr::I2CLogs_t	
[1107]	NONE	0x20000BD7	HAL::I2CIntr::I2CLogs_t	
[1108]	NONE	0x20000BD8	HAL::I2CIntr::I2CLogs_t	
[1109]	NONE	0x20000BD9	HAL::I2CIntr::I2CLogs_t	
[1110]	NONE	0x20000BDA	HAL::I2CIntr::I2CLogs_t	
[1111]	NONE	0x20000BDB	HAL::I2CIntr::I2CLogs_t	
[1112]	NONE	0x20000BDC	HAL::I2CIntr::I2CLogs_t	
[1113]	NONE	0x20000BDD	HAL::I2CIntr::I2CLogs_t	
[1114]	NONE	0x20000BDE	HAL::I2CIntr::I2CLogs_t	
[1115]	NONE	0x20000BDF	HAL::I2CIntr::I2CLogs_t	
[1116]	NONE	0x20000BE0	HAL::I2CIntr::I2CLogs_t	
[1117]	NONE	0x20000BE1	HAL::I2CIntr::I2CLogs_t	
[1118]	NONE	0x20000BE2	HAL::I2CIntr::I2CLogs_t	
[1119]	NONE	0x20000BE3	HAL::I2CIntr::I2CLogs_t	
[1120]	NONE	0x20000BE4	HAL::I2CIntr::I2CLogs_t	
[1121]	NONE	0x20000BE5	HAL::I2CIntr::I2CLogs_t	
[1122]	NONE	0x20000BE6	HAL::I2CIntr::I2CLogs_t	
[1123]	NONE	0x20000BE7	HAL::I2CIntr::I2CLogs_t	
[1124]	NONE	0x20000BE8	HAL::I2CIntr::I2CLogs_t	
[1125]	NONE	0x20000BE9	HAL::I2CIntr::I2CLogs_t	
[1126]	NONE	0x20000BEA	HAL::I2CIntr::I2CLogs_t	
[1127]	NONE	0x20000BEB	HAL::I2CIntr::I2CLogs_t	
[1128]	NONE	0x20000BEC	HAL::I2CIntr::I2CLogs_t	
[1129]	NONE	0x20000BED	HAL::I2CIntr::I2CLogs_t	
[1130]	NONE	0x20000BEE	HAL::I2CIntr::I2CLogs_t	
[1131]	NONE	0x20000BEF	HAL::I2CIntr::I2CLogs_t	
[1132]	NONE	0x20000BF0	HAL::I2CIntr::I2CLogs_t	
[1133]	NONE	0x20000BF1	HAL::I2CIntr::I2CLogs_t	
[1134]	NONE	0x20000BF2	HAL::I2CIntr::I2CLogs_t	
[1135]	NONE	0x20000BF3	HAL::I2CIntr::I2CLogs_t	
[1136]	NONE	0x20000BF4	HAL::I2CIntr::I2CLogs_t	
[1137]	NONE	0x20000BF5	HAL::I2CIntr::I2CLogs_t	
[1138]	NONE	0x20000BF6	HAL::I2CIntr::I2CLogs_t	
[1139]	NONE	0x20000BF7	HAL::I2CIntr::I2CLogs_t	
[1140]	NONE	0x20000BF8	HAL::I2CIntr::I2CLogs_t	
[1141]	NONE	0x20000BF9	HAL::I2CIntr::I2CLogs_t	
[1142]	NONE	0x20000BFA	HAL::I2CIntr::I2CLogs_t	
[1143]	NONE	0x20000BFB	HAL::I2CIntr::I2CLogs_t	
[1144]	NONE	0x20000BFC	HAL::I2CIntr::I2CLogs_t	
[1145]	NONE	0x20000BFD	HAL::I2CIntr::I2CLogs_t	
[1146]	NONE	0x20000BFE	HAL::I2CIntr::I2CLogs_t	
[1147]	NONE	0x20000BFF	HAL::I2CIntr::I2CLogs_t	
[1148]	NONE	0x20000C00	HAL::I2CIntr::I2CLogs_t	
[1149]	NONE	0x20000C01	HAL::I2CIntr::I2CLogs_t	
[1150]	NONE	0x20000C02	HAL::I2CIntr::I2CLogs_t	
[1151]	NONE	0x20000C03	HAL::I2CIntr::I2CLogs_t	
[1152]	NONE	0x20000C04	HAL::I2CIntr::I2CLogs_t	
[1153]	NONE	0x20000C05	HAL::I2CIntr::I2CLogs_t	
[1154]	NONE	0x20000C06	HAL::I2CIntr::I2CLogs_t	
[1155]	NONE	0x20000C07	HAL::I2CIntr::I2CLogs_t	
[1156]	NONE	0x20000C08	HAL::I2CIntr::I2CLogs_t	
[1157]	NONE	0x20000C09	HAL::I2CIntr::I2CLogs_t	
[1158]	NONE	0x20000C0A	HAL::I2CIntr::I2CLogs_t	
[1159]	NONE	0x20000C0B	HAL::I2CIntr::I2CLogs_t	
[1160]	NONE	0x20000C0C	HAL::I2CIntr::I2CLogs_t	
[1161]	NONE	0x20000C0D	HAL::I2CIntr::I2CLogs_t	
[1162]	NONE	0x20000C0E	HAL::I2CIntr::I2CLogs_t	
[1163]	NONE	0x20000C0F	HAL::I2CIntr::I2CLogs_t	
[1164]	NONE	0x20000C10	HAL::I2CIntr::I2CLogs_t	
[1165]	NONE	0x20000C11	HAL::I2CIntr::I2CLogs_t	
[1166]	NONE	0x20000C12	HAL::I2CIntr::I2CLogs_t	
[1167]	NONE	0x20000C13	HAL::I2CIntr::I2CLogs_t	
[1168]	NONE	0x20000C14	HAL::I2CIntr::I2CLogs_t	
[1169]	NONE	0x20000C15	HAL::I2CIntr::I2CLogs_t	
[1170]	NONE	0x20000C16	HAL::I2CIntr::I2CLogs_t	
[1171]	NONE	0x20000C17	HAL::I2CIntr::I2CLogs_t	
[1172]	NONE	0x20000C18	HAL::I2CIntr::I2CLogs_t	
[1173]	NONE	0x20000C19	HAL::I2CIntr::I2CLogs_t	
[1174]	NONE	0x20000C1A	HAL::I2CIntr::I2CLogs_t	
[1175]	NONE	0x20000C1B	HAL::I2CIntr::I2CLogs_t	
[1176]	NONE	0x20000C1C	HAL::I2CIntr::I2CLogs_t	
[1177]	NONE	0x20000C1D	HAL::I2CIntr::I2CLogs_t	
[1178]	NONE	0x20000C1E	HAL::I2CIntr::I2CLogs_t	
[1179]	NONE	0x20000C1F	HAL::I2CIntr::I2CLogs_t	
[1180]	NONE	0x20000C20	HAL::I2CIntr::I2CLogs_t	
[1181]	NONE	0x20000C21	HAL::I2CIntr::I2CLogs_t	
[1182]	NONE	0x20000C22	HAL::I2CIntr::I2CLogs_t	
[1183]	NONE	0x20000C23	HAL::I2CIntr::I2CLogs_t	
[1184]	NONE	0x20000C24	HAL::I2CIntr::I2CLogs_t	
[1185]	NONE	0x20000C25	HAL::I2CIntr::I2CLogs_t	
[1186]	NONE	0x20000C26	HAL::I2CIntr::I2CLogs_t	
[1187]	NONE	0x20000C27	HAL::I2CIntr::I2CLogs_t	
[1188]	NONE	0x20000C28	HAL::I2CIntr::I2CLogs_t	
[1189]	NONE	0x20000C29	HAL::I2CIntr::I2CLogs_t	
[1190]	NONE	0x20000C2A	HAL::I2CIntr::I2CLogs_t	
[1191]	NONE	0x20000C2B	HAL::I2CIntr::I2CLogs_t	
[1192]	NONE	0x20000C2C	HAL::I2CIntr::I2CLogs_t	
[1193]	NONE	0x20000C2D	HAL::I2CIntr::I2CLogs_t	
[1194]	NONE	0x20000C2E	HAL::I2CIntr::I2CLogs_t	
[1195]	NONE	0x20000C2F	HAL::I2CIntr::I2CLogs_t	
[1196]	NONE	0x20000C30	HAL::I2CIntr::I2CLogs_t	
[1197]	NONE	0x20000C31	HAL::I2CIntr::I2CLogs_t	
[1198]	NONE	0x20000C32	HAL::I2CIntr::I2CLogs_t	
[1199]	NONE	0x20000C33	HAL::I2CIntr::I2CLogs_t	
[1200]	NONE	0x20000C34	HAL::I2CIntr::I2CLogs_t	
[1201]	NONE	0x20000C35	HAL::I2CIntr::I2CLogs_t	
[1202]	NONE	0x20000C36	HAL::I2CIntr::I2CLogs_t	
[1203]	NONE	0x20000C37	HAL::I2CIntr::I2CLogs_t	
[1204]	NONE	0x20000C38	HAL::I2CIntr::I2CLogs_t	
[1205]	NONE	0x20000C39	HAL::I2CIntr::I2CLogs_t	
[1206]	NONE	0x20000C3A	HAL::I2CIntr::I2CLogs_t	
[1207]	NONE	0x20000C3B	HAL::I2CIntr::I2CLogs_t	
[1208]	NONE	0x20000C3C	HAL::I2CIntr::I2CLogs_t	
[1209]	NONE	0x20000C3D	HAL::I2CIntr::I2CLogs_t	
[1210]	NONE	0x20000C3E	HAL::I2CIntr::I2CLogs_t	
[1211]	NONE	0x20000C3F	HAL::I2CIntr::I2CLogs_t	
[1212]	NONE	0x20000C40	HAL::I2CIntr::I2CLogs_t	
[1213]	NONE	0x20000C41	HAL::I2CIntr::I2CLogs_t	
[1214]	NONE	0x20000C42	HAL::I2CIntr::I2CLogs_t	
[1215]	NONE	0x20000C43	HAL::I2CIntr::I2CLogs_t	
[1216]	NONE	0x20000C44	HAL::I2CIntr::I2CLogs_t	
[1217]	NONE	0x20000C45	HAL::I2CIntr::I2CLogs_t	
[1218]	NONE	0x20000C46	HAL::I2CIntr::I2CLogs_t	
[1219]	NONE	0x20000C47	HAL::I2CIntr::I2CLogs_t	
[1220]	NONE	0x20000C48	HAL::I2CIntr::I2CLogs_t	
[1221]	NONE	0x20000C49	HAL::I2CIntr::I2CLogs_t	
[1222]	NONE	0x20000C4A	HAL::I2CIntr::I2CLogs_t	
[1223]	NONE	0x20000C4B	HAL::I2CIntr::I2CLogs_t	
[1224]	NONE	0x20000C4C	HAL::I2CIntr::I2CLogs_t	
[1225]	NONE	0x20000C4D	HAL::I2CIntr::I2CLogs_t	
[1226]	NONE	0x20000C4E	HAL::I2CIntr::I2CLogs_t	
[1227]	NONE	0x20000C4F	HAL::I2CIntr::I2CLogs_t	
[1228]	NONE	0x20000C50	HAL::I2CIntr::I2CLogs_t	
[1229]	NONE	0x20000C51	HAL::I2CIntr::I2CLogs_t	
[1230]	NONE	0x20000C52	HAL::I2CIntr::I2CLogs_t	
[1231]	NONE	0x20000C53	HAL::I2CIntr::I2CLogs_t	
[1232]	NONE	0x20000C54	HAL::I2CIntr::I2CLogs_t	
[1233]	NONE	0x20000C55	HAL::I2CIntr::I2CLogs_t	
[1234]	NONE	0x20000C56	HAL::I2CIntr::I2CLogs_t	
[1235]	NONE	0x20000C57	HAL::I2CIntr::I2CLogs_t	
[1236]	NONE	0x20000C58	HAL::I2CIntr::I2CLogs_t	
[1237]	NONE	0x20000C59	HAL::I2CIntr::I2CLogs_t	
[1238]	NONE	0x20000C5A	HAL::I2CIntr::I2CLogs_t	
[1239]	NONE	0x20000C5B	HAL::I2CIntr::I2CLogs_t	
[1240]	NONE	0x20000C5C	HAL::I2CIntr::I2CLogs_t	
[1241]	NONE	0x20000C5D	HAL::I2CIntr::I2CLogs_t	
[1242]	NONE	0x20000C5E	HAL::I2CIntr::I2CLogs_t	
[1243]	NONE	0x20000C5F	HAL::I2CIntr::I2CLogs_t	
[1244]	NONE	0x20000C60	HAL::I2CIntr::I2CLogs_t	
[1245]	NONE	0x20000C61	HAL::I2CIntr::I2CLogs_t	
[1246]	NONE	0x20000C62	HAL::I2CIntr::I2CLogs_t	
[1247]	NONE	0x20000C63	HAL::I2CIntr::I2CLogs_t	
[1248]	NONE	0x20000C64	HAL::I2CIntr::I2CLogs_t	
[1249]	NONE	0x20000C65	HAL::I2CIntr::I2CLogs_t	
[1250]	NONE	0x20000C66	HAL::I2CIntr::I2CLogs_t	
[1251]	NONE	0x20000C67	HAL::I2CIntr::I2CLogs_t	
[1252]	NONE	0x20000C68	HAL::I2CIntr::I2CLogs_t	
[1253]	NONE	0x20000C69	HAL::I2CIntr::I2CLogs_t	
[1254]	NONE	0x20000C6A	HAL::I2CIntr::I2CLogs_t	
[1255]	NONE	0x20000C6B	HAL::I2CIntr::I2CLogs_t	
[1256]	NONE	0x20000C6C	HAL::I2CIntr::I2CLogs_t	
[1257]	NONE	0x20000C6D	HAL::I2CIntr::I2CLogs_t	
[1258]	NONE	0x20000C6E	HAL::I2CIntr::I2CLogs_t	
[1259]	NONE	0x20000C6F	HAL::I2CIntr::I2CLogs_t	
[1260]	NONE	0x20000C70	HAL::I2CIntr::I2CLogs_t	
[1261]	NONE	0x20000C71	HAL::I2CIntr::I2CLogs_t	
[1262]	NONE	0x20000C72	HAL::I2CIntr::I2CLogs_t	
[1263]	NONE	0x20000C73	HAL::I2CIntr::I2CLogs_t	
[1264]	NONE	0x20000C74	HAL::I2CIntr::I2CLogs_t	
[1265]	NONE	0x20000C75	HAL::I2CIntr::I2CLogs_t	
[1266]	NONE	0x20000C76	HAL::I2CIntr::I2CLogs_t	
[1267]	NONE	0x20000C77	HAL::I2CIntr::I2CLogs_t	
[1268]	NONE	0x20000C78	HAL::I2CIntr::I2CLogs_t	
[1269]	NONE	0x20000C79	HAL::I2CIntr::I2CLogs_t	
[1270]	NONE	0x20000C7A	HAL::I2CIntr::I2CLogs_t	
[1271]	NONE	0x20000C7B	HAL::I2CIntr::I2CLogs_t	
[1272]	NONE	0x20000C7C	HAL::I2CIntr::I2CLogs_t	
[1273]	NONE	0x20000C7D	HAL::I2CIntr::I2CLogs_t	
[1274]	NONE	0x20000C7E	HAL::I2CIntr::I2CLogs_t	
[1275]	NONE	0x20000C7F	HAL::I2CIntr::I2CLogs_t	
[1276]	NONE	0x20000C80	HAL::I2CIntr::I2CLogs_t	
[1277]	NONE	0x20000C81	HAL::I2CIntr::I2CLogs_t	
[1278]	NONE	0x20000C82	HAL::I2CIntr::I2CLogs_t	
[1279]	NONE	0x20000C83	HAL::I2CIntr::I2CLogs_t	
[1280]	NONE	0x20000C84	HAL::I2CIntr::I2CLogs_t	
[1281]	NONE	0x20000C85	HAL::I2CIntr::I2CLogs_t	
[1282]	NONE	0x20000C86	HAL::I2CIntr::I2CLogs_t	
[1283]	NONE	0x20000C87	HAL::I2CIntr::I2CLogs_t	
[1284]	NONE	0x20000C88	HAL::I2CIntr::I2CLogs_t	
[1285]	NONE	0x20000C89	HAL::I2CIntr::I2CLogs_t	
[1286]	NONE	0x20000C8A	HAL::I2CIntr::I2CLogs_t	
[1287]	NONE	0x20000C8B	HAL::I2CIntr::I2CLogs_t	
[1288]	NONE	0x20000C8C	HAL::I2CIntr::I2CLogs_t	
[1289]	NONE	0x20000C8D	HAL::I2CIntr::I2CLogs_t	
[1290]	NONE	0x20000C8E	HAL::I2CIntr::I2CLogs_t	
[1291]	NONE	0x20000C8F	HAL::I2CIntr::I2CLogs_t	
[1292]	NONE	0x20000C90	HAL::I2CIntr::I2CLogs_t	
[1293]	NONE	0x20000C91	HAL::I2CIntr::I2CLogs_t	
[1294]	NONE	0x20000C92	HAL::I2CIntr::I2CLogs_t	
[1295]	NONE	0x20000C93	HAL::I2CIntr::I2CLogs_t	
[1296]	NONE	0x20000C94	HAL::I2CIntr::I2CLogs_t	
[1297]	NONE	0x20000C95	HAL::I2CIntr::I2CLogs_t	
[1298]	NONE	0x20000C96	HAL::I2CIntr::I2CLogs_t	
[1299]	NONE	0x20000C97	HAL::I2CIntr::I2CLogs_t	
[1300]	NONE	0x20000C98	HAL::I2CIntr::I2CLogs_t	
[1301]	NONE	0x20000C99	HAL::I2CIntr::I2CLogs_t	
[1302]	NONE	0x20000C9A	HAL::I2CIntr::I2CLogs_t	
[1303]	NONE	0x20000C9B	HAL::I2CIntr::I2CLogs_t	
[1304]	NONE	0x20000C9C	HAL::I2CIntr::I2CLogs_t	
[1305]	NONE	0x20000C9D	HAL::I2CIntr::I2CLogs_t	
[1306]	NONE	0x20000C9E	HAL::I2CIntr::I2CLogs_t	
[1307]	NONE	0x20000C9F	HAL::I2CIntr::I2CLogs_t	
[1308]	NONE	0x20000CA0	HAL::I2CIntr::I2CLogs_t	
[1309]	NONE	0x20000CA1	HAL::I2CIntr::I2CLogs_t	
[1310]	NONE	0x20000CA2	HAL::I2CIntr::I2CLogs_t	
[1311]	NONE	0x20000CA3	HAL::I2CIntr::I2CLogs_t	
[1312]	NONE	0x20000CA4	HAL::I2CIntr::I2CLogs_t	
[1313]	NONE	0x20000CA5	HAL::I2CIntr::I2CLogs_t	
[1314]	NONE	0x20000CA6	HAL::I2CIntr::I2CLogs_t	
[1315]	NONE	0x20000CA7	HAL::I2CIntr::I2CLogs_t	
[1316]	NONE	0x20000CA8	HAL::I2CIntr::I2CLogs_t	
[1317]	NONE	0x20000CA9	HAL::I2CIntr::I2CLogs_t	
[1318]	NONE	0x20000CAA	HAL::I2CIntr::I2CLogs_t	
[1319]	NONE	0x20000CAB	HAL::I2CIntr::I2CLogs_t	
[1320]	NONE	0x20000CAC	HAL::I2CIntr::I2CLogs_t	
[1321]	NONE	0x20000CAD	HAL::I2CIntr::I2CLogs_t	
[1322]	NONE	0x20000CAE	HAL::I2CIntr::I2CLogs_t	
[1323]	NONE	0x20000CAF	HAL::I2CIntr::I2CLogs_t	
[1324]	NONE	0x20000CB0	HAL::I2CIntr::I2CLogs_t	
[1325]	NONE	0x20000CB1	HAL::I2CIntr::I2CLogs_t	
[1326]	NONE	0x20000CB2	HAL::I2CIntr::I2CLogs_t	
[1327]	NONE	0x20000CB3	HAL::I2CIntr::I2CLogs_t	
[1328]	NONE	0x20000CB4	HAL::I2CIntr::I2CLogs_t	
[1329]	NONE	0x20000CB5	HAL::I2CIntr::I2CLogs_t	
[1330]	NONE	0x20000CB6	HAL::I2CIntr::I2CLogs_t	
[1331]	NONE	0x20000CB7	HAL::I2CIntr::I2CLogs_t	
[1332]	NONE	0x20000CB8	HAL::I2CIntr::I2CLogs_t	
[1333]	NONE	0x20000CB9	HAL::I2CIntr::I2CLogs_t	
[1334]	NONE	0x20000CBA	HAL::I2CIntr::I2CLogs_t	
[1335]	NONE	0x20000CBB	HAL::I2CIntr::I2CLogs_t	
[1336]	NONE	0x20000CBC	HAL::I2CIntr::I2CLogs_t	
[1337]	NONE	0x20000CBD	HAL::I2CIntr::I2CLogs_t	
[1338]	NONE	0x20000CBE	HAL::I2CIntr::I2CLogs_t	
[1339]	NONE	0x20000CBF	HAL::I2CIntr::I2CLogs_t	
[1340]	NONE	0x20000CC0	HAL::I2CIntr::I2CLogs_t	
[1341]	NONE	0x20000CC1	HAL::I2CIntr::I2CLogs_t	
[1342]	NONE	0x20000CC2	HAL::I2CIntr::I2CLogs_t	
[1343]	NONE	0x20000CC3	HAL::I2CIntr::I2CLogs_t	
[1344]	NONE	0x20000CC4	HAL::I2CIntr::I2CLogs_t	
[1345]	NONE	0x20000CC5	HAL::I2CIntr::I2CLogs_t	
[1346]	NONE	0x20000CC6	HAL::I2CIntr::I2CLogs_t	
[1347]	NONE	0x20000CC7	HAL::I2CIntr::I2CLogs_t	
[1348]	NONE	0x20000CC8	HAL::I2CIntr::I2CLogs_t	
[1349]	NONE	0x20000CC9	HAL::I2CIntr::I2CLogs_t	
[1350]	NONE	0x20000CCA	HAL::I2CIntr::I2CLogs_t	
[1351]	NONE	0x20000CCB	HAL::I2CIntr::I2CLogs_t	
[1352]	NONE	0x20000CCC	HAL::I2CIntr::I2CLogs_t	
[1353]	NONE	0x20000CCD	HAL::I2CIntr::I2CLogs_t	
[1354]	NONE	0x20000CCE	HAL::I2CIntr::I2CLogs_t	
[1355]	NONE	0x20000CCF	HAL::I2CIntr::I2CLogs_t	
[1356]	NONE	0x20000CD0	HAL::I2CIntr::I2CLogs_t	
[1357]	NONE	0x20000CD1	HAL::I2CIntr::I2CLogs_t	
[1358]	NONE	0x20000CD2	HAL::I2CIntr::I2CLogs_t	
[1359]	NONE	0x20000CD3	HAL::I2CIntr::I2CLogs_t	
[1360]	NONE	0x20000CD4	HAL::I2CIntr::I2CLogs_t	
[1361]	NONE	0x20000CD5	HAL::I2CIntr::I2CLogs_t	
[1362]	NONE	0x20000CD6	HAL::I2CIntr::I2CLogs_t	
[1363]	NONE	0x20000CD7	HAL::I2CIntr::I2CLogs_t	
[1364]	NONE	0x20000CD8	HAL::I2CIntr::I2CLogs_t	
[1365]	NONE	0x20000CD9	HAL::I2CIntr::I2CLogs_t	
[1366]	NONE	0x20000CDA	HAL::I2CIntr::I2CLogs_t	
[1367]	NONE	0x20000CDB	HAL::I2CIntr::I2CLogs_t	
[1368]	NONE	0x20000CDC	HAL::I2CIntr::I2CLogs_t	
[1369]	NONE	0x20000CDD	HAL::I2CIntr::I2CLogs_t	
[1370]	NONE	0x20000CDE	HAL::I2CIntr::I2CLogs_t	
[1371]	NONE	0x20000CDF	HAL::I2CIntr::I2CLogs_t	
[1372]	NONE	0x20000CE0	HAL::I2CIntr::I2CLogs_t	
[1373]	NONE	0x20000CE1	HAL::I2CIntr::I2CLogs_t	
[1374]	NONE	0x20000CE2	HAL::I2CIntr::I2CLogs_t	
[1375]	NONE	0x20000CE3	HAL::I2CIntr::I2CLogs_t	
[1376]	NONE	0x20000CE4	HAL::I2CIntr::I2CLogs_t	
[1377]	NONE	0x20000CE5	HAL::I2CIntr::I2CLogs_t	
[1378]	NONE	0x20000CE6	HAL::I2CIntr::I2CLogs_t	
[1379]	NONE	0x20000CE7	HAL::I2CIntr::I2CLogs_t	
[1380]	NONE	0x20000CE8	HAL::I2CIntr::I2CLogs_t	
[1381]	NONE	0x20000CE9	HAL::I2CIntr::I2CLogs_t	
[1382]	NONE	0x20000CEA	HAL::I2CIntr::I2CLogs_t	
[1383]	NONE	0x20000CEB	HAL::I2CIntr::I2CLogs_t	
[1384]	NONE	0x20000CEC	HAL::I2CIntr::I2CLogs_t	
[1385]	NONE	0x20000CED	HAL::I2CIntr::I2CLogs_t	
[1386]	NONE	0x20000CEE	HAL::I2CIntr::I2CLogs_t	
[1387]	NONE	0x20000CEF	HAL::I2CIntr::I2CLogs_t	
[1388]	NONE	0x20000CF0	HAL::I2CIntr::I2CLogs_t	
[1389]	NONE	0x20000CF1	HAL::I2CIntr::I2CLogs_t	
[1390]	NONE	0x20000CF2	HAL::I2CIntr::I2CLogs_t	
[1391]	NONE	0x20000CF3	HAL::I2CIntr::I2CLogs_t	
[1392]	NONE	0x20000CF4	HAL::I2CIntr::I2CLogs_t	
[1393]	NONE	0x20000CF5	HAL::I2CIntr::I2CLogs_t	
[1394]	NONE	0x20000CF6	HAL::I2CIntr::I2CLogs_t	
[1395]	NONE	0x20000CF7	HAL::I2CIntr::I2CLogs_t	
[1396]	NONE	0x20000CF8	HAL::I2CIntr::I2CLogs_t	
[1397]	NONE	0x20000CF9	HAL::I2CIntr::I2CLogs_t	
[1398]	NONE	0x20000CFA	HAL::I2CIntr::I2CLogs_t	
[1399]	NONE	0x20000CFB	HAL::I2CIntr::I2CLogs_t	
[1400]	NONE	0x20000CFC	HAL::I2CIntr::I2CLogs_t	
[1401]	NONE	0x20000CFD	HAL::I2CIntr::I2CLogs_t	
[1402]	NONE	0x20000CFE	HAL::I2CIntr::I2CLogs_t	
[1403]	NONE	0x20000CFF	HAL::I2CIntr::I2CLogs_t	
[1404]	NONE	0x20000D00	HAL::I2CIntr::I2CLogs_t	
[1405]	NONE	0x20000D01	HAL::I2CIntr::I2CLogs_t	
[1406]	NONE	0x20000D02	HAL::I2CIntr::I2CLogs_t	
[1407]	NONE	0x20000D03	HAL::I2CIntr::I2CLogs_t	
[1408]	NONE	0x20000D04	HAL::I2CIntr::I2CLogs_t	
[1409]	NONE	0x20000D05	HAL::I2CIntr::I2CLogs_t	
[1410]	NONE	0x20000D06	HAL::I2CIntr::I2CLogs_t	
[1411]	NONE	0x20000D07	HAL::I2CIntr::I2CLogs_t	
[1412]	NONE	0x20000D08	HAL::I2CIntr::I2CLogs_t	
[1413]	NONE	0x20000D09	HAL::I2CIntr::I2CLogs_t	
[1414]	NONE	0x20000D0A	HAL::I2CIntr::I2CLogs_t	
[1415]	NONE	0x20000D0B	HAL::I2CIntr::I2CLogs_t	
[1416]	NONE	0x20000D0C	HAL::I2CIntr::I2CLogs_t	
[1417]	NONE	0x20000D0D	HAL::I2CIntr::I2CLogs_t	
[1418]	NONE	0x20000D0E	HAL::I2CIntr::I2CLogs_t	
[1419]	NONE	0x20000D0F	HAL::I2CIntr::I2CLogs_t	
[1420]	NONE	0x20000D10	HAL::I2CIntr::I2CLogs_t	
[1421]	NONE	0x20000D11	HAL::I2CIntr::I2CLogs_t	
[1422]	NONE	0x20000D12	HAL::I2CIntr::I2CLogs_t	
[1423]	NONE	0x20000D13	HAL::I2CIntr::I2CLogs_t	
[1424]	NONE	0x20000D14	HAL::I2CIntr::I2CLogs_t	
[1425]	NONE	0x20000D15	HAL::I2CIntr::I2CLogs_t	
[1426]	NONE	0x20000D16	HAL::I2CIntr::I2CLogs_t	
[1427]	NONE	0x20000D17	HAL::I2CIntr::I2CLogs_t	
[1428]	NONE	0x20000D18	HAL::I2CIntr::I2CLogs_t	
[1429]	NONE	0x20000D19	HAL::I2CIntr::I2CLogs_t	
[1430]	NONE	0x20000D1A	HAL::I2CIntr::I2CLogs_t	
[1431]	NONE	0x20000D1B	HAL::I2CIntr::I2CLogs_t	
[1432]	NONE	0x20000D1C	HAL::I2CIntr::I2CLogs_t	
[1433]	NONE	0x20000D1D	HAL::I2CIntr::I2CLogs_t	
[1434]	NONE	0x20000D1E	HAL::I2CIntr::I2CLogs_t	
[1435]	NONE	0x20000D1F	HAL::I2CIntr::I2CLogs_t	
[1436]	NONE	0x20000D20	HAL::I2CIntr::I2CLogs_t	
[1437]	NONE	0x20000D21	HAL::I2CIntr::I2CLogs_t	
[1438]	NONE	0x20000D22	HAL::I2CIntr::I2CLogs_t	
[1439]	NONE	0x20000D23	HAL::I2CIntr::I2CLogs_t	
[1440]	NONE	0x20000D24	HAL::I2CIntr::I2CLogs_t	
[1441]	NONE	0x20000D25	HAL::I2CIntr::I2CLogs_t	
[1442]	NONE	0x20000D26	HAL::I2CIntr::I2CLogs_t	
[1443]	NONE	0x20000D27	HAL::I2CIntr::I2CLogs_t	
[1444]	NONE	0x20000D28	HAL::I2CIntr::I2CLogs_t	
[1445]	NONE	0x20000D29	HAL::I2CIntr::I2CLogs_t	
[1446]	NONE	0x20000D2A	HAL::I2CIntr::I2CLogs_t	
[1447]	NONE	0x20000D2B	HAL::I2CIntr::I2CLogs_t	
[1448]	NONE	0x20000D2C	HAL::I2CIntr::I2CLogs_t	
[1449]	NONE	0x20000D2D	HAL::I2CIntr::I2CLogs_t	
[1450]	NONE	0x20000D2E	HAL::I2CIntr::I2CLogs_t	
[1451]	NONE	0x20000D2F	HAL::I2CIntr::I2CLogs_t	
[1452]	NONE	0x20000D30	HAL::I2CIntr::I2CLogs_t	
[1453]	NONE	0x20000D31	HAL::I2CIntr::I2CLogs_t	
[1454]	NONE	0x20000D32	HAL::I2CIntr::I2CLogs_t	
[1455]	NONE	0x20000D33	HAL::I2CIntr::I2CLogs_t	
[1456]	NONE	0x20000D34	HAL::I2CIntr::I2CLogs_t	
[1457]	NONE	0x20000D35	HAL::I2CIntr::I2CLogs_t	
[1458]	NONE	0x20000D36	HAL::I2CIntr::I2CLogs_t	
[1459]	NONE	0x20000D37	HAL::I2CIntr::I2CLogs_t	
[1460]	NONE	0x20000D38	HAL::I2CIntr::I2CLogs_t	
[1461]	NONE	0x20000D39	HAL::I2CIntr::I2CLogs_t	
[1462]	NONE	0x20000D3A	HAL::I2CIntr::I2CLogs_t	
[1463]	NONE	0x20000D3B	HAL::I2CIntr::I2CLogs_t	
[1464]	NONE	0x20000D3C	HAL::I2CIntr::I2CLogs_t	
[1465]	NONE	0x20000D3D	HAL::I2CIntr::I2CLogs_t	
[1466]	NONE	0x20000D3E	HAL::I2CIntr::I2CLogs_t	
[1467]	NONE	0x20000D3F	HAL::I2CIntr::I2CLogs_t	
[1468]	NONE	0x20000D40	HAL::I2CIntr::I2CLogs_t	
[1469]	NONE	0x20000D41	HAL::I2CIntr::I2CLogs_t	
[1470]	NONE	0x20000D42	HAL::I2CIntr::I2CLogs_t	
[1471]	NONE	0x20000D43	HAL::I2CIntr::I2CLogs_t	
[1472]	NONE	0x20000D44	HAL::I2CIntr::I2CLogs_t	
[1473]	NONE	0x20000D45	HAL::I2CIntr::I2CLogs_t	
[1474]	NONE	0x20000D46	HAL::I2CIntr::I2CLogs_t	
[1475]	NONE	0x20000D47	HAL::I2CIntr::I2CLogs_t	
[1476]	NONE	0x20000D48	HAL::I2CIntr::I2CLogs_t	
[1477]	NONE	0x20000D49	HAL::I2CIntr::I2CLogs_t	
[1478]	NONE	0x20000D4A	HAL::I2CIntr::I2CLogs_t	
[1479]	NONE	0x20000D4B	HAL::I2CIntr::I2CLogs_t	
[1480]	NONE	0x20000D4C	HAL::I2CIntr::I2CLogs_t	
[1481]	NONE	0x20000D4D	HAL::I2CIntr::I2CLogs_t	
[1482]	NONE	0x20000D4E	HAL::I2CIntr::I2CLogs_t	
[1483]	NONE	0x20000D4F	HAL::I2CIntr::I2CLogs_t	
[1484]	NONE	0x20000D50	HAL::I2CIntr::I2CLogs_t	
[1485]	NONE	0x20000D51	HAL::I2CIntr::I2CLogs_t	
[1486]	NONE	0x20000D52	HAL::I2CIntr::I2CLogs_t	
[1487]	NONE	0x20000D53	HAL::I2CIntr::I2CLogs_t	
[1488]	NONE	0x20000D54	HAL::I2CIntr::I2CLogs_t	
[1489]	NONE	0x20000D55	HAL::I2CIntr::I2CLogs_t	
[1490]	NONE	0x20000D56	HAL::I2CIntr::I2CLogs_t	
[1491]	NONE	0x20000D57	HAL::I2CIntr::I2CLogs_t	
[1492]	NONE	0x20000D58	HAL::I2CIntr::I2CLogs_t	
[1493]	NONE	0x20000D59	HAL::I2CIntr::I2CLogs_t	
[1494]	NONE	0x20000D5A	HAL::I2CIntr::I2CLogs_t	
[1495]	NONE	0x20000D5B	HAL::I2CIntr::I2CLogs_t	
[1496]	NONE	0x20000D5C	HAL::I2CIntr::I2CLogs_t	
[1497]	NONE	0x20000D5D	HAL::I2CIntr::I2CLogs_t	
[1498]	NONE	0x20000D5E	HAL::I2CIntr::I2CLogs_t	
[1499]	NONE	0x20000D5F	HAL::I2CIntr::I2CLogs_t	
I2CStates_Idx	260	0x20000D60	uint32_t	
_I2CSlaveRxQueue	<class>	0x20000D64	HAL::I2CIntr::I2CSlaveRxQueue_t	
_I2CSlaveTxQueue	<class>	0x20000DB0	HAL::I2CIntr::I2CSlaveTxQueue_t	
t	0.0	0x200010CC	float	
p	0.0	0x200010D0	float	
a	4.433E+4	0x200010D4	float	
BMP280_Dev	<class>	0x20000EFC	class BMP280	
Ele	<union>	0x200010D8	Utils::DebugLog<unsigned int, 5U, 7U, 20U, 100U>::DebugLogElement_t	
