	
[0]	I2C_LOG_START_MASTER_TXRX	0x20000090	HAL::I2CIntr::I2CLogs_t	
[1]	I2C_LOG_TXN_QUEUED	0x20000091	HAL::I2CIntr::I2CLogs_t	
[2]	I2C_LOG_SB_MASTER_TX	0x20000092	HAL::I2CIntr::I2CLogs_t	
[3]	I2C_LOG_TXN_QUEUED	0x20000093	HAL::I2CIntr::I2CLogs_t	
[4]	I2C_LOG_TXN_QUEUED	0x20000094	HAL::I2CIntr::I2CLogs_t	
[5]	I2C_LOG_TXN_QUEUED	0x20000095	HAL::I2CIntr::I2CLogs_t	
[6]	I2C_LOG_TXN_QUEUED	0x20000096	HAL::I2CIntr::I2CLogs_t	
[7]	I2C_LOG_TXN_QUEUED	0x20000097	HAL::I2CIntr::I2CLogs_t	
[8]	I2C_LOG_TXN_QUEUED	0x20000098	HAL::I2CIntr::I2CLogs_t	
[9]	I2C_LOG_TXN_QUEUED	0x20000099	HAL::I2CIntr::I2CLogs_t	
[10]	I2C_LOG_TXN_QUEUED	0x2000009A	HAL::I2CIntr::I2CLogs_t	
[11]	I2C_LOG_TXN_QUEUE_ERROR	0x2000009B	HAL::I2CIntr::I2CLogs_t	
[12]	I2C_LOG_ADDR_INTR_MASTER_TX_SIZE_GT_0	0x2000009C	HAL::I2CIntr::I2CLogs_t	
[13]	I2C_LOG_STOP_MASTER_RX_WITHOUT_REPEATED_START	0x2000009D	HAL::I2CIntr::I2CLogs_t	
[14]	I2C_LOG_SB_MASTER_RX	0x2000009E	HAL::I2CIntr::I2CLogs_t	
[15]	I2C_LOG_ADDR_INTR_MASTER_RX_SIZE_2	0x2000009F	HAL::I2CIntr::I2CLogs_t	
[16]	I2C_LOG_BTF_MASTER_RX_SIZE_2_STOPED	0x200000A0	HAL::I2CIntr::I2CLogs_t	
[17]	I2C_LOG_TXN_DEQUEUED	0x200000A1	HAL::I2CIntr::I2CLogs_t	
[18]	I2C_LOG_START_MASTER_TXRX	0x200000A2	HAL::I2CIntr::I2CLogs_t	
[19]	I2C_LOG_SB_MASTER_TX	0x200000A3	HAL::I2CIntr::I2CLogs_t	
[20]	I2C_LOG_ADDR_INTR_MASTER_TX_SIZE_GT_0	0x200000A4	HAL::I2CIntr::I2CLogs_t	
[21]	I2C_LOG_TXN_DEQUEUED	0x200000A5	HAL::I2CIntr::I2CLogs_t	
[22]	I2C_LOG_START_MASTER_TXRX	0x200000A6	HAL::I2CIntr::I2CLogs_t	
[23]	I2C_LOG_SB_MASTER_TX	0x200000A7	HAL::I2CIntr::I2CLogs_t	
[24]	I2C_LOG_ADDR_INTR_MASTER_TX_SIZE_GT_0	0x200000A8	HAL::I2CIntr::I2CLogs_t	
[25]	I2C_LOG_STOP_MASTER_RX_WITHOUT_REPEATED_START	0x200000A9	HAL::I2CIntr::I2CLogs_t	
[26]	I2C_LOG_SB_MASTER_RX	0x200000AA	HAL::I2CIntr::I2CLogs_t	
[27]	I2C_LOG_ADDR_INTR_MASTER_RX_SIZE_2	0x200000AB	HAL::I2CIntr::I2CLogs_t	
[28]	I2C_LOG_BTF_MASTER_RX_SIZE_2_STOPED	0x200000AC	HAL::I2CIntr::I2CLogs_t	
[29]	I2C_LOG_TXN_DEQUEUED	0x200000AD	HAL::I2CIntr::I2CLogs_t	
[30]	I2C_LOG_START_MASTER_TXRX	0x200000AE	HAL::I2CIntr::I2CLogs_t	
[31]	I2C_LOG_SB_MASTER_TX	0x200000AF	HAL::I2CIntr::I2CLogs_t	
[32]	I2C_LOG_ADDR_INTR_MASTER_TX_SIZE_GT_0	0x200000B0	HAL::I2CIntr::I2CLogs_t	
[33]	I2C_LOG_STOP_MASTER_RX_WITHOUT_REPEATED_START	0x200000B1	HAL::I2CIntr::I2CLogs_t	
[34]	I2C_LOG_SB_MASTER_RX	0x200000B2	HAL::I2CIntr::I2CLogs_t	
[35]	I2C_LOG_ADDR_INTR_MASTER_RX_SIZE_2	0x200000B3	HAL::I2CIntr::I2CLogs_t	
[36]	I2C_LOG_BTF_MASTER_RX_SIZE_2_STOPED	0x200000B4	HAL::I2CIntr::I2CLogs_t	
[37]	I2C_LOG_TXN_DEQUEUED	0x200000B5	HAL::I2CIntr::I2CLogs_t	
[38]	I2C_LOG_START_MASTER_TXRX	0x200000B6	HAL::I2CIntr::I2CLogs_t	
[39]	I2C_LOG_SB_MASTER_TX	0x200000B7	HAL::I2CIntr::I2CLogs_t	
[40]	I2C_LOG_ADDR_INTR_MASTER_TX_SIZE_GT_0	0x200000B8	HAL::I2CIntr::I2CLogs_t	
[41]	I2C_LOG_TXN_DEQUEUED	0x200000B9	HAL::I2CIntr::I2CLogs_t	
[42]	I2C_LOG_START_MASTER_TXRX	0x200000BA	HAL::I2CIntr::I2CLogs_t	
[43]	I2C_LOG_SB_MASTER_TX	0x200000BB	HAL::I2CIntr::I2CLogs_t	
[44]	I2C_LOG_ADDR_INTR_MASTER_TX_SIZE_GT_0	0x200000BC	HAL::I2CIntr::I2CLogs_t	
[45]	I2C_LOG_STOP_MASTER_RX_WITHOUT_REPEATED_START	0x200000BD	HAL::I2CIntr::I2CLogs_t	
[46]	I2C_LOG_SB_MASTER_RX	0x200000BE	HAL::I2CIntr::I2CLogs_t	
[47]	I2C_LOG_ADDR_INTR_MASTER_RX_SIZE_2	0x200000BF	HAL::I2CIntr::I2CLogs_t	
[48]	I2C_LOG_BTF_MASTER_RX_SIZE_2_STOPED	0x200000C0	HAL::I2CIntr::I2CLogs_t	
[49]	I2C_LOG_TXN_DEQUEUED	0x200000C1	HAL::I2CIntr::I2CLogs_t	
[50]	I2C_LOG_START_MASTER_TXRX	0x200000C2	HAL::I2CIntr::I2CLogs_t	
[51]	I2C_LOG_SB_MASTER_TX	0x200000C3	HAL::I2CIntr::I2CLogs_t	
[52]	I2C_LOG_ADDR_INTR_MASTER_TX_SIZE_GT_0	0x200000C4	HAL::I2CIntr::I2CLogs_t	
[53]	I2C_LOG_STOP_MASTER_RX_WITHOUT_REPEATED_START	0x200000C5	HAL::I2CIntr::I2CLogs_t	
[54]	I2C_LOG_SB_MASTER_RX	0x200000C6	HAL::I2CIntr::I2CLogs_t	
[55]	I2C_LOG_ADDR_INTR_MASTER_RX_SIZE_2	0x200000C7	HAL::I2CIntr::I2CLogs_t	
[56]	I2C_LOG_BTF_MASTER_RX_SIZE_2_STOPED	0x200000C8	HAL::I2CIntr::I2CLogs_t	
[57]	I2C_LOG_TXN_DEQUEUED	0x200000C9	HAL::I2CIntr::I2CLogs_t	
[58]	I2C_LOG_START_MASTER_TXRX	0x200000CA	HAL::I2CIntr::I2CLogs_t	
[59]	I2C_LOG_SB_MASTER_TX	0x200000CB	HAL::I2CIntr::I2CLogs_t	
[60]	I2C_LOG_ADDR_INTR_MASTER_TX_SIZE_GT_0	0x200000CC	HAL::I2CIntr::I2CLogs_t	
[61]	I2C_LOG_TXN_DEQUEUED	0x200000CD	HAL::I2CIntr::I2CLogs_t	
[62]	I2C_LOG_START_MASTER_TXRX	0x200000CE	HAL::I2CIntr::I2CLogs_t	
[63]	I2C_LOG_SB_MASTER_TX	0x200000CF	HAL::I2CIntr::I2CLogs_t	
[64]	I2C_LOG_ADDR_INTR_MASTER_TX_SIZE_GT_0	0x200000D0	HAL::I2CIntr::I2CLogs_t	
[65]	I2C_LOG_STOP_MASTER_RX_WITHOUT_REPEATED_START	0x200000D1	HAL::I2CIntr::I2CLogs_t	
[66]	I2C_LOG_SB_MASTER_RX	0x200000D2	HAL::I2CIntr::I2CLogs_t	
[67]	I2C_LOG_ADDR_INTR_MASTER_RX_SIZE_2	0x200000D3	HAL::I2CIntr::I2CLogs_t	
[68]	I2C_LOG_BTF_MASTER_RX_SIZE_2_STOPED	0x200000D4	HAL::I2CIntr::I2CLogs_t	
[69]	I2C_LOG_TXN_DEQUEUED	0x200000D5	HAL::I2CIntr::I2CLogs_t	
[70]	I2C_LOG_START_MASTER_TXRX	0x200000D6	HAL::I2CIntr::I2CLogs_t	
[71]	I2C_LOG_SB_MASTER_TX	0x200000D7	HAL::I2CIntr::I2CLogs_t	
[72]	I2C_LOG_ADDR_INTR_MASTER_TX_SIZE_GT_0	0x200000D8	HAL::I2CIntr::I2CLogs_t	
[73]	I2C_LOG_STOP_MASTER_RX_WITHOUT_REPEATED_START	0x200000D9	HAL::I2CIntr::I2CLogs_t	
[74]	I2C_LOG_SB_MASTER_RX	0x200000DA	HAL::I2CIntr::I2CLogs_t	
[75]	I2C_LOG_ADDR_INTR_MASTER_RX_SIZE_2	0x200000DB	HAL::I2CIntr::I2CLogs_t	
[76]	I2C_LOG_BTF_MASTER_RX_SIZE_2_STOPED	0x200000DC	HAL::I2CIntr::I2CLogs_t	
[77]	NONE	0x200000DD	HAL::I2CIntr::I2CLogs_t	
[78]	NONE	0x200000DE	HAL::I2CIntr::I2CLogs_t	
[79]	NONE	0x200000DF	HAL::I2CIntr::I2CLogs_t	
[80]	NONE	0x200000E0	HAL::I2CIntr::I2CLogs_t	
[81]	NONE	0x200000E1	HAL::I2CIntr::I2CLogs_t	
[82]	NONE	0x200000E2	HAL::I2CIntr::I2CLogs_t	
[83]	NONE	0x200000E3	HAL::I2CIntr::I2CLogs_t	
[84]	NONE	0x200000E4	HAL::I2CIntr::I2CLogs_t	
[85]	NONE	0x200000E5	HAL::I2CIntr::I2CLogs_t	
[86]	NONE	0x200000E6	HAL::I2CIntr::I2CLogs_t	
[87]	NONE	0x200000E7	HAL::I2CIntr::I2CLogs_t	
[88]	NONE	0x200000E8	HAL::I2CIntr::I2CLogs_t	
[89]	NONE	0x200000E9	HAL::I2CIntr::I2CLogs_t	
[90]	NONE	0x200000EA	HAL::I2CIntr::I2CLogs_t	
[91]	NONE	0x200000EB	HAL::I2CIntr::I2CLogs_t	
[92]	NONE	0x200000EC	HAL::I2CIntr::I2CLogs_t	
[93]	NONE	0x200000ED	HAL::I2CIntr::I2CLogs_t	
[94]	NONE	0x200000EE	HAL::I2CIntr::I2CLogs_t	
[95]	NONE	0x200000EF	HAL::I2CIntr::I2CLogs_t	
[96]	NONE	0x200000F0	HAL::I2CIntr::I2CLogs_t	
[97]	NONE	0x200000F1	HAL::I2CIntr::I2CLogs_t	
[98]	NONE	0x200000F2	HAL::I2CIntr::I2CLogs_t	
[99]	NONE	0x200000F3	HAL::I2CIntr::I2CLogs_t	
[100]	NONE	0x200000F4	HAL::I2CIntr::I2CLogs_t	
[101]	NONE	0x200000F5	HAL::I2CIntr::I2CLogs_t	
[102]	NONE	0x200000F6	HAL::I2CIntr::I2CLogs_t	
[103]	NONE	0x200000F7	HAL::I2CIntr::I2CLogs_t	
[104]	NONE	0x200000F8	HAL::I2CIntr::I2CLogs_t	
[105]	NONE	0x200000F9	HAL::I2CIntr::I2CLogs_t	
[106]	NONE	0x200000FA	HAL::I2CIntr::I2CLogs_t	
[107]	NONE	0x200000FB	HAL::I2CIntr::I2CLogs_t	
[108]	NONE	0x200000FC	HAL::I2CIntr::I2CLogs_t	
[109]	NONE	0x200000FD	HAL::I2CIntr::I2CLogs_t	
[110]	NONE	0x200000FE	HAL::I2CIntr::I2CLogs_t	
[111]	NONE	0x200000FF	HAL::I2CIntr::I2CLogs_t	
[112]	NONE	0x20000100	HAL::I2CIntr::I2CLogs_t	
[113]	NONE	0x20000101	HAL::I2CIntr::I2CLogs_t	
[114]	NONE	0x20000102	HAL::I2CIntr::I2CLogs_t	
[115]	NONE	0x20000103	HAL::I2CIntr::I2CLogs_t	
[116]	NONE	0x20000104	HAL::I2CIntr::I2CLogs_t	
[117]	NONE	0x20000105	HAL::I2CIntr::I2CLogs_t	
[118]	NONE	0x20000106	HAL::I2CIntr::I2CLogs_t	
[119]	NONE	0x20000107	HAL::I2CIntr::I2CLogs_t	
[120]	NONE	0x20000108	HAL::I2CIntr::I2CLogs_t	
[121]	NONE	0x20000109	HAL::I2CIntr::I2CLogs_t	
[122]	NONE	0x2000010A	HAL::I2CIntr::I2CLogs_t	
[123]	NONE	0x2000010B	HAL::I2CIntr::I2CLogs_t	
[124]	NONE	0x2000010C	HAL::I2CIntr::I2CLogs_t	
[125]	NONE	0x2000010D	HAL::I2CIntr::I2CLogs_t	
[126]	NONE	0x2000010E	HAL::I2CIntr::I2CLogs_t	
[127]	NONE	0x2000010F	HAL::I2CIntr::I2CLogs_t	
[128]	NONE	0x20000110	HAL::I2CIntr::I2CLogs_t	
[129]	NONE	0x20000111	HAL::I2CIntr::I2CLogs_t	
[130]	NONE	0x20000112	HAL::I2CIntr::I2CLogs_t	
[131]	NONE	0x20000113	HAL::I2CIntr::I2CLogs_t	
[132]	NONE	0x20000114	HAL::I2CIntr::I2CLogs_t	
[133]	NONE	0x20000115	HAL::I2CIntr::I2CLogs_t	
[134]	NONE	0x20000116	HAL::I2CIntr::I2CLogs_t	
[135]	NONE	0x20000117	HAL::I2CIntr::I2CLogs_t	
[136]	NONE	0x20000118	HAL::I2CIntr::I2CLogs_t	
[137]	NONE	0x20000119	HAL::I2CIntr::I2CLogs_t	
[138]	NONE	0x2000011A	HAL::I2CIntr::I2CLogs_t	
[139]	NONE	0x2000011B	HAL::I2CIntr::I2CLogs_t	
[140]	NONE	0x2000011C	HAL::I2CIntr::I2CLogs_t	
[141]	NONE	0x2000011D	HAL::I2CIntr::I2CLogs_t	
[142]	NONE	0x2000011E	HAL::I2CIntr::I2CLogs_t	
[143]	NONE	0x2000011F	HAL::I2CIntr::I2CLogs_t	
[144]	NONE	0x20000120	HAL::I2CIntr::I2CLogs_t	
[145]	NONE	0x20000121	HAL::I2CIntr::I2CLogs_t	
[146]	NONE	0x20000122	HAL::I2CIntr::I2CLogs_t	
[147]	NONE	0x20000123	HAL::I2CIntr::I2CLogs_t	
[148]	NONE	0x20000124	HAL::I2CIntr::I2CLogs_t	
[149]	NONE	0x20000125	HAL::I2CIntr::I2CLogs_t	
[150]	NONE	0x20000126	HAL::I2CIntr::I2CLogs_t	
[151]	NONE	0x20000127	HAL::I2CIntr::I2CLogs_t	
[152]	NONE	0x20000128	HAL::I2CIntr::I2CLogs_t	
[153]	NONE	0x20000129	HAL::I2CIntr::I2CLogs_t	
[154]	NONE	0x2000012A	HAL::I2CIntr::I2CLogs_t	
[155]	NONE	0x2000012B	HAL::I2CIntr::I2CLogs_t	
[156]	NONE	0x2000012C	HAL::I2CIntr::I2CLogs_t	
[157]	NONE	0x2000012D	HAL::I2CIntr::I2CLogs_t	
[158]	NONE	0x2000012E	HAL::I2CIntr::I2CLogs_t	
[159]	NONE	0x2000012F	HAL::I2CIntr::I2CLogs_t	
[160]	NONE	0x20000130	HAL::I2CIntr::I2CLogs_t	
[161]	NONE	0x20000131	HAL::I2CIntr::I2CLogs_t	
[162]	NONE	0x20000132	HAL::I2CIntr::I2CLogs_t	
[163]	NONE	0x20000133	HAL::I2CIntr::I2CLogs_t	
[164]	NONE	0x20000134	HAL::I2CIntr::I2CLogs_t	
[165]	NONE	0x20000135	HAL::I2CIntr::I2CLogs_t	
[166]	NONE	0x20000136	HAL::I2CIntr::I2CLogs_t	
[167]	NONE	0x20000137	HAL::I2CIntr::I2CLogs_t	
[168]	NONE	0x20000138	HAL::I2CIntr::I2CLogs_t	
[169]	NONE	0x20000139	HAL::I2CIntr::I2CLogs_t	
[170]	NONE	0x2000013A	HAL::I2CIntr::I2CLogs_t	
[171]	NONE	0x2000013B	HAL::I2CIntr::I2CLogs_t	
[172]	NONE	0x2000013C	HAL::I2CIntr::I2CLogs_t	
[173]	NONE	0x2000013D	HAL::I2CIntr::I2CLogs_t	
[174]	NONE	0x2000013E	HAL::I2CIntr::I2CLogs_t	
[175]	NONE	0x2000013F	HAL::I2CIntr::I2CLogs_t	
[176]	NONE	0x20000140	HAL::I2CIntr::I2CLogs_t	
[177]	NONE	0x20000141	HAL::I2CIntr::I2CLogs_t	
[178]	NONE	0x20000142	HAL::I2CIntr::I2CLogs_t	
[179]	NONE	0x20000143	HAL::I2CIntr::I2CLogs_t	
[180]	NONE	0x20000144	HAL::I2CIntr::I2CLogs_t	
[181]	NONE	0x20000145	HAL::I2CIntr::I2CLogs_t	
[182]	NONE	0x20000146	HAL::I2CIntr::I2CLogs_t	
[183]	NONE	0x20000147	HAL::I2CIntr::I2CLogs_t	
[184]	NONE	0x20000148	HAL::I2CIntr::I2CLogs_t	
[185]	NONE	0x20000149	HAL::I2CIntr::I2CLogs_t	
[186]	NONE	0x2000014A	HAL::I2CIntr::I2CLogs_t	
[187]	NONE	0x2000014B	HAL::I2CIntr::I2CLogs_t	
[188]	NONE	0x2000014C	HAL::I2CIntr::I2CLogs_t	
[189]	NONE	0x2000014D	HAL::I2CIntr::I2CLogs_t	
[190]	NONE	0x2000014E	HAL::I2CIntr::I2CLogs_t	
[191]	NONE	0x2000014F	HAL::I2CIntr::I2CLogs_t	
[192]	NONE	0x20000150	HAL::I2CIntr::I2CLogs_t	
[193]	NONE	0x20000151	HAL::I2CIntr::I2CLogs_t	
[194]	NONE	0x20000152	HAL::I2CIntr::I2CLogs_t	
[195]	NONE	0x20000153	HAL::I2CIntr::I2CLogs_t	
[196]	NONE	0x20000154	HAL::I2CIntr::I2CLogs_t	
[197]	NONE	0x20000155	HAL::I2CIntr::I2CLogs_t	
[198]	NONE	0x20000156	HAL::I2CIntr::I2CLogs_t	
[199]	NONE	0x20000157	HAL::I2CIntr::I2CLogs_t	
[200]	NONE	0x20000158	HAL::I2CIntr::I2CLogs_t	
[201]	NONE	0x20000159	HAL::I2CIntr::I2CLogs_t	
[202]	NONE	0x2000015A	HAL::I2CIntr::I2CLogs_t	
[203]	NONE	0x2000015B	HAL::I2CIntr::I2CLogs_t	
[204]	NONE	0x2000015C	HAL::I2CIntr::I2CLogs_t	
[205]	NONE	0x2000015D	HAL::I2CIntr::I2CLogs_t	
[206]	NONE	0x2000015E	HAL::I2CIntr::I2CLogs_t	
[207]	NONE	0x2000015F	HAL::I2CIntr::I2CLogs_t	
[208]	NONE	0x20000160	HAL::I2CIntr::I2CLogs_t	
[209]	NONE	0x20000161	HAL::I2CIntr::I2CLogs_t	
[210]	NONE	0x20000162	HAL::I2CIntr::I2CLogs_t	
[211]	NONE	0x20000163	HAL::I2CIntr::I2CLogs_t	
[212]	NONE	0x20000164	HAL::I2CIntr::I2CLogs_t	
[213]	NONE	0x20000165	HAL::I2CIntr::I2CLogs_t	
[214]	NONE	0x20000166	HAL::I2CIntr::I2CLogs_t	
[215]	NONE	0x20000167	HAL::I2CIntr::I2CLogs_t	
[216]	NONE	0x20000168	HAL::I2CIntr::I2CLogs_t	
[217]	NONE	0x20000169	HAL::I2CIntr::I2CLogs_t	
[218]	NONE	0x2000016A	HAL::I2CIntr::I2CLogs_t	
[219]	NONE	0x2000016B	HAL::I2CIntr::I2CLogs_t	
[220]	NONE	0x2000016C	HAL::I2CIntr::I2CLogs_t	
[221]	NONE	0x2000016D	HAL::I2CIntr::I2CLogs_t	
[222]	NONE	0x2000016E	HAL::I2CIntr::I2CLogs_t	
[223]	NONE	0x2000016F	HAL::I2CIntr::I2CLogs_t	
[224]	NONE	0x20000170	HAL::I2CIntr::I2CLogs_t	
[225]	NONE	0x20000171	HAL::I2CIntr::I2CLogs_t	
[226]	NONE	0x20000172	HAL::I2CIntr::I2CLogs_t	
[227]	NONE	0x20000173	HAL::I2CIntr::I2CLogs_t	
[228]	NONE	0x20000174	HAL::I2CIntr::I2CLogs_t	
[229]	NONE	0x20000175	HAL::I2CIntr::I2CLogs_t	
[230]	NONE	0x20000176	HAL::I2CIntr::I2CLogs_t	
[231]	NONE	0x20000177	HAL::I2CIntr::I2CLogs_t	
[232]	NONE	0x20000178	HAL::I2CIntr::I2CLogs_t	
[233]	NONE	0x20000179	HAL::I2CIntr::I2CLogs_t	
[234]	NONE	0x2000017A	HAL::I2CIntr::I2CLogs_t	
[235]	NONE	0x2000017B	HAL::I2CIntr::I2CLogs_t	
[236]	NONE	0x2000017C	HAL::I2CIntr::I2CLogs_t	
[237]	NONE	0x2000017D	HAL::I2CIntr::I2CLogs_t	
[238]	NONE	0x2000017E	HAL::I2CIntr::I2CLogs_t	
[239]	NONE	0x2000017F	HAL::I2CIntr::I2CLogs_t	
[240]	NONE	0x20000180	HAL::I2CIntr::I2CLogs_t	
[241]	NONE	0x20000181	HAL::I2CIntr::I2CLogs_t	
[242]	NONE	0x20000182	HAL::I2CIntr::I2CLogs_t	
[243]	NONE	0x20000183	HAL::I2CIntr::I2CLogs_t	
[244]	NONE	0x20000184	HAL::I2CIntr::I2CLogs_t	
[245]	NONE	0x20000185	HAL::I2CIntr::I2CLogs_t	
[246]	NONE	0x20000186	HAL::I2CIntr::I2CLogs_t	
[247]	NONE	0x20000187	HAL::I2CIntr::I2CLogs_t	
[248]	NONE	0x20000188	HAL::I2CIntr::I2CLogs_t	
[249]	NONE	0x20000189	HAL::I2CIntr::I2CLogs_t	
[250]	NONE	0x2000018A	HAL::I2CIntr::I2CLogs_t	
[251]	NONE	0x2000018B	HAL::I2CIntr::I2CLogs_t	
[252]	NONE	0x2000018C	HAL::I2CIntr::I2CLogs_t	
[253]	NONE	0x2000018D	HAL::I2CIntr::I2CLogs_t	
[254]	NONE	0x2000018E	HAL::I2CIntr::I2CLogs_t	
[255]	NONE	0x2000018F	HAL::I2CIntr::I2CLogs_t	
[256]	NONE	0x20000190	HAL::I2CIntr::I2CLogs_t	
[257]	NONE	0x20000191	HAL::I2CIntr::I2CLogs_t	
[258]	NONE	0x20000192	HAL::I2CIntr::I2CLogs_t	
[259]	NONE	0x20000193	HAL::I2CIntr::I2CLogs_t	
[260]	NONE	0x20000194	HAL::I2CIntr::I2CLogs_t	
[261]	NONE	0x20000195	HAL::I2CIntr::I2CLogs_t	
[262]	NONE	0x20000196	HAL::I2CIntr::I2CLogs_t	
[263]	NONE	0x20000197	HAL::I2CIntr::I2CLogs_t	
[264]	NONE	0x20000198	HAL::I2CIntr::I2CLogs_t	
[265]	NONE	0x20000199	HAL::I2CIntr::I2CLogs_t	
[266]	NONE	0x2000019A	HAL::I2CIntr::I2CLogs_t	
[267]	NONE	0x2000019B	HAL::I2CIntr::I2CLogs_t	
[268]	NONE	0x2000019C	HAL::I2CIntr::I2CLogs_t	
[269]	NONE	0x2000019D	HAL::I2CIntr::I2CLogs_t	
[270]	NONE	0x2000019E	HAL::I2CIntr::I2CLogs_t	
[271]	NONE	0x2000019F	HAL::I2CIntr::I2CLogs_t	
[272]	NONE	0x200001A0	HAL::I2CIntr::I2CLogs_t	
[273]	NONE	0x200001A1	HAL::I2CIntr::I2CLogs_t	
[274]	NONE	0x200001A2	HAL::I2CIntr::I2CLogs_t	
[275]	NONE	0x200001A3	HAL::I2CIntr::I2CLogs_t	
[276]	NONE	0x200001A4	HAL::I2CIntr::I2CLogs_t	
[277]	NONE	0x200001A5	HAL::I2CIntr::I2CLogs_t	
[278]	NONE	0x200001A6	HAL::I2CIntr::I2CLogs_t	
[279]	NONE	0x200001A7	HAL::I2CIntr::I2CLogs_t	
[280]	NONE	0x200001A8	HAL::I2CIntr::I2CLogs_t	
[281]	NONE	0x200001A9	HAL::I2CIntr::I2CLogs_t	
[282]	NONE	0x200001AA	HAL::I2CIntr::I2CLogs_t	
[283]	NONE	0x200001AB	HAL::I2CIntr::I2CLogs_t	
[284]	NONE	0x200001AC	HAL::I2CIntr::I2CLogs_t	
[285]	NONE	0x200001AD	HAL::I2CIntr::I2CLogs_t	
[286]	NONE	0x200001AE	HAL::I2CIntr::I2CLogs_t	
[287]	NONE	0x200001AF	HAL::I2CIntr::I2CLogs_t	
[288]	NONE	0x200001B0	HAL::I2CIntr::I2CLogs_t	
[289]	NONE	0x200001B1	HAL::I2CIntr::I2CLogs_t	
[290]	NONE	0x200001B2	HAL::I2CIntr::I2CLogs_t	
[291]	NONE	0x200001B3	HAL::I2CIntr::I2CLogs_t	
[292]	NONE	0x200001B4	HAL::I2CIntr::I2CLogs_t	
[293]	NONE	0x200001B5	HAL::I2CIntr::I2CLogs_t	
[294]	NONE	0x200001B6	HAL::I2CIntr::I2CLogs_t	
[295]	NONE	0x200001B7	HAL::I2CIntr::I2CLogs_t	
[296]	NONE	0x200001B8	HAL::I2CIntr::I2CLogs_t	
[297]	NONE	0x200001B9	HAL::I2CIntr::I2CLogs_t	
[298]	NONE	0x200001BA	HAL::I2CIntr::I2CLogs_t	
[299]	NONE	0x200001BB	HAL::I2CIntr::I2CLogs_t	
[300]	NONE	0x200001BC	HAL::I2CIntr::I2CLogs_t	
[301]	NONE	0x200001BD	HAL::I2CIntr::I2CLogs_t	
[302]	NONE	0x200001BE	HAL::I2CIntr::I2CLogs_t	
[303]	NONE	0x200001BF	HAL::I2CIntr::I2CLogs_t	
[304]	NONE	0x200001C0	HAL::I2CIntr::I2CLogs_t	
[305]	NONE	0x200001C1	HAL::I2CIntr::I2CLogs_t	
[306]	NONE	0x200001C2	HAL::I2CIntr::I2CLogs_t	
[307]	NONE	0x200001C3	HAL::I2CIntr::I2CLogs_t	
[308]	NONE	0x200001C4	HAL::I2CIntr::I2CLogs_t	
[309]	NONE	0x200001C5	HAL::I2CIntr::I2CLogs_t	
[310]	NONE	0x200001C6	HAL::I2CIntr::I2CLogs_t	
[311]	NONE	0x200001C7	HAL::I2CIntr::I2CLogs_t	
[312]	NONE	0x200001C8	HAL::I2CIntr::I2CLogs_t	
[313]	NONE	0x200001C9	HAL::I2CIntr::I2CLogs_t	
[314]	NONE	0x200001CA	HAL::I2CIntr::I2CLogs_t	
[315]	NONE	0x200001CB	HAL::I2CIntr::I2CLogs_t	
[316]	NONE	0x200001CC	HAL::I2CIntr::I2CLogs_t	
[317]	NONE	0x200001CD	HAL::I2CIntr::I2CLogs_t	
[318]	NONE	0x200001CE	HAL::I2CIntr::I2CLogs_t	
[319]	NONE	0x200001CF	HAL::I2CIntr::I2CLogs_t	
[320]	NONE	0x200001D0	HAL::I2CIntr::I2CLogs_t	
[321]	NONE	0x200001D1	HAL::I2CIntr::I2CLogs_t	
[322]	NONE	0x200001D2	HAL::I2CIntr::I2CLogs_t	
[323]	NONE	0x200001D3	HAL::I2CIntr::I2CLogs_t	
[324]	NONE	0x200001D4	HAL::I2CIntr::I2CLogs_t	
[325]	NONE	0x200001D5	HAL::I2CIntr::I2CLogs_t	
[326]	NONE	0x200001D6	HAL::I2CIntr::I2CLogs_t	
[327]	NONE	0x200001D7	HAL::I2CIntr::I2CLogs_t	
[328]	NONE	0x200001D8	HAL::I2CIntr::I2CLogs_t	
[329]	NONE	0x200001D9	HAL::I2CIntr::I2CLogs_t	
[330]	NONE	0x200001DA	HAL::I2CIntr::I2CLogs_t	
[331]	NONE	0x200001DB	HAL::I2CIntr::I2CLogs_t	
[332]	NONE	0x200001DC	HAL::I2CIntr::I2CLogs_t	
[333]	NONE	0x200001DD	HAL::I2CIntr::I2CLogs_t	
[334]	NONE	0x200001DE	HAL::I2CIntr::I2CLogs_t	
[335]	NONE	0x200001DF	HAL::I2CIntr::I2CLogs_t	
[336]	NONE	0x200001E0	HAL::I2CIntr::I2CLogs_t	
[337]	NONE	0x200001E1	HAL::I2CIntr::I2CLogs_t	
[338]	NONE	0x200001E2	HAL::I2CIntr::I2CLogs_t	
[339]	NONE	0x200001E3	HAL::I2CIntr::I2CLogs_t	
[340]	NONE	0x200001E4	HAL::I2CIntr::I2CLogs_t	
[341]	NONE	0x200001E5	HAL::I2CIntr::I2CLogs_t	
[342]	NONE	0x200001E6	HAL::I2CIntr::I2CLogs_t	
[343]	NONE	0x200001E7	HAL::I2CIntr::I2CLogs_t	
[344]	NONE	0x200001E8	HAL::I2CIntr::I2CLogs_t	
[345]	NONE	0x200001E9	HAL::I2CIntr::I2CLogs_t	
[346]	NONE	0x200001EA	HAL::I2CIntr::I2CLogs_t	
[347]	NONE	0x200001EB	HAL::I2CIntr::I2CLogs_t	
[348]	NONE	0x200001EC	HAL::I2CIntr::I2CLogs_t	
[349]	NONE	0x200001ED	HAL::I2CIntr::I2CLogs_t	
[350]	NONE	0x200001EE	HAL::I2CIntr::I2CLogs_t	
[351]	NONE	0x200001EF	HAL::I2CIntr::I2CLogs_t	
[352]	NONE	0x200001F0	HAL::I2CIntr::I2CLogs_t	
[353]	NONE	0x200001F1	HAL::I2CIntr::I2CLogs_t	
[354]	NONE	0x200001F2	HAL::I2CIntr::I2CLogs_t	
[355]	NONE	0x200001F3	HAL::I2CIntr::I2CLogs_t	
[356]	NONE	0x200001F4	HAL::I2CIntr::I2CLogs_t	
[357]	NONE	0x200001F5	HAL::I2CIntr::I2CLogs_t	
[358]	NONE	0x200001F6	HAL::I2CIntr::I2CLogs_t	
[359]	NONE	0x200001F7	HAL::I2CIntr::I2CLogs_t	
[360]	NONE	0x200001F8	HAL::I2CIntr::I2CLogs_t	
[361]	NONE	0x200001F9	HAL::I2CIntr::I2CLogs_t	
[362]	NONE	0x200001FA	HAL::I2CIntr::I2CLogs_t	
[363]	NONE	0x200001FB	HAL::I2CIntr::I2CLogs_t	
[364]	NONE	0x200001FC	HAL::I2CIntr::I2CLogs_t	
[365]	NONE	0x200001FD	HAL::I2CIntr::I2CLogs_t	
[366]	NONE	0x200001FE	HAL::I2CIntr::I2CLogs_t	
[367]	NONE	0x200001FF	HAL::I2CIntr::I2CLogs_t	
[368]	NONE	0x20000200	HAL::I2CIntr::I2CLogs_t	
[369]	NONE	0x20000201	HAL::I2CIntr::I2CLogs_t	
[370]	NONE	0x20000202	HAL::I2CIntr::I2CLogs_t	
[371]	NONE	0x20000203	HAL::I2CIntr::I2CLogs_t	
[372]	NONE	0x20000204	HAL::I2CIntr::I2CLogs_t	
[373]	NONE	0x20000205	HAL::I2CIntr::I2CLogs_t	
[374]	NONE	0x20000206	HAL::I2CIntr::I2CLogs_t	
[375]	NONE	0x20000207	HAL::I2CIntr::I2CLogs_t	
[376]	NONE	0x20000208	HAL::I2CIntr::I2CLogs_t	
[377]	NONE	0x20000209	HAL::I2CIntr::I2CLogs_t	
[378]	NONE	0x2000020A	HAL::I2CIntr::I2CLogs_t	
[379]	NONE	0x2000020B	HAL::I2CIntr::I2CLogs_t	
[380]	NONE	0x2000020C	HAL::I2CIntr::I2CLogs_t	
[381]	NONE	0x2000020D	HAL::I2CIntr::I2CLogs_t	
[382]	NONE	0x2000020E	HAL::I2CIntr::I2CLogs_t	
[383]	NONE	0x2000020F	HAL::I2CIntr::I2CLogs_t	
[384]	NONE	0x20000210	HAL::I2CIntr::I2CLogs_t	
[385]	NONE	0x20000211	HAL::I2CIntr::I2CLogs_t	
[386]	NONE	0x20000212	HAL::I2CIntr::I2CLogs_t	
[387]	NONE	0x20000213	HAL::I2CIntr::I2CLogs_t	
[388]	NONE	0x20000214	HAL::I2CIntr::I2CLogs_t	
[389]	NONE	0x20000215	HAL::I2CIntr::I2CLogs_t	
[390]	NONE	0x20000216	HAL::I2CIntr::I2CLogs_t	
[391]	NONE	0x20000217	HAL::I2CIntr::I2CLogs_t	
[392]	NONE	0x20000218	HAL::I2CIntr::I2CLogs_t	
[393]	NONE	0x20000219	HAL::I2CIntr::I2CLogs_t	
[394]	NONE	0x2000021A	HAL::I2CIntr::I2CLogs_t	
[395]	NONE	0x2000021B	HAL::I2CIntr::I2CLogs_t	
[396]	NONE	0x2000021C	HAL::I2CIntr::I2CLogs_t	
[397]	NONE	0x2000021D	HAL::I2CIntr::I2CLogs_t	
[398]	NONE	0x2000021E	HAL::I2CIntr::I2CLogs_t	
[399]	NONE	0x2000021F	HAL::I2CIntr::I2CLogs_t	
[400]	NONE	0x20000220	HAL::I2CIntr::I2CLogs_t	
[401]	NONE	0x20000221	HAL::I2CIntr::I2CLogs_t	
[402]	NONE	0x20000222	HAL::I2CIntr::I2CLogs_t	
[403]	NONE	0x20000223	HAL::I2CIntr::I2CLogs_t	
[404]	NONE	0x20000224	HAL::I2CIntr::I2CLogs_t	
[405]	NONE	0x20000225	HAL::I2CIntr::I2CLogs_t	
[406]	NONE	0x20000226	HAL::I2CIntr::I2CLogs_t	
[407]	NONE	0x20000227	HAL::I2CIntr::I2CLogs_t	
[408]	NONE	0x20000228	HAL::I2CIntr::I2CLogs_t	
[409]	NONE	0x20000229	HAL::I2CIntr::I2CLogs_t	
[410]	NONE	0x2000022A	HAL::I2CIntr::I2CLogs_t	
[411]	NONE	0x2000022B	HAL::I2CIntr::I2CLogs_t	
[412]	NONE	0x2000022C	HAL::I2CIntr::I2CLogs_t	
[413]	NONE	0x2000022D	HAL::I2CIntr::I2CLogs_t	
[414]	NONE	0x2000022E	HAL::I2CIntr::I2CLogs_t	
[415]	NONE	0x2000022F	HAL::I2CIntr::I2CLogs_t	
[416]	NONE	0x20000230	HAL::I2CIntr::I2CLogs_t	
[417]	NONE	0x20000231	HAL::I2CIntr::I2CLogs_t	
[418]	NONE	0x20000232	HAL::I2CIntr::I2CLogs_t	
[419]	NONE	0x20000233	HAL::I2CIntr::I2CLogs_t	
[420]	NONE	0x20000234	HAL::I2CIntr::I2CLogs_t	
[421]	NONE	0x20000235	HAL::I2CIntr::I2CLogs_t	
[422]	NONE	0x20000236	HAL::I2CIntr::I2CLogs_t	
[423]	NONE	0x20000237	HAL::I2CIntr::I2CLogs_t	
[424]	NONE	0x20000238	HAL::I2CIntr::I2CLogs_t	
[425]	NONE	0x20000239	HAL::I2CIntr::I2CLogs_t	
[426]	NONE	0x2000023A	HAL::I2CIntr::I2CLogs_t	
[427]	NONE	0x2000023B	HAL::I2CIntr::I2CLogs_t	
[428]	NONE	0x2000023C	HAL::I2CIntr::I2CLogs_t	
[429]	NONE	0x2000023D	HAL::I2CIntr::I2CLogs_t	
[430]	NONE	0x2000023E	HAL::I2CIntr::I2CLogs_t	
[431]	NONE	0x2000023F	HAL::I2CIntr::I2CLogs_t	
[432]	NONE	0x20000240	HAL::I2CIntr::I2CLogs_t	
[433]	NONE	0x20000241	HAL::I2CIntr::I2CLogs_t	
[434]	NONE	0x20000242	HAL::I2CIntr::I2CLogs_t	
[435]	NONE	0x20000243	HAL::I2CIntr::I2CLogs_t	
[436]	NONE	0x20000244	HAL::I2CIntr::I2CLogs_t	
[437]	NONE	0x20000245	HAL::I2CIntr::I2CLogs_t	
[438]	NONE	0x20000246	HAL::I2CIntr::I2CLogs_t	
[439]	NONE	0x20000247	HAL::I2CIntr::I2CLogs_t	
[440]	NONE	0x20000248	HAL::I2CIntr::I2CLogs_t	
[441]	NONE	0x20000249	HAL::I2CIntr::I2CLogs_t	
[442]	NONE	0x2000024A	HAL::I2CIntr::I2CLogs_t	
[443]	NONE	0x2000024B	HAL::I2CIntr::I2CLogs_t	
[444]	NONE	0x2000024C	HAL::I2CIntr::I2CLogs_t	
[445]	NONE	0x2000024D	HAL::I2CIntr::I2CLogs_t	
[446]	NONE	0x2000024E	HAL::I2CIntr::I2CLogs_t	
[447]	NONE	0x2000024F	HAL::I2CIntr::I2CLogs_t	
[448]	NONE	0x20000250	HAL::I2CIntr::I2CLogs_t	
[449]	NONE	0x20000251	HAL::I2CIntr::I2CLogs_t	
[450]	NONE	0x20000252	HAL::I2CIntr::I2CLogs_t	
[451]	NONE	0x20000253	HAL::I2CIntr::I2CLogs_t	
[452]	NONE	0x20000254	HAL::I2CIntr::I2CLogs_t	
[453]	NONE	0x20000255	HAL::I2CIntr::I2CLogs_t	
[454]	NONE	0x20000256	HAL::I2CIntr::I2CLogs_t	
[455]	NONE	0x20000257	HAL::I2CIntr::I2CLogs_t	
[456]	NONE	0x20000258	HAL::I2CIntr::I2CLogs_t	
[457]	NONE	0x20000259	HAL::I2CIntr::I2CLogs_t	
[458]	NONE	0x2000025A	HAL::I2CIntr::I2CLogs_t	
[459]	NONE	0x2000025B	HAL::I2CIntr::I2CLogs_t	
[460]	NONE	0x2000025C	HAL::I2CIntr::I2CLogs_t	
[461]	NONE	0x2000025D	HAL::I2CIntr::I2CLogs_t	
[462]	NONE	0x2000025E	HAL::I2CIntr::I2CLogs_t	
[463]	NONE	0x2000025F	HAL::I2CIntr::I2CLogs_t	
[464]	NONE	0x20000260	HAL::I2CIntr::I2CLogs_t	
[465]	NONE	0x20000261	HAL::I2CIntr::I2CLogs_t	
[466]	NONE	0x20000262	HAL::I2CIntr::I2CLogs_t	
[467]	NONE	0x20000263	HAL::I2CIntr::I2CLogs_t	
[468]	NONE	0x20000264	HAL::I2CIntr::I2CLogs_t	
[469]	NONE	0x20000265	HAL::I2CIntr::I2CLogs_t	
[470]	NONE	0x20000266	HAL::I2CIntr::I2CLogs_t	
[471]	NONE	0x20000267	HAL::I2CIntr::I2CLogs_t	
[472]	NONE	0x20000268	HAL::I2CIntr::I2CLogs_t	
[473]	NONE	0x20000269	HAL::I2CIntr::I2CLogs_t	
[474]	NONE	0x2000026A	HAL::I2CIntr::I2CLogs_t	
[475]	NONE	0x2000026B	HAL::I2CIntr::I2CLogs_t	
[476]	NONE	0x2000026C	HAL::I2CIntr::I2CLogs_t	
[477]	NONE	0x2000026D	HAL::I2CIntr::I2CLogs_t	
[478]	NONE	0x2000026E	HAL::I2CIntr::I2CLogs_t	
[479]	NONE	0x2000026F	HAL::I2CIntr::I2CLogs_t	
[480]	NONE	0x20000270	HAL::I2CIntr::I2CLogs_t	
[481]	NONE	0x20000271	HAL::I2CIntr::I2CLogs_t	
[482]	NONE	0x20000272	HAL::I2CIntr::I2CLogs_t	
[483]	NONE	0x20000273	HAL::I2CIntr::I2CLogs_t	
[484]	NONE	0x20000274	HAL::I2CIntr::I2CLogs_t	
[485]	NONE	0x20000275	HAL::I2CIntr::I2CLogs_t	
[486]	NONE	0x20000276	HAL::I2CIntr::I2CLogs_t	
[487]	NONE	0x20000277	HAL::I2CIntr::I2CLogs_t	
[488]	NONE	0x20000278	HAL::I2CIntr::I2CLogs_t	
[489]	NONE	0x20000279	HAL::I2CIntr::I2CLogs_t	
[490]	NONE	0x2000027A	HAL::I2CIntr::I2CLogs_t	
[491]	NONE	0x2000027B	HAL::I2CIntr::I2CLogs_t	
[492]	NONE	0x2000027C	HAL::I2CIntr::I2CLogs_t	
[493]	NONE	0x2000027D	HAL::I2CIntr::I2CLogs_t	
[494]	NONE	0x2000027E	HAL::I2CIntr::I2CLogs_t	
[495]	NONE	0x2000027F	HAL::I2CIntr::I2CLogs_t	
[496]	NONE	0x20000280	HAL::I2CIntr::I2CLogs_t	
[497]	NONE	0x20000281	HAL::I2CIntr::I2CLogs_t	
[498]	NONE	0x20000282	HAL::I2CIntr::I2CLogs_t	
[499]	NONE	0x20000283	HAL::I2CIntr::I2CLogs_t	
[500]	NONE	0x20000284	HAL::I2CIntr::I2CLogs_t	
[501]	NONE	0x20000285	HAL::I2CIntr::I2CLogs_t	
[502]	NONE	0x20000286	HAL::I2CIntr::I2CLogs_t	
[503]	NONE	0x20000287	HAL::I2CIntr::I2CLogs_t	
[504]	NONE	0x20000288	HAL::I2CIntr::I2CLogs_t	
[505]	NONE	0x20000289	HAL::I2CIntr::I2CLogs_t	
[506]	NONE	0x2000028A	HAL::I2CIntr::I2CLogs_t	
[507]	NONE	0x2000028B	HAL::I2CIntr::I2CLogs_t	
[508]	NONE	0x2000028C	HAL::I2CIntr::I2CLogs_t	
[509]	NONE	0x2000028D	HAL::I2CIntr::I2CLogs_t	
[510]	NONE	0x2000028E	HAL::I2CIntr::I2CLogs_t	
[511]	NONE	0x2000028F	HAL::I2CIntr::I2CLogs_t	
[512]	NONE	0x20000290	HAL::I2CIntr::I2CLogs_t	
[513]	NONE	0x20000291	HAL::I2CIntr::I2CLogs_t	
[514]	NONE	0x20000292	HAL::I2CIntr::I2CLogs_t	
[515]	NONE	0x20000293	HAL::I2CIntr::I2CLogs_t	
[516]	NONE	0x20000294	HAL::I2CIntr::I2CLogs_t	
[517]	NONE	0x20000295	HAL::I2CIntr::I2CLogs_t	
[518]	NONE	0x20000296	HAL::I2CIntr::I2CLogs_t	
[519]	NONE	0x20000297	HAL::I2CIntr::I2CLogs_t	
[520]	NONE	0x20000298	HAL::I2CIntr::I2CLogs_t	
[521]	NONE	0x20000299	HAL::I2CIntr::I2CLogs_t	
[522]	NONE	0x2000029A	HAL::I2CIntr::I2CLogs_t	
[523]	NONE	0x2000029B	HAL::I2CIntr::I2CLogs_t	
[524]	NONE	0x2000029C	HAL::I2CIntr::I2CLogs_t	
[525]	NONE	0x2000029D	HAL::I2CIntr::I2CLogs_t	
[526]	NONE	0x2000029E	HAL::I2CIntr::I2CLogs_t	
[527]	NONE	0x2000029F	HAL::I2CIntr::I2CLogs_t	
[528]	NONE	0x200002A0	HAL::I2CIntr::I2CLogs_t	
[529]	NONE	0x200002A1	HAL::I2CIntr::I2CLogs_t	
[530]	NONE	0x200002A2	HAL::I2CIntr::I2CLogs_t	
[531]	NONE	0x200002A3	HAL::I2CIntr::I2CLogs_t	
[532]	NONE	0x200002A4	HAL::I2CIntr::I2CLogs_t	
[533]	NONE	0x200002A5	HAL::I2CIntr::I2CLogs_t	
[534]	NONE	0x200002A6	HAL::I2CIntr::I2CLogs_t	
[535]	NONE	0x200002A7	HAL::I2CIntr::I2CLogs_t	
[536]	NONE	0x200002A8	HAL::I2CIntr::I2CLogs_t	
[537]	NONE	0x200002A9	HAL::I2CIntr::I2CLogs_t	
[538]	NONE	0x200002AA	HAL::I2CIntr::I2CLogs_t	
[539]	NONE	0x200002AB	HAL::I2CIntr::I2CLogs_t	
[540]	NONE	0x200002AC	HAL::I2CIntr::I2CLogs_t	
[541]	NONE	0x200002AD	HAL::I2CIntr::I2CLogs_t	
[542]	NONE	0x200002AE	HAL::I2CIntr::I2CLogs_t	
[543]	NONE	0x200002AF	HAL::I2CIntr::I2CLogs_t	
[544]	NONE	0x200002B0	HAL::I2CIntr::I2CLogs_t	
[545]	NONE	0x200002B1	HAL::I2CIntr::I2CLogs_t	
[546]	NONE	0x200002B2	HAL::I2CIntr::I2CLogs_t	
[547]	NONE	0x200002B3	HAL::I2CIntr::I2CLogs_t	
[548]	NONE	0x200002B4	HAL::I2CIntr::I2CLogs_t	
[549]	NONE	0x200002B5	HAL::I2CIntr::I2CLogs_t	
[550]	NONE	0x200002B6	HAL::I2CIntr::I2CLogs_t	
[551]	NONE	0x200002B7	HAL::I2CIntr::I2CLogs_t	
[552]	NONE	0x200002B8	HAL::I2CIntr::I2CLogs_t	
[553]	NONE	0x200002B9	HAL::I2CIntr::I2CLogs_t	
[554]	NONE	0x200002BA	HAL::I2CIntr::I2CLogs_t	
[555]	NONE	0x200002BB	HAL::I2CIntr::I2CLogs_t	
[556]	NONE	0x200002BC	HAL::I2CIntr::I2CLogs_t	
[557]	NONE	0x200002BD	HAL::I2CIntr::I2CLogs_t	
[558]	NONE	0x200002BE	HAL::I2CIntr::I2CLogs_t	
[559]	NONE	0x200002BF	HAL::I2CIntr::I2CLogs_t	
[560]	NONE	0x200002C0	HAL::I2CIntr::I2CLogs_t	
[561]	NONE	0x200002C1	HAL::I2CIntr::I2CLogs_t	
[562]	NONE	0x200002C2	HAL::I2CIntr::I2CLogs_t	
[563]	NONE	0x200002C3	HAL::I2CIntr::I2CLogs_t	
[564]	NONE	0x200002C4	HAL::I2CIntr::I2CLogs_t	
[565]	NONE	0x200002C5	HAL::I2CIntr::I2CLogs_t	
[566]	NONE	0x200002C6	HAL::I2CIntr::I2CLogs_t	
[567]	NONE	0x200002C7	HAL::I2CIntr::I2CLogs_t	
[568]	NONE	0x200002C8	HAL::I2CIntr::I2CLogs_t	
[569]	NONE	0x200002C9	HAL::I2CIntr::I2CLogs_t	
[570]	NONE	0x200002CA	HAL::I2CIntr::I2CLogs_t	
[571]	NONE	0x200002CB	HAL::I2CIntr::I2CLogs_t	
[572]	NONE	0x200002CC	HAL::I2CIntr::I2CLogs_t	
[573]	NONE	0x200002CD	HAL::I2CIntr::I2CLogs_t	
[574]	NONE	0x200002CE	HAL::I2CIntr::I2CLogs_t	
[575]	NONE	0x200002CF	HAL::I2CIntr::I2CLogs_t	
[576]	NONE	0x200002D0	HAL::I2CIntr::I2CLogs_t	
[577]	NONE	0x200002D1	HAL::I2CIntr::I2CLogs_t	
[578]	NONE	0x200002D2	HAL::I2CIntr::I2CLogs_t	
[579]	NONE	0x200002D3	HAL::I2CIntr::I2CLogs_t	
[580]	NONE	0x200002D4	HAL::I2CIntr::I2CLogs_t	
[581]	NONE	0x200002D5	HAL::I2CIntr::I2CLogs_t	
[582]	NONE	0x200002D6	HAL::I2CIntr::I2CLogs_t	
[583]	NONE	0x200002D7	HAL::I2CIntr::I2CLogs_t	
[584]	NONE	0x200002D8	HAL::I2CIntr::I2CLogs_t	
[585]	NONE	0x200002D9	HAL::I2CIntr::I2CLogs_t	
[586]	NONE	0x200002DA	HAL::I2CIntr::I2CLogs_t	
[587]	NONE	0x200002DB	HAL::I2CIntr::I2CLogs_t	
[588]	NONE	0x200002DC	HAL::I2CIntr::I2CLogs_t	
[589]	NONE	0x200002DD	HAL::I2CIntr::I2CLogs_t	
[590]	NONE	0x200002DE	HAL::I2CIntr::I2CLogs_t	
[591]	NONE	0x200002DF	HAL::I2CIntr::I2CLogs_t	
[592]	NONE	0x200002E0	HAL::I2CIntr::I2CLogs_t	
[593]	NONE	0x200002E1	HAL::I2CIntr::I2CLogs_t	
[594]	NONE	0x200002E2	HAL::I2CIntr::I2CLogs_t	
[595]	NONE	0x200002E3	HAL::I2CIntr::I2CLogs_t	
[596]	NONE	0x200002E4	HAL::I2CIntr::I2CLogs_t	
[597]	NONE	0x200002E5	HAL::I2CIntr::I2CLogs_t	
[598]	NONE	0x200002E6	HAL::I2CIntr::I2CLogs_t	
[599]	NONE	0x200002E7	HAL::I2CIntr::I2CLogs_t	
[600]	NONE	0x200002E8	HAL::I2CIntr::I2CLogs_t	
[601]	NONE	0x200002E9	HAL::I2CIntr::I2CLogs_t	
[602]	NONE	0x200002EA	HAL::I2CIntr::I2CLogs_t	
[603]	NONE	0x200002EB	HAL::I2CIntr::I2CLogs_t	
[604]	NONE	0x200002EC	HAL::I2CIntr::I2CLogs_t	
[605]	NONE	0x200002ED	HAL::I2CIntr::I2CLogs_t	
[606]	NONE	0x200002EE	HAL::I2CIntr::I2CLogs_t	
[607]	NONE	0x200002EF	HAL::I2CIntr::I2CLogs_t	
[608]	NONE	0x200002F0	HAL::I2CIntr::I2CLogs_t	
[609]	NONE	0x200002F1	HAL::I2CIntr::I2CLogs_t	
[610]	NONE	0x200002F2	HAL::I2CIntr::I2CLogs_t	
[611]	NONE	0x200002F3	HAL::I2CIntr::I2CLogs_t	
[612]	NONE	0x200002F4	HAL::I2CIntr::I2CLogs_t	
[613]	NONE	0x200002F5	HAL::I2CIntr::I2CLogs_t	
[614]	NONE	0x200002F6	HAL::I2CIntr::I2CLogs_t	
[615]	NONE	0x200002F7	HAL::I2CIntr::I2CLogs_t	
[616]	NONE	0x200002F8	HAL::I2CIntr::I2CLogs_t	
[617]	NONE	0x200002F9	HAL::I2CIntr::I2CLogs_t	
[618]	NONE	0x200002FA	HAL::I2CIntr::I2CLogs_t	
[619]	NONE	0x200002FB	HAL::I2CIntr::I2CLogs_t	
[620]	NONE	0x200002FC	HAL::I2CIntr::I2CLogs_t	
[621]	NONE	0x200002FD	HAL::I2CIntr::I2CLogs_t	
[622]	NONE	0x200002FE	HAL::I2CIntr::I2CLogs_t	
[623]	NONE	0x200002FF	HAL::I2CIntr::I2CLogs_t	
[624]	NONE	0x20000300	HAL::I2CIntr::I2CLogs_t	
[625]	NONE	0x20000301	HAL::I2CIntr::I2CLogs_t	
[626]	NONE	0x20000302	HAL::I2CIntr::I2CLogs_t	
[627]	NONE	0x20000303	HAL::I2CIntr::I2CLogs_t	
[628]	NONE	0x20000304	HAL::I2CIntr::I2CLogs_t	
[629]	NONE	0x20000305	HAL::I2CIntr::I2CLogs_t	
[630]	NONE	0x20000306	HAL::I2CIntr::I2CLogs_t	
[631]	NONE	0x20000307	HAL::I2CIntr::I2CLogs_t	
[632]	NONE	0x20000308	HAL::I2CIntr::I2CLogs_t	
[633]	NONE	0x20000309	HAL::I2CIntr::I2CLogs_t	
[634]	NONE	0x2000030A	HAL::I2CIntr::I2CLogs_t	
[635]	NONE	0x2000030B	HAL::I2CIntr::I2CLogs_t	
[636]	NONE	0x2000030C	HAL::I2CIntr::I2CLogs_t	
[637]	NONE	0x2000030D	HAL::I2CIntr::I2CLogs_t	
[638]	NONE	0x2000030E	HAL::I2CIntr::I2CLogs_t	
[639]	NONE	0x2000030F	HAL::I2CIntr::I2CLogs_t	
[640]	NONE	0x20000310	HAL::I2CIntr::I2CLogs_t	
[641]	NONE	0x20000311	HAL::I2CIntr::I2CLogs_t	
[642]	NONE	0x20000312	HAL::I2CIntr::I2CLogs_t	
[643]	NONE	0x20000313	HAL::I2CIntr::I2CLogs_t	
[644]	NONE	0x20000314	HAL::I2CIntr::I2CLogs_t	
[645]	NONE	0x20000315	HAL::I2CIntr::I2CLogs_t	
[646]	NONE	0x20000316	HAL::I2CIntr::I2CLogs_t	
[647]	NONE	0x20000317	HAL::I2CIntr::I2CLogs_t	
[648]	NONE	0x20000318	HAL::I2CIntr::I2CLogs_t	
[649]	NONE	0x20000319	HAL::I2CIntr::I2CLogs_t	
[650]	NONE	0x2000031A	HAL::I2CIntr::I2CLogs_t	
[651]	NONE	0x2000031B	HAL::I2CIntr::I2CLogs_t	
[652]	NONE	0x2000031C	HAL::I2CIntr::I2CLogs_t	
[653]	NONE	0x2000031D	HAL::I2CIntr::I2CLogs_t	
[654]	NONE	0x2000031E	HAL::I2CIntr::I2CLogs_t	
[655]	NONE	0x2000031F	HAL::I2CIntr::I2CLogs_t	
[656]	NONE	0x20000320	HAL::I2CIntr::I2CLogs_t	
[657]	NONE	0x20000321	HAL::I2CIntr::I2CLogs_t	
[658]	NONE	0x20000322	HAL::I2CIntr::I2CLogs_t	
[659]	NONE	0x20000323	HAL::I2CIntr::I2CLogs_t	
[660]	NONE	0x20000324	HAL::I2CIntr::I2CLogs_t	
[661]	NONE	0x20000325	HAL::I2CIntr::I2CLogs_t	
[662]	NONE	0x20000326	HAL::I2CIntr::I2CLogs_t	
[663]	NONE	0x20000327	HAL::I2CIntr::I2CLogs_t	
[664]	NONE	0x20000328	HAL::I2CIntr::I2CLogs_t	
[665]	NONE	0x20000329	HAL::I2CIntr::I2CLogs_t	
[666]	NONE	0x2000032A	HAL::I2CIntr::I2CLogs_t	
[667]	NONE	0x2000032B	HAL::I2CIntr::I2CLogs_t	
[668]	NONE	0x2000032C	HAL::I2CIntr::I2CLogs_t	
[669]	NONE	0x2000032D	HAL::I2CIntr::I2CLogs_t	
[670]	NONE	0x2000032E	HAL::I2CIntr::I2CLogs_t	
[671]	NONE	0x2000032F	HAL::I2CIntr::I2CLogs_t	
[672]	NONE	0x20000330	HAL::I2CIntr::I2CLogs_t	
[673]	NONE	0x20000331	HAL::I2CIntr::I2CLogs_t	
[674]	NONE	0x20000332	HAL::I2CIntr::I2CLogs_t	
[675]	NONE	0x20000333	HAL::I2CIntr::I2CLogs_t	
[676]	NONE	0x20000334	HAL::I2CIntr::I2CLogs_t	
[677]	NONE	0x20000335	HAL::I2CIntr::I2CLogs_t	
[678]	NONE	0x20000336	HAL::I2CIntr::I2CLogs_t	
[679]	NONE	0x20000337	HAL::I2CIntr::I2CLogs_t	
[680]	NONE	0x20000338	HAL::I2CIntr::I2CLogs_t	
[681]	NONE	0x20000339	HAL::I2CIntr::I2CLogs_t	
[682]	NONE	0x2000033A	HAL::I2CIntr::I2CLogs_t	
[683]	NONE	0x2000033B	HAL::I2CIntr::I2CLogs_t	
[684]	NONE	0x2000033C	HAL::I2CIntr::I2CLogs_t	
[685]	NONE	0x2000033D	HAL::I2CIntr::I2CLogs_t	
[686]	NONE	0x2000033E	HAL::I2CIntr::I2CLogs_t	
[687]	NONE	0x2000033F	HAL::I2CIntr::I2CLogs_t	
[688]	NONE	0x20000340	HAL::I2CIntr::I2CLogs_t	
[689]	NONE	0x20000341	HAL::I2CIntr::I2CLogs_t	
[690]	NONE	0x20000342	HAL::I2CIntr::I2CLogs_t	
[691]	NONE	0x20000343	HAL::I2CIntr::I2CLogs_t	
[692]	NONE	0x20000344	HAL::I2CIntr::I2CLogs_t	
[693]	NONE	0x20000345	HAL::I2CIntr::I2CLogs_t	
[694]	NONE	0x20000346	HAL::I2CIntr::I2CLogs_t	
[695]	NONE	0x20000347	HAL::I2CIntr::I2CLogs_t	
[696]	NONE	0x20000348	HAL::I2CIntr::I2CLogs_t	
[697]	NONE	0x20000349	HAL::I2CIntr::I2CLogs_t	
[698]	NONE	0x2000034A	HAL::I2CIntr::I2CLogs_t	
[699]	NONE	0x2000034B	HAL::I2CIntr::I2CLogs_t	
[700]	NONE	0x2000034C	HAL::I2CIntr::I2CLogs_t	
[701]	NONE	0x2000034D	HAL::I2CIntr::I2CLogs_t	
[702]	NONE	0x2000034E	HAL::I2CIntr::I2CLogs_t	
[703]	NONE	0x2000034F	HAL::I2CIntr::I2CLogs_t	
[704]	NONE	0x20000350	HAL::I2CIntr::I2CLogs_t	
[705]	NONE	0x20000351	HAL::I2CIntr::I2CLogs_t	
[706]	NONE	0x20000352	HAL::I2CIntr::I2CLogs_t	
[707]	NONE	0x20000353	HAL::I2CIntr::I2CLogs_t	
[708]	NONE	0x20000354	HAL::I2CIntr::I2CLogs_t	
[709]	NONE	0x20000355	HAL::I2CIntr::I2CLogs_t	
[710]	NONE	0x20000356	HAL::I2CIntr::I2CLogs_t	
[711]	NONE	0x20000357	HAL::I2CIntr::I2CLogs_t	
[712]	NONE	0x20000358	HAL::I2CIntr::I2CLogs_t	
[713]	NONE	0x20000359	HAL::I2CIntr::I2CLogs_t	
[714]	NONE	0x2000035A	HAL::I2CIntr::I2CLogs_t	
[715]	NONE	0x2000035B	HAL::I2CIntr::I2CLogs_t	
[716]	NONE	0x2000035C	HAL::I2CIntr::I2CLogs_t	
[717]	NONE	0x2000035D	HAL::I2CIntr::I2CLogs_t	
[718]	NONE	0x2000035E	HAL::I2CIntr::I2CLogs_t	
[719]	NONE	0x2000035F	HAL::I2CIntr::I2CLogs_t	
[720]	NONE	0x20000360	HAL::I2CIntr::I2CLogs_t	
[721]	NONE	0x20000361	HAL::I2CIntr::I2CLogs_t	
[722]	NONE	0x20000362	HAL::I2CIntr::I2CLogs_t	
[723]	NONE	0x20000363	HAL::I2CIntr::I2CLogs_t	
[724]	NONE	0x20000364	HAL::I2CIntr::I2CLogs_t	
[725]	NONE	0x20000365	HAL::I2CIntr::I2CLogs_t	
[726]	NONE	0x20000366	HAL::I2CIntr::I2CLogs_t	
[727]	NONE	0x20000367	HAL::I2CIntr::I2CLogs_t	
[728]	NONE	0x20000368	HAL::I2CIntr::I2CLogs_t	
[729]	NONE	0x20000369	HAL::I2CIntr::I2CLogs_t	
[730]	NONE	0x2000036A	HAL::I2CIntr::I2CLogs_t	
[731]	NONE	0x2000036B	HAL::I2CIntr::I2CLogs_t	
[732]	NONE	0x2000036C	HAL::I2CIntr::I2CLogs_t	
[733]	NONE	0x2000036D	HAL::I2CIntr::I2CLogs_t	
[734]	NONE	0x2000036E	HAL::I2CIntr::I2CLogs_t	
[735]	NONE	0x2000036F	HAL::I2CIntr::I2CLogs_t	
[736]	NONE	0x20000370	HAL::I2CIntr::I2CLogs_t	
[737]	NONE	0x20000371	HAL::I2CIntr::I2CLogs_t	
[738]	NONE	0x20000372	HAL::I2CIntr::I2CLogs_t	
[739]	NONE	0x20000373	HAL::I2CIntr::I2CLogs_t	
[740]	NONE	0x20000374	HAL::I2CIntr::I2CLogs_t	
[741]	NONE	0x20000375	HAL::I2CIntr::I2CLogs_t	
[742]	NONE	0x20000376	HAL::I2CIntr::I2CLogs_t	
[743]	NONE	0x20000377	HAL::I2CIntr::I2CLogs_t	
[744]	NONE	0x20000378	HAL::I2CIntr::I2CLogs_t	
[745]	NONE	0x20000379	HAL::I2CIntr::I2CLogs_t	
[746]	NONE	0x2000037A	HAL::I2CIntr::I2CLogs_t	
[747]	NONE	0x2000037B	HAL::I2CIntr::I2CLogs_t	
[748]	NONE	0x2000037C	HAL::I2CIntr::I2CLogs_t	
[749]	NONE	0x2000037D	HAL::I2CIntr::I2CLogs_t	
[750]	NONE	0x2000037E	HAL::I2CIntr::I2CLogs_t	
[751]	NONE	0x2000037F	HAL::I2CIntr::I2CLogs_t	
[752]	NONE	0x20000380	HAL::I2CIntr::I2CLogs_t	
[753]	NONE	0x20000381	HAL::I2CIntr::I2CLogs_t	
[754]	NONE	0x20000382	HAL::I2CIntr::I2CLogs_t	
[755]	NONE	0x20000383	HAL::I2CIntr::I2CLogs_t	
[756]	NONE	0x20000384	HAL::I2CIntr::I2CLogs_t	
[757]	NONE	0x20000385	HAL::I2CIntr::I2CLogs_t	
[758]	NONE	0x20000386	HAL::I2CIntr::I2CLogs_t	
[759]	NONE	0x20000387	HAL::I2CIntr::I2CLogs_t	
[760]	NONE	0x20000388	HAL::I2CIntr::I2CLogs_t	
[761]	NONE	0x20000389	HAL::I2CIntr::I2CLogs_t	
[762]	NONE	0x2000038A	HAL::I2CIntr::I2CLogs_t	
[763]	NONE	0x2000038B	HAL::I2CIntr::I2CLogs_t	
[764]	NONE	0x2000038C	HAL::I2CIntr::I2CLogs_t	
[765]	NONE	0x2000038D	HAL::I2CIntr::I2CLogs_t	
[766]	NONE	0x2000038E	HAL::I2CIntr::I2CLogs_t	
[767]	NONE	0x2000038F	HAL::I2CIntr::I2CLogs_t	
[768]	NONE	0x20000390	HAL::I2CIntr::I2CLogs_t	
[769]	NONE	0x20000391	HAL::I2CIntr::I2CLogs_t	
[770]	NONE	0x20000392	HAL::I2CIntr::I2CLogs_t	
[771]	NONE	0x20000393	HAL::I2CIntr::I2CLogs_t	
[772]	NONE	0x20000394	HAL::I2CIntr::I2CLogs_t	
[773]	NONE	0x20000395	HAL::I2CIntr::I2CLogs_t	
[774]	NONE	0x20000396	HAL::I2CIntr::I2CLogs_t	
[775]	NONE	0x20000397	HAL::I2CIntr::I2CLogs_t	
[776]	NONE	0x20000398	HAL::I2CIntr::I2CLogs_t	
[777]	NONE	0x20000399	HAL::I2CIntr::I2CLogs_t	
[778]	NONE	0x2000039A	HAL::I2CIntr::I2CLogs_t	
[779]	NONE	0x2000039B	HAL::I2CIntr::I2CLogs_t	
[780]	NONE	0x2000039C	HAL::I2CIntr::I2CLogs_t	
[781]	NONE	0x2000039D	HAL::I2CIntr::I2CLogs_t	
[782]	NONE	0x2000039E	HAL::I2CIntr::I2CLogs_t	
[783]	NONE	0x2000039F	HAL::I2CIntr::I2CLogs_t	
[784]	NONE	0x200003A0	HAL::I2CIntr::I2CLogs_t	
[785]	NONE	0x200003A1	HAL::I2CIntr::I2CLogs_t	
[786]	NONE	0x200003A2	HAL::I2CIntr::I2CLogs_t	
[787]	NONE	0x200003A3	HAL::I2CIntr::I2CLogs_t	
[788]	NONE	0x200003A4	HAL::I2CIntr::I2CLogs_t	
[789]	NONE	0x200003A5	HAL::I2CIntr::I2CLogs_t	
[790]	NONE	0x200003A6	HAL::I2CIntr::I2CLogs_t	
[791]	NONE	0x200003A7	HAL::I2CIntr::I2CLogs_t	
[792]	NONE	0x200003A8	HAL::I2CIntr::I2CLogs_t	
[793]	NONE	0x200003A9	HAL::I2CIntr::I2CLogs_t	
[794]	NONE	0x200003AA	HAL::I2CIntr::I2CLogs_t	
[795]	NONE	0x200003AB	HAL::I2CIntr::I2CLogs_t	
[796]	NONE	0x200003AC	HAL::I2CIntr::I2CLogs_t	
[797]	NONE	0x200003AD	HAL::I2CIntr::I2CLogs_t	
[798]	NONE	0x200003AE	HAL::I2CIntr::I2CLogs_t	
[799]	NONE	0x200003AF	HAL::I2CIntr::I2CLogs_t	
[800]	NONE	0x200003B0	HAL::I2CIntr::I2CLogs_t	
[801]	NONE	0x200003B1	HAL::I2CIntr::I2CLogs_t	
[802]	NONE	0x200003B2	HAL::I2CIntr::I2CLogs_t	
[803]	NONE	0x200003B3	HAL::I2CIntr::I2CLogs_t	
[804]	NONE	0x200003B4	HAL::I2CIntr::I2CLogs_t	
[805]	NONE	0x200003B5	HAL::I2CIntr::I2CLogs_t	
[806]	NONE	0x200003B6	HAL::I2CIntr::I2CLogs_t	
[807]	NONE	0x200003B7	HAL::I2CIntr::I2CLogs_t	
[808]	NONE	0x200003B8	HAL::I2CIntr::I2CLogs_t	
[809]	NONE	0x200003B9	HAL::I2CIntr::I2CLogs_t	
[810]	NONE	0x200003BA	HAL::I2CIntr::I2CLogs_t	
[811]	NONE	0x200003BB	HAL::I2CIntr::I2CLogs_t	
[812]	NONE	0x200003BC	HAL::I2CIntr::I2CLogs_t	
[813]	NONE	0x200003BD	HAL::I2CIntr::I2CLogs_t	
[814]	NONE	0x200003BE	HAL::I2CIntr::I2CLogs_t	
[815]	NONE	0x200003BF	HAL::I2CIntr::I2CLogs_t	
[816]	NONE	0x200003C0	HAL::I2CIntr::I2CLogs_t	
[817]	NONE	0x200003C1	HAL::I2CIntr::I2CLogs_t	
[818]	NONE	0x200003C2	HAL::I2CIntr::I2CLogs_t	
[819]	NONE	0x200003C3	HAL::I2CIntr::I2CLogs_t	
[820]	NONE	0x200003C4	HAL::I2CIntr::I2CLogs_t	
[821]	NONE	0x200003C5	HAL::I2CIntr::I2CLogs_t	
[822]	NONE	0x200003C6	HAL::I2CIntr::I2CLogs_t	
[823]	NONE	0x200003C7	HAL::I2CIntr::I2CLogs_t	
[824]	NONE	0x200003C8	HAL::I2CIntr::I2CLogs_t	
[825]	NONE	0x200003C9	HAL::I2CIntr::I2CLogs_t	
[826]	NONE	0x200003CA	HAL::I2CIntr::I2CLogs_t	
[827]	NONE	0x200003CB	HAL::I2CIntr::I2CLogs_t	
[828]	NONE	0x200003CC	HAL::I2CIntr::I2CLogs_t	
[829]	NONE	0x200003CD	HAL::I2CIntr::I2CLogs_t	
[830]	NONE	0x200003CE	HAL::I2CIntr::I2CLogs_t	
[831]	NONE	0x200003CF	HAL::I2CIntr::I2CLogs_t	
[832]	NONE	0x200003D0	HAL::I2CIntr::I2CLogs_t	
[833]	NONE	0x200003D1	HAL::I2CIntr::I2CLogs_t	
[834]	NONE	0x200003D2	HAL::I2CIntr::I2CLogs_t	
[835]	NONE	0x200003D3	HAL::I2CIntr::I2CLogs_t	
[836]	NONE	0x200003D4	HAL::I2CIntr::I2CLogs_t	
[837]	NONE	0x200003D5	HAL::I2CIntr::I2CLogs_t	
[838]	NONE	0x200003D6	HAL::I2CIntr::I2CLogs_t	
[839]	NONE	0x200003D7	HAL::I2CIntr::I2CLogs_t	
[840]	NONE	0x200003D8	HAL::I2CIntr::I2CLogs_t	
[841]	NONE	0x200003D9	HAL::I2CIntr::I2CLogs_t	
[842]	NONE	0x200003DA	HAL::I2CIntr::I2CLogs_t	
[843]	NONE	0x200003DB	HAL::I2CIntr::I2CLogs_t	
[844]	NONE	0x200003DC	HAL::I2CIntr::I2CLogs_t	
[845]	NONE	0x200003DD	HAL::I2CIntr::I2CLogs_t	
[846]	NONE	0x200003DE	HAL::I2CIntr::I2CLogs_t	
[847]	NONE	0x200003DF	HAL::I2CIntr::I2CLogs_t	
[848]	NONE	0x200003E0	HAL::I2CIntr::I2CLogs_t	
[849]	NONE	0x200003E1	HAL::I2CIntr::I2CLogs_t	
[850]	NONE	0x200003E2	HAL::I2CIntr::I2CLogs_t	
[851]	NONE	0x200003E3	HAL::I2CIntr::I2CLogs_t	
[852]	NONE	0x200003E4	HAL::I2CIntr::I2CLogs_t	
[853]	NONE	0x200003E5	HAL::I2CIntr::I2CLogs_t	
[854]	NONE	0x200003E6	HAL::I2CIntr::I2CLogs_t	
[855]	NONE	0x200003E7	HAL::I2CIntr::I2CLogs_t	
[856]	NONE	0x200003E8	HAL::I2CIntr::I2CLogs_t	
[857]	NONE	0x200003E9	HAL::I2CIntr::I2CLogs_t	
[858]	NONE	0x200003EA	HAL::I2CIntr::I2CLogs_t	
[859]	NONE	0x200003EB	HAL::I2CIntr::I2CLogs_t	
[860]	NONE	0x200003EC	HAL::I2CIntr::I2CLogs_t	
[861]	NONE	0x200003ED	HAL::I2CIntr::I2CLogs_t	
[862]	NONE	0x200003EE	HAL::I2CIntr::I2CLogs_t	
[863]	NONE	0x200003EF	HAL::I2CIntr::I2CLogs_t	
[864]	NONE	0x200003F0	HAL::I2CIntr::I2CLogs_t	
[865]	NONE	0x200003F1	HAL::I2CIntr::I2CLogs_t	
[866]	NONE	0x200003F2	HAL::I2CIntr::I2CLogs_t	
[867]	NONE	0x200003F3	HAL::I2CIntr::I2CLogs_t	
[868]	NONE	0x200003F4	HAL::I2CIntr::I2CLogs_t	
[869]	NONE	0x200003F5	HAL::I2CIntr::I2CLogs_t	
[870]	NONE	0x200003F6	HAL::I2CIntr::I2CLogs_t	
[871]	NONE	0x200003F7	HAL::I2CIntr::I2CLogs_t	
[872]	NONE	0x200003F8	HAL::I2CIntr::I2CLogs_t	
[873]	NONE	0x200003F9	HAL::I2CIntr::I2CLogs_t	
[874]	NONE	0x200003FA	HAL::I2CIntr::I2CLogs_t	
[875]	NONE	0x200003FB	HAL::I2CIntr::I2CLogs_t	
[876]	NONE	0x200003FC	HAL::I2CIntr::I2CLogs_t	
[877]	NONE	0x200003FD	HAL::I2CIntr::I2CLogs_t	
[878]	NONE	0x200003FE	HAL::I2CIntr::I2CLogs_t	
[879]	NONE	0x200003FF	HAL::I2CIntr::I2CLogs_t	
[880]	NONE	0x20000400	HAL::I2CIntr::I2CLogs_t	
[881]	NONE	0x20000401	HAL::I2CIntr::I2CLogs_t	
[882]	NONE	0x20000402	HAL::I2CIntr::I2CLogs_t	
[883]	NONE	0x20000403	HAL::I2CIntr::I2CLogs_t	
[884]	NONE	0x20000404	HAL::I2CIntr::I2CLogs_t	
[885]	NONE	0x20000405	HAL::I2CIntr::I2CLogs_t	
[886]	NONE	0x20000406	HAL::I2CIntr::I2CLogs_t	
[887]	NONE	0x20000407	HAL::I2CIntr::I2CLogs_t	
[888]	NONE	0x20000408	HAL::I2CIntr::I2CLogs_t	
[889]	NONE	0x20000409	HAL::I2CIntr::I2CLogs_t	
[890]	NONE	0x2000040A	HAL::I2CIntr::I2CLogs_t	
[891]	NONE	0x2000040B	HAL::I2CIntr::I2CLogs_t	
[892]	NONE	0x2000040C	HAL::I2CIntr::I2CLogs_t	
[893]	NONE	0x2000040D	HAL::I2CIntr::I2CLogs_t	
[894]	NONE	0x2000040E	HAL::I2CIntr::I2CLogs_t	
[895]	NONE	0x2000040F	HAL::I2CIntr::I2CLogs_t	
[896]	NONE	0x20000410	HAL::I2CIntr::I2CLogs_t	
[897]	NONE	0x20000411	HAL::I2CIntr::I2CLogs_t	
[898]	NONE	0x20000412	HAL::I2CIntr::I2CLogs_t	
[899]	NONE	0x20000413	HAL::I2CIntr::I2CLogs_t	
[900]	NONE	0x20000414	HAL::I2CIntr::I2CLogs_t	
[901]	NONE	0x20000415	HAL::I2CIntr::I2CLogs_t	
[902]	NONE	0x20000416	HAL::I2CIntr::I2CLogs_t	
[903]	NONE	0x20000417	HAL::I2CIntr::I2CLogs_t	
[904]	NONE	0x20000418	HAL::I2CIntr::I2CLogs_t	
[905]	NONE	0x20000419	HAL::I2CIntr::I2CLogs_t	
[906]	NONE	0x2000041A	HAL::I2CIntr::I2CLogs_t	
[907]	NONE	0x2000041B	HAL::I2CIntr::I2CLogs_t	
[908]	NONE	0x2000041C	HAL::I2CIntr::I2CLogs_t	
[909]	NONE	0x2000041D	HAL::I2CIntr::I2CLogs_t	
[910]	NONE	0x2000041E	HAL::I2CIntr::I2CLogs_t	
[911]	NONE	0x2000041F	HAL::I2CIntr::I2CLogs_t	
[912]	NONE	0x20000420	HAL::I2CIntr::I2CLogs_t	
[913]	NONE	0x20000421	HAL::I2CIntr::I2CLogs_t	
[914]	NONE	0x20000422	HAL::I2CIntr::I2CLogs_t	
[915]	NONE	0x20000423	HAL::I2CIntr::I2CLogs_t	
[916]	NONE	0x20000424	HAL::I2CIntr::I2CLogs_t	
[917]	NONE	0x20000425	HAL::I2CIntr::I2CLogs_t	
[918]	NONE	0x20000426	HAL::I2CIntr::I2CLogs_t	
[919]	NONE	0x20000427	HAL::I2CIntr::I2CLogs_t	
[920]	NONE	0x20000428	HAL::I2CIntr::I2CLogs_t	
[921]	NONE	0x20000429	HAL::I2CIntr::I2CLogs_t	
[922]	NONE	0x2000042A	HAL::I2CIntr::I2CLogs_t	
[923]	NONE	0x2000042B	HAL::I2CIntr::I2CLogs_t	
[924]	NONE	0x2000042C	HAL::I2CIntr::I2CLogs_t	
[925]	NONE	0x2000042D	HAL::I2CIntr::I2CLogs_t	
[926]	NONE	0x2000042E	HAL::I2CIntr::I2CLogs_t	
[927]	NONE	0x2000042F	HAL::I2CIntr::I2CLogs_t	
[928]	NONE	0x20000430	HAL::I2CIntr::I2CLogs_t	
[929]	NONE	0x20000431	HAL::I2CIntr::I2CLogs_t	
[930]	NONE	0x20000432	HAL::I2CIntr::I2CLogs_t	
[931]	NONE	0x20000433	HAL::I2CIntr::I2CLogs_t	
[932]	NONE	0x20000434	HAL::I2CIntr::I2CLogs_t	
[933]	NONE	0x20000435	HAL::I2CIntr::I2CLogs_t	
[934]	NONE	0x20000436	HAL::I2CIntr::I2CLogs_t	
[935]	NONE	0x20000437	HAL::I2CIntr::I2CLogs_t	
[936]	NONE	0x20000438	HAL::I2CIntr::I2CLogs_t	
[937]	NONE	0x20000439	HAL::I2CIntr::I2CLogs_t	
[938]	NONE	0x2000043A	HAL::I2CIntr::I2CLogs_t	
[939]	NONE	0x2000043B	HAL::I2CIntr::I2CLogs_t	
[940]	NONE	0x2000043C	HAL::I2CIntr::I2CLogs_t	
[941]	NONE	0x2000043D	HAL::I2CIntr::I2CLogs_t	
[942]	NONE	0x2000043E	HAL::I2CIntr::I2CLogs_t	
[943]	NONE	0x2000043F	HAL::I2CIntr::I2CLogs_t	
[944]	NONE	0x20000440	HAL::I2CIntr::I2CLogs_t	
[945]	NONE	0x20000441	HAL::I2CIntr::I2CLogs_t	
[946]	NONE	0x20000442	HAL::I2CIntr::I2CLogs_t	
[947]	NONE	0x20000443	HAL::I2CIntr::I2CLogs_t	
[948]	NONE	0x20000444	HAL::I2CIntr::I2CLogs_t	
[949]	NONE	0x20000445	HAL::I2CIntr::I2CLogs_t	
[950]	NONE	0x20000446	HAL::I2CIntr::I2CLogs_t	
[951]	NONE	0x20000447	HAL::I2CIntr::I2CLogs_t	
[952]	NONE	0x20000448	HAL::I2CIntr::I2CLogs_t	
[953]	NONE	0x20000449	HAL::I2CIntr::I2CLogs_t	
[954]	NONE	0x2000044A	HAL::I2CIntr::I2CLogs_t	
[955]	NONE	0x2000044B	HAL::I2CIntr::I2CLogs_t	
[956]	NONE	0x2000044C	HAL::I2CIntr::I2CLogs_t	
[957]	NONE	0x2000044D	HAL::I2CIntr::I2CLogs_t	
[958]	NONE	0x2000044E	HAL::I2CIntr::I2CLogs_t	
[959]	NONE	0x2000044F	HAL::I2CIntr::I2CLogs_t	
[960]	NONE	0x20000450	HAL::I2CIntr::I2CLogs_t	
[961]	NONE	0x20000451	HAL::I2CIntr::I2CLogs_t	
[962]	NONE	0x20000452	HAL::I2CIntr::I2CLogs_t	
[963]	NONE	0x20000453	HAL::I2CIntr::I2CLogs_t	
[964]	NONE	0x20000454	HAL::I2CIntr::I2CLogs_t	
[965]	NONE	0x20000455	HAL::I2CIntr::I2CLogs_t	
[966]	NONE	0x20000456	HAL::I2CIntr::I2CLogs_t	
[967]	NONE	0x20000457	HAL::I2CIntr::I2CLogs_t	
[968]	NONE	0x20000458	HAL::I2CIntr::I2CLogs_t	
[969]	NONE	0x20000459	HAL::I2CIntr::I2CLogs_t	
[970]	NONE	0x2000045A	HAL::I2CIntr::I2CLogs_t	
[971]	NONE	0x2000045B	HAL::I2CIntr::I2CLogs_t	
[972]	NONE	0x2000045C	HAL::I2CIntr::I2CLogs_t	
[973]	NONE	0x2000045D	HAL::I2CIntr::I2CLogs_t	
[974]	NONE	0x2000045E	HAL::I2CIntr::I2CLogs_t	
[975]	NONE	0x2000045F	HAL::I2CIntr::I2CLogs_t	
[976]	NONE	0x20000460	HAL::I2CIntr::I2CLogs_t	
[977]	NONE	0x20000461	HAL::I2CIntr::I2CLogs_t	
[978]	NONE	0x20000462	HAL::I2CIntr::I2CLogs_t	
[979]	NONE	0x20000463	HAL::I2CIntr::I2CLogs_t	
[980]	NONE	0x20000464	HAL::I2CIntr::I2CLogs_t	
[981]	NONE	0x20000465	HAL::I2CIntr::I2CLogs_t	
[982]	NONE	0x20000466	HAL::I2CIntr::I2CLogs_t	
[983]	NONE	0x20000467	HAL::I2CIntr::I2CLogs_t	
[984]	NONE	0x20000468	HAL::I2CIntr::I2CLogs_t	
[985]	NONE	0x20000469	HAL::I2CIntr::I2CLogs_t	
[986]	NONE	0x2000046A	HAL::I2CIntr::I2CLogs_t	
[987]	NONE	0x2000046B	HAL::I2CIntr::I2CLogs_t	
[988]	NONE	0x2000046C	HAL::I2CIntr::I2CLogs_t	
[989]	NONE	0x2000046D	HAL::I2CIntr::I2CLogs_t	
[990]	NONE	0x2000046E	HAL::I2CIntr::I2CLogs_t	
[991]	NONE	0x2000046F	HAL::I2CIntr::I2CLogs_t	
[992]	NONE	0x20000470	HAL::I2CIntr::I2CLogs_t	
[993]	NONE	0x20000471	HAL::I2CIntr::I2CLogs_t	
[994]	NONE	0x20000472	HAL::I2CIntr::I2CLogs_t	
[995]	NONE	0x20000473	HAL::I2CIntr::I2CLogs_t	
[996]	NONE	0x20000474	HAL::I2CIntr::I2CLogs_t	
[997]	NONE	0x20000475	HAL::I2CIntr::I2CLogs_t	
[998]	NONE	0x20000476	HAL::I2CIntr::I2CLogs_t	
[999]	NONE	0x20000477	HAL::I2CIntr::I2CLogs_t	
[1000]	NONE	0x20000478	HAL::I2CIntr::I2CLogs_t	
[1001]	NONE	0x20000479	HAL::I2CIntr::I2CLogs_t	
[1002]	NONE	0x2000047A	HAL::I2CIntr::I2CLogs_t	
[1003]	NONE	0x2000047B	HAL::I2CIntr::I2CLogs_t	
[1004]	NONE	0x2000047C	HAL::I2CIntr::I2CLogs_t	
[1005]	NONE	0x2000047D	HAL::I2CIntr::I2CLogs_t	
[1006]	NONE	0x2000047E	HAL::I2CIntr::I2CLogs_t	
[1007]	NONE	0x2000047F	HAL::I2CIntr::I2CLogs_t	
[1008]	NONE	0x20000480	HAL::I2CIntr::I2CLogs_t	
[1009]	NONE	0x20000481	HAL::I2CIntr::I2CLogs_t	
[1010]	NONE	0x20000482	HAL::I2CIntr::I2CLogs_t	
[1011]	NONE	0x20000483	HAL::I2CIntr::I2CLogs_t	
[1012]	NONE	0x20000484	HAL::I2CIntr::I2CLogs_t	
[1013]	NONE	0x20000485	HAL::I2CIntr::I2CLogs_t	
[1014]	NONE	0x20000486	HAL::I2CIntr::I2CLogs_t	
[1015]	NONE	0x20000487	HAL::I2CIntr::I2CLogs_t	
[1016]	NONE	0x20000488	HAL::I2CIntr::I2CLogs_t	
[1017]	NONE	0x20000489	HAL::I2CIntr::I2CLogs_t	
[1018]	NONE	0x2000048A	HAL::I2CIntr::I2CLogs_t	
[1019]	NONE	0x2000048B	HAL::I2CIntr::I2CLogs_t	
[1020]	NONE	0x2000048C	HAL::I2CIntr::I2CLogs_t	
[1021]	NONE	0x2000048D	HAL::I2CIntr::I2CLogs_t	
[1022]	NONE	0x2000048E	HAL::I2CIntr::I2CLogs_t	
[1023]	NONE	0x2000048F	HAL::I2CIntr::I2CLogs_t	
[1024]	NONE	0x20000490	HAL::I2CIntr::I2CLogs_t	
[1025]	NONE	0x20000491	HAL::I2CIntr::I2CLogs_t	
[1026]	NONE	0x20000492	HAL::I2CIntr::I2CLogs_t	
[1027]	NONE	0x20000493	HAL::I2CIntr::I2CLogs_t	
[1028]	NONE	0x20000494	HAL::I2CIntr::I2CLogs_t	
[1029]	NONE	0x20000495	HAL::I2CIntr::I2CLogs_t	
[1030]	NONE	0x20000496	HAL::I2CIntr::I2CLogs_t	
[1031]	NONE	0x20000497	HAL::I2CIntr::I2CLogs_t	
[1032]	NONE	0x20000498	HAL::I2CIntr::I2CLogs_t	
[1033]	NONE	0x20000499	HAL::I2CIntr::I2CLogs_t	
[1034]	NONE	0x2000049A	HAL::I2CIntr::I2CLogs_t	
[1035]	NONE	0x2000049B	HAL::I2CIntr::I2CLogs_t	
[1036]	NONE	0x2000049C	HAL::I2CIntr::I2CLogs_t	
[1037]	NONE	0x2000049D	HAL::I2CIntr::I2CLogs_t	
[1038]	NONE	0x2000049E	HAL::I2CIntr::I2CLogs_t	
[1039]	NONE	0x2000049F	HAL::I2CIntr::I2CLogs_t	
[1040]	NONE	0x200004A0	HAL::I2CIntr::I2CLogs_t	
[1041]	NONE	0x200004A1	HAL::I2CIntr::I2CLogs_t	
[1042]	NONE	0x200004A2	HAL::I2CIntr::I2CLogs_t	
[1043]	NONE	0x200004A3	HAL::I2CIntr::I2CLogs_t	
[1044]	NONE	0x200004A4	HAL::I2CIntr::I2CLogs_t	
[1045]	NONE	0x200004A5	HAL::I2CIntr::I2CLogs_t	
[1046]	NONE	0x200004A6	HAL::I2CIntr::I2CLogs_t	
[1047]	NONE	0x200004A7	HAL::I2CIntr::I2CLogs_t	
[1048]	NONE	0x200004A8	HAL::I2CIntr::I2CLogs_t	
[1049]	NONE	0x200004A9	HAL::I2CIntr::I2CLogs_t	
[1050]	NONE	0x200004AA	HAL::I2CIntr::I2CLogs_t	
[1051]	NONE	0x200004AB	HAL::I2CIntr::I2CLogs_t	
[1052]	NONE	0x200004AC	HAL::I2CIntr::I2CLogs_t	
[1053]	NONE	0x200004AD	HAL::I2CIntr::I2CLogs_t	
[1054]	NONE	0x200004AE	HAL::I2CIntr::I2CLogs_t	
[1055]	NONE	0x200004AF	HAL::I2CIntr::I2CLogs_t	
[1056]	NONE	0x200004B0	HAL::I2CIntr::I2CLogs_t	
[1057]	NONE	0x200004B1	HAL::I2CIntr::I2CLogs_t	
[1058]	NONE	0x200004B2	HAL::I2CIntr::I2CLogs_t	
[1059]	NONE	0x200004B3	HAL::I2CIntr::I2CLogs_t	
[1060]	NONE	0x200004B4	HAL::I2CIntr::I2CLogs_t	
[1061]	NONE	0x200004B5	HAL::I2CIntr::I2CLogs_t	
[1062]	NONE	0x200004B6	HAL::I2CIntr::I2CLogs_t	
[1063]	NONE	0x200004B7	HAL::I2CIntr::I2CLogs_t	
[1064]	NONE	0x200004B8	HAL::I2CIntr::I2CLogs_t	
[1065]	NONE	0x200004B9	HAL::I2CIntr::I2CLogs_t	
[1066]	NONE	0x200004BA	HAL::I2CIntr::I2CLogs_t	
[1067]	NONE	0x200004BB	HAL::I2CIntr::I2CLogs_t	
[1068]	NONE	0x200004BC	HAL::I2CIntr::I2CLogs_t	
[1069]	NONE	0x200004BD	HAL::I2CIntr::I2CLogs_t	
[1070]	NONE	0x200004BE	HAL::I2CIntr::I2CLogs_t	
[1071]	NONE	0x200004BF	HAL::I2CIntr::I2CLogs_t	
[1072]	NONE	0x200004C0	HAL::I2CIntr::I2CLogs_t	
[1073]	NONE	0x200004C1	HAL::I2CIntr::I2CLogs_t	
[1074]	NONE	0x200004C2	HAL::I2CIntr::I2CLogs_t	
[1075]	NONE	0x200004C3	HAL::I2CIntr::I2CLogs_t	
[1076]	NONE	0x200004C4	HAL::I2CIntr::I2CLogs_t	
[1077]	NONE	0x200004C5	HAL::I2CIntr::I2CLogs_t	
[1078]	NONE	0x200004C6	HAL::I2CIntr::I2CLogs_t	
[1079]	NONE	0x200004C7	HAL::I2CIntr::I2CLogs_t	
[1080]	NONE	0x200004C8	HAL::I2CIntr::I2CLogs_t	
[1081]	NONE	0x200004C9	HAL::I2CIntr::I2CLogs_t	
[1082]	NONE	0x200004CA	HAL::I2CIntr::I2CLogs_t	
[1083]	NONE	0x200004CB	HAL::I2CIntr::I2CLogs_t	
[1084]	NONE	0x200004CC	HAL::I2CIntr::I2CLogs_t	
[1085]	NONE	0x200004CD	HAL::I2CIntr::I2CLogs_t	
[1086]	NONE	0x200004CE	HAL::I2CIntr::I2CLogs_t	
[1087]	NONE	0x200004CF	HAL::I2CIntr::I2CLogs_t	
[1088]	NONE	0x200004D0	HAL::I2CIntr::I2CLogs_t	
[1089]	NONE	0x200004D1	HAL::I2CIntr::I2CLogs_t	
[1090]	NONE	0x200004D2	HAL::I2CIntr::I2CLogs_t	
[1091]	NONE	0x200004D3	HAL::I2CIntr::I2CLogs_t	
[1092]	NONE	0x200004D4	HAL::I2CIntr::I2CLogs_t	
[1093]	NONE	0x200004D5	HAL::I2CIntr::I2CLogs_t	
[1094]	NONE	0x200004D6	HAL::I2CIntr::I2CLogs_t	
[1095]	NONE	0x200004D7	HAL::I2CIntr::I2CLogs_t	
[1096]	NONE	0x200004D8	HAL::I2CIntr::I2CLogs_t	
[1097]	NONE	0x200004D9	HAL::I2CIntr::I2CLogs_t	
[1098]	NONE	0x200004DA	HAL::I2CIntr::I2CLogs_t	
[1099]	NONE	0x200004DB	HAL::I2CIntr::I2CLogs_t	
[1100]	NONE	0x200004DC	HAL::I2CIntr::I2CLogs_t	
[1101]	NONE	0x200004DD	HAL::I2CIntr::I2CLogs_t	
[1102]	NONE	0x200004DE	HAL::I2CIntr::I2CLogs_t	
[1103]	NONE	0x200004DF	HAL::I2CIntr::I2CLogs_t	
[1104]	NONE	0x200004E0	HAL::I2CIntr::I2CLogs_t	
[1105]	NONE	0x200004E1	HAL::I2CIntr::I2CLogs_t	
[1106]	NONE	0x200004E2	HAL::I2CIntr::I2CLogs_t	
[1107]	NONE	0x200004E3	HAL::I2CIntr::I2CLogs_t	
[1108]	NONE	0x200004E4	HAL::I2CIntr::I2CLogs_t	
[1109]	NONE	0x200004E5	HAL::I2CIntr::I2CLogs_t	
[1110]	NONE	0x200004E6	HAL::I2CIntr::I2CLogs_t	
[1111]	NONE	0x200004E7	HAL::I2CIntr::I2CLogs_t	
[1112]	NONE	0x200004E8	HAL::I2CIntr::I2CLogs_t	
[1113]	NONE	0x200004E9	HAL::I2CIntr::I2CLogs_t	
[1114]	NONE	0x200004EA	HAL::I2CIntr::I2CLogs_t	
[1115]	NONE	0x200004EB	HAL::I2CIntr::I2CLogs_t	
[1116]	NONE	0x200004EC	HAL::I2CIntr::I2CLogs_t	
[1117]	NONE	0x200004ED	HAL::I2CIntr::I2CLogs_t	
[1118]	NONE	0x200004EE	HAL::I2CIntr::I2CLogs_t	
[1119]	NONE	0x200004EF	HAL::I2CIntr::I2CLogs_t	
[1120]	NONE	0x200004F0	HAL::I2CIntr::I2CLogs_t	
[1121]	NONE	0x200004F1	HAL::I2CIntr::I2CLogs_t	
[1122]	NONE	0x200004F2	HAL::I2CIntr::I2CLogs_t	
[1123]	NONE	0x200004F3	HAL::I2CIntr::I2CLogs_t	
[1124]	NONE	0x200004F4	HAL::I2CIntr::I2CLogs_t	
[1125]	NONE	0x200004F5	HAL::I2CIntr::I2CLogs_t	
[1126]	NONE	0x200004F6	HAL::I2CIntr::I2CLogs_t	
[1127]	NONE	0x200004F7	HAL::I2CIntr::I2CLogs_t	
[1128]	NONE	0x200004F8	HAL::I2CIntr::I2CLogs_t	
[1129]	NONE	0x200004F9	HAL::I2CIntr::I2CLogs_t	
[1130]	NONE	0x200004FA	HAL::I2CIntr::I2CLogs_t	
[1131]	NONE	0x200004FB	HAL::I2CIntr::I2CLogs_t	
[1132]	NONE	0x200004FC	HAL::I2CIntr::I2CLogs_t	
[1133]	NONE	0x200004FD	HAL::I2CIntr::I2CLogs_t	
[1134]	NONE	0x200004FE	HAL::I2CIntr::I2CLogs_t	
[1135]	NONE	0x200004FF	HAL::I2CIntr::I2CLogs_t	
[1136]	NONE	0x20000500	HAL::I2CIntr::I2CLogs_t	
[1137]	NONE	0x20000501	HAL::I2CIntr::I2CLogs_t	
[1138]	NONE	0x20000502	HAL::I2CIntr::I2CLogs_t	
[1139]	NONE	0x20000503	HAL::I2CIntr::I2CLogs_t	
[1140]	NONE	0x20000504	HAL::I2CIntr::I2CLogs_t	
[1141]	NONE	0x20000505	HAL::I2CIntr::I2CLogs_t	
[1142]	NONE	0x20000506	HAL::I2CIntr::I2CLogs_t	
[1143]	NONE	0x20000507	HAL::I2CIntr::I2CLogs_t	
[1144]	NONE	0x20000508	HAL::I2CIntr::I2CLogs_t	
[1145]	NONE	0x20000509	HAL::I2CIntr::I2CLogs_t	
[1146]	NONE	0x2000050A	HAL::I2CIntr::I2CLogs_t	
[1147]	NONE	0x2000050B	HAL::I2CIntr::I2CLogs_t	
[1148]	NONE	0x2000050C	HAL::I2CIntr::I2CLogs_t	
[1149]	NONE	0x2000050D	HAL::I2CIntr::I2CLogs_t	
[1150]	NONE	0x2000050E	HAL::I2CIntr::I2CLogs_t	
[1151]	NONE	0x2000050F	HAL::I2CIntr::I2CLogs_t	
[1152]	NONE	0x20000510	HAL::I2CIntr::I2CLogs_t	
[1153]	NONE	0x20000511	HAL::I2CIntr::I2CLogs_t	
[1154]	NONE	0x20000512	HAL::I2CIntr::I2CLogs_t	
[1155]	NONE	0x20000513	HAL::I2CIntr::I2CLogs_t	
[1156]	NONE	0x20000514	HAL::I2CIntr::I2CLogs_t	
[1157]	NONE	0x20000515	HAL::I2CIntr::I2CLogs_t	
[1158]	NONE	0x20000516	HAL::I2CIntr::I2CLogs_t	
[1159]	NONE	0x20000517	HAL::I2CIntr::I2CLogs_t	
[1160]	NONE	0x20000518	HAL::I2CIntr::I2CLogs_t	
[1161]	NONE	0x20000519	HAL::I2CIntr::I2CLogs_t	
[1162]	NONE	0x2000051A	HAL::I2CIntr::I2CLogs_t	
[1163]	NONE	0x2000051B	HAL::I2CIntr::I2CLogs_t	
[1164]	NONE	0x2000051C	HAL::I2CIntr::I2CLogs_t	
[1165]	NONE	0x2000051D	HAL::I2CIntr::I2CLogs_t	
[1166]	NONE	0x2000051E	HAL::I2CIntr::I2CLogs_t	
[1167]	NONE	0x2000051F	HAL::I2CIntr::I2CLogs_t	
[1168]	NONE	0x20000520	HAL::I2CIntr::I2CLogs_t	
[1169]	NONE	0x20000521	HAL::I2CIntr::I2CLogs_t	
[1170]	NONE	0x20000522	HAL::I2CIntr::I2CLogs_t	
[1171]	NONE	0x20000523	HAL::I2CIntr::I2CLogs_t	
[1172]	NONE	0x20000524	HAL::I2CIntr::I2CLogs_t	
[1173]	NONE	0x20000525	HAL::I2CIntr::I2CLogs_t	
[1174]	NONE	0x20000526	HAL::I2CIntr::I2CLogs_t	
[1175]	NONE	0x20000527	HAL::I2CIntr::I2CLogs_t	
[1176]	NONE	0x20000528	HAL::I2CIntr::I2CLogs_t	
[1177]	NONE	0x20000529	HAL::I2CIntr::I2CLogs_t	
[1178]	NONE	0x2000052A	HAL::I2CIntr::I2CLogs_t	
[1179]	NONE	0x2000052B	HAL::I2CIntr::I2CLogs_t	
[1180]	NONE	0x2000052C	HAL::I2CIntr::I2CLogs_t	
[1181]	NONE	0x2000052D	HAL::I2CIntr::I2CLogs_t	
[1182]	NONE	0x2000052E	HAL::I2CIntr::I2CLogs_t	
[1183]	NONE	0x2000052F	HAL::I2CIntr::I2CLogs_t	
[1184]	NONE	0x20000530	HAL::I2CIntr::I2CLogs_t	
[1185]	NONE	0x20000531	HAL::I2CIntr::I2CLogs_t	
[1186]	NONE	0x20000532	HAL::I2CIntr::I2CLogs_t	
[1187]	NONE	0x20000533	HAL::I2CIntr::I2CLogs_t	
[1188]	NONE	0x20000534	HAL::I2CIntr::I2CLogs_t	
[1189]	NONE	0x20000535	HAL::I2CIntr::I2CLogs_t	
[1190]	NONE	0x20000536	HAL::I2CIntr::I2CLogs_t	
[1191]	NONE	0x20000537	HAL::I2CIntr::I2CLogs_t	
[1192]	NONE	0x20000538	HAL::I2CIntr::I2CLogs_t	
[1193]	NONE	0x20000539	HAL::I2CIntr::I2CLogs_t	
[1194]	NONE	0x2000053A	HAL::I2CIntr::I2CLogs_t	
[1195]	NONE	0x2000053B	HAL::I2CIntr::I2CLogs_t	
[1196]	NONE	0x2000053C	HAL::I2CIntr::I2CLogs_t	
[1197]	NONE	0x2000053D	HAL::I2CIntr::I2CLogs_t	
[1198]	NONE	0x2000053E	HAL::I2CIntr::I2CLogs_t	
[1199]	NONE	0x2000053F	HAL::I2CIntr::I2CLogs_t	
[1200]	NONE	0x20000540	HAL::I2CIntr::I2CLogs_t	
[1201]	NONE	0x20000541	HAL::I2CIntr::I2CLogs_t	
[1202]	NONE	0x20000542	HAL::I2CIntr::I2CLogs_t	
[1203]	NONE	0x20000543	HAL::I2CIntr::I2CLogs_t	
[1204]	NONE	0x20000544	HAL::I2CIntr::I2CLogs_t	
[1205]	NONE	0x20000545	HAL::I2CIntr::I2CLogs_t	
[1206]	NONE	0x20000546	HAL::I2CIntr::I2CLogs_t	
[1207]	NONE	0x20000547	HAL::I2CIntr::I2CLogs_t	
[1208]	NONE	0x20000548	HAL::I2CIntr::I2CLogs_t	
[1209]	NONE	0x20000549	HAL::I2CIntr::I2CLogs_t	
[1210]	NONE	0x2000054A	HAL::I2CIntr::I2CLogs_t	
[1211]	NONE	0x2000054B	HAL::I2CIntr::I2CLogs_t	
[1212]	NONE	0x2000054C	HAL::I2CIntr::I2CLogs_t	
[1213]	NONE	0x2000054D	HAL::I2CIntr::I2CLogs_t	
[1214]	NONE	0x2000054E	HAL::I2CIntr::I2CLogs_t	
[1215]	NONE	0x2000054F	HAL::I2CIntr::I2CLogs_t	
[1216]	NONE	0x20000550	HAL::I2CIntr::I2CLogs_t	
[1217]	NONE	0x20000551	HAL::I2CIntr::I2CLogs_t	
[1218]	NONE	0x20000552	HAL::I2CIntr::I2CLogs_t	
[1219]	NONE	0x20000553	HAL::I2CIntr::I2CLogs_t	
[1220]	NONE	0x20000554	HAL::I2CIntr::I2CLogs_t	
[1221]	NONE	0x20000555	HAL::I2CIntr::I2CLogs_t	
[1222]	NONE	0x20000556	HAL::I2CIntr::I2CLogs_t	
[1223]	NONE	0x20000557	HAL::I2CIntr::I2CLogs_t	
[1224]	NONE	0x20000558	HAL::I2CIntr::I2CLogs_t	
[1225]	NONE	0x20000559	HAL::I2CIntr::I2CLogs_t	
[1226]	NONE	0x2000055A	HAL::I2CIntr::I2CLogs_t	
[1227]	NONE	0x2000055B	HAL::I2CIntr::I2CLogs_t	
[1228]	NONE	0x2000055C	HAL::I2CIntr::I2CLogs_t	
[1229]	NONE	0x2000055D	HAL::I2CIntr::I2CLogs_t	
[1230]	NONE	0x2000055E	HAL::I2CIntr::I2CLogs_t	
[1231]	NONE	0x2000055F	HAL::I2CIntr::I2CLogs_t	
[1232]	NONE	0x20000560	HAL::I2CIntr::I2CLogs_t	
[1233]	NONE	0x20000561	HAL::I2CIntr::I2CLogs_t	
[1234]	NONE	0x20000562	HAL::I2CIntr::I2CLogs_t	
[1235]	NONE	0x20000563	HAL::I2CIntr::I2CLogs_t	
[1236]	NONE	0x20000564	HAL::I2CIntr::I2CLogs_t	
[1237]	NONE	0x20000565	HAL::I2CIntr::I2CLogs_t	
[1238]	NONE	0x20000566	HAL::I2CIntr::I2CLogs_t	
[1239]	NONE	0x20000567	HAL::I2CIntr::I2CLogs_t	
[1240]	NONE	0x20000568	HAL::I2CIntr::I2CLogs_t	
[1241]	NONE	0x20000569	HAL::I2CIntr::I2CLogs_t	
[1242]	NONE	0x2000056A	HAL::I2CIntr::I2CLogs_t	
[1243]	NONE	0x2000056B	HAL::I2CIntr::I2CLogs_t	
[1244]	NONE	0x2000056C	HAL::I2CIntr::I2CLogs_t	
[1245]	NONE	0x2000056D	HAL::I2CIntr::I2CLogs_t	
[1246]	NONE	0x2000056E	HAL::I2CIntr::I2CLogs_t	
[1247]	NONE	0x2000056F	HAL::I2CIntr::I2CLogs_t	
[1248]	NONE	0x20000570	HAL::I2CIntr::I2CLogs_t	
[1249]	NONE	0x20000571	HAL::I2CIntr::I2CLogs_t	
[1250]	NONE	0x20000572	HAL::I2CIntr::I2CLogs_t	
[1251]	NONE	0x20000573	HAL::I2CIntr::I2CLogs_t	
[1252]	NONE	0x20000574	HAL::I2CIntr::I2CLogs_t	
[1253]	NONE	0x20000575	HAL::I2CIntr::I2CLogs_t	
[1254]	NONE	0x20000576	HAL::I2CIntr::I2CLogs_t	
[1255]	NONE	0x20000577	HAL::I2CIntr::I2CLogs_t	
[1256]	NONE	0x20000578	HAL::I2CIntr::I2CLogs_t	
[1257]	NONE	0x20000579	HAL::I2CIntr::I2CLogs_t	
[1258]	NONE	0x2000057A	HAL::I2CIntr::I2CLogs_t	
[1259]	NONE	0x2000057B	HAL::I2CIntr::I2CLogs_t	
[1260]	NONE	0x2000057C	HAL::I2CIntr::I2CLogs_t	
[1261]	NONE	0x2000057D	HAL::I2CIntr::I2CLogs_t	
[1262]	NONE	0x2000057E	HAL::I2CIntr::I2CLogs_t	
[1263]	NONE	0x2000057F	HAL::I2CIntr::I2CLogs_t	
[1264]	NONE	0x20000580	HAL::I2CIntr::I2CLogs_t	
[1265]	NONE	0x20000581	HAL::I2CIntr::I2CLogs_t	
[1266]	NONE	0x20000582	HAL::I2CIntr::I2CLogs_t	
[1267]	NONE	0x20000583	HAL::I2CIntr::I2CLogs_t	
[1268]	NONE	0x20000584	HAL::I2CIntr::I2CLogs_t	
[1269]	NONE	0x20000585	HAL::I2CIntr::I2CLogs_t	
[1270]	NONE	0x20000586	HAL::I2CIntr::I2CLogs_t	
[1271]	NONE	0x20000587	HAL::I2CIntr::I2CLogs_t	
[1272]	NONE	0x20000588	HAL::I2CIntr::I2CLogs_t	
[1273]	NONE	0x20000589	HAL::I2CIntr::I2CLogs_t	
[1274]	NONE	0x2000058A	HAL::I2CIntr::I2CLogs_t	
[1275]	NONE	0x2000058B	HAL::I2CIntr::I2CLogs_t	
[1276]	NONE	0x2000058C	HAL::I2CIntr::I2CLogs_t	
[1277]	NONE	0x2000058D	HAL::I2CIntr::I2CLogs_t	
[1278]	NONE	0x2000058E	HAL::I2CIntr::I2CLogs_t	
[1279]	NONE	0x2000058F	HAL::I2CIntr::I2CLogs_t	
[1280]	NONE	0x20000590	HAL::I2CIntr::I2CLogs_t	
[1281]	NONE	0x20000591	HAL::I2CIntr::I2CLogs_t	
[1282]	NONE	0x20000592	HAL::I2CIntr::I2CLogs_t	
[1283]	NONE	0x20000593	HAL::I2CIntr::I2CLogs_t	
[1284]	NONE	0x20000594	HAL::I2CIntr::I2CLogs_t	
[1285]	NONE	0x20000595	HAL::I2CIntr::I2CLogs_t	
[1286]	NONE	0x20000596	HAL::I2CIntr::I2CLogs_t	
[1287]	NONE	0x20000597	HAL::I2CIntr::I2CLogs_t	
[1288]	NONE	0x20000598	HAL::I2CIntr::I2CLogs_t	
[1289]	NONE	0x20000599	HAL::I2CIntr::I2CLogs_t	
[1290]	NONE	0x2000059A	HAL::I2CIntr::I2CLogs_t	
[1291]	NONE	0x2000059B	HAL::I2CIntr::I2CLogs_t	
[1292]	NONE	0x2000059C	HAL::I2CIntr::I2CLogs_t	
[1293]	NONE	0x2000059D	HAL::I2CIntr::I2CLogs_t	
[1294]	NONE	0x2000059E	HAL::I2CIntr::I2CLogs_t	
[1295]	NONE	0x2000059F	HAL::I2CIntr::I2CLogs_t	
[1296]	NONE	0x200005A0	HAL::I2CIntr::I2CLogs_t	
[1297]	NONE	0x200005A1	HAL::I2CIntr::I2CLogs_t	
[1298]	NONE	0x200005A2	HAL::I2CIntr::I2CLogs_t	
[1299]	NONE	0x200005A3	HAL::I2CIntr::I2CLogs_t	
[1300]	NONE	0x200005A4	HAL::I2CIntr::I2CLogs_t	
[1301]	NONE	0x200005A5	HAL::I2CIntr::I2CLogs_t	
[1302]	NONE	0x200005A6	HAL::I2CIntr::I2CLogs_t	
[1303]	NONE	0x200005A7	HAL::I2CIntr::I2CLogs_t	
[1304]	NONE	0x200005A8	HAL::I2CIntr::I2CLogs_t	
[1305]	NONE	0x200005A9	HAL::I2CIntr::I2CLogs_t	
[1306]	NONE	0x200005AA	HAL::I2CIntr::I2CLogs_t	
[1307]	NONE	0x200005AB	HAL::I2CIntr::I2CLogs_t	
[1308]	NONE	0x200005AC	HAL::I2CIntr::I2CLogs_t	
[1309]	NONE	0x200005AD	HAL::I2CIntr::I2CLogs_t	
[1310]	NONE	0x200005AE	HAL::I2CIntr::I2CLogs_t	
[1311]	NONE	0x200005AF	HAL::I2CIntr::I2CLogs_t	
[1312]	NONE	0x200005B0	HAL::I2CIntr::I2CLogs_t	
[1313]	NONE	0x200005B1	HAL::I2CIntr::I2CLogs_t	
[1314]	NONE	0x200005B2	HAL::I2CIntr::I2CLogs_t	
[1315]	NONE	0x200005B3	HAL::I2CIntr::I2CLogs_t	
[1316]	NONE	0x200005B4	HAL::I2CIntr::I2CLogs_t	
[1317]	NONE	0x200005B5	HAL::I2CIntr::I2CLogs_t	
[1318]	NONE	0x200005B6	HAL::I2CIntr::I2CLogs_t	
[1319]	NONE	0x200005B7	HAL::I2CIntr::I2CLogs_t	
[1320]	NONE	0x200005B8	HAL::I2CIntr::I2CLogs_t	
[1321]	NONE	0x200005B9	HAL::I2CIntr::I2CLogs_t	
[1322]	NONE	0x200005BA	HAL::I2CIntr::I2CLogs_t	
[1323]	NONE	0x200005BB	HAL::I2CIntr::I2CLogs_t	
[1324]	NONE	0x200005BC	HAL::I2CIntr::I2CLogs_t	
[1325]	NONE	0x200005BD	HAL::I2CIntr::I2CLogs_t	
[1326]	NONE	0x200005BE	HAL::I2CIntr::I2CLogs_t	
[1327]	NONE	0x200005BF	HAL::I2CIntr::I2CLogs_t	
[1328]	NONE	0x200005C0	HAL::I2CIntr::I2CLogs_t	
[1329]	NONE	0x200005C1	HAL::I2CIntr::I2CLogs_t	
[1330]	NONE	0x200005C2	HAL::I2CIntr::I2CLogs_t	
[1331]	NONE	0x200005C3	HAL::I2CIntr::I2CLogs_t	
[1332]	NONE	0x200005C4	HAL::I2CIntr::I2CLogs_t	
[1333]	NONE	0x200005C5	HAL::I2CIntr::I2CLogs_t	
[1334]	NONE	0x200005C6	HAL::I2CIntr::I2CLogs_t	
[1335]	NONE	0x200005C7	HAL::I2CIntr::I2CLogs_t	
[1336]	NONE	0x200005C8	HAL::I2CIntr::I2CLogs_t	
[1337]	NONE	0x200005C9	HAL::I2CIntr::I2CLogs_t	
[1338]	NONE	0x200005CA	HAL::I2CIntr::I2CLogs_t	
[1339]	NONE	0x200005CB	HAL::I2CIntr::I2CLogs_t	
[1340]	NONE	0x200005CC	HAL::I2CIntr::I2CLogs_t	
[1341]	NONE	0x200005CD	HAL::I2CIntr::I2CLogs_t	
[1342]	NONE	0x200005CE	HAL::I2CIntr::I2CLogs_t	
[1343]	NONE	0x200005CF	HAL::I2CIntr::I2CLogs_t	
[1344]	NONE	0x200005D0	HAL::I2CIntr::I2CLogs_t	
[1345]	NONE	0x200005D1	HAL::I2CIntr::I2CLogs_t	
[1346]	NONE	0x200005D2	HAL::I2CIntr::I2CLogs_t	
[1347]	NONE	0x200005D3	HAL::I2CIntr::I2CLogs_t	
[1348]	NONE	0x200005D4	HAL::I2CIntr::I2CLogs_t	
[1349]	NONE	0x200005D5	HAL::I2CIntr::I2CLogs_t	
[1350]	NONE	0x200005D6	HAL::I2CIntr::I2CLogs_t	
[1351]	NONE	0x200005D7	HAL::I2CIntr::I2CLogs_t	
[1352]	NONE	0x200005D8	HAL::I2CIntr::I2CLogs_t	
[1353]	NONE	0x200005D9	HAL::I2CIntr::I2CLogs_t	
[1354]	NONE	0x200005DA	HAL::I2CIntr::I2CLogs_t	
[1355]	NONE	0x200005DB	HAL::I2CIntr::I2CLogs_t	
[1356]	NONE	0x200005DC	HAL::I2CIntr::I2CLogs_t	
[1357]	NONE	0x200005DD	HAL::I2CIntr::I2CLogs_t	
[1358]	NONE	0x200005DE	HAL::I2CIntr::I2CLogs_t	
[1359]	NONE	0x200005DF	HAL::I2CIntr::I2CLogs_t	
[1360]	NONE	0x200005E0	HAL::I2CIntr::I2CLogs_t	
[1361]	NONE	0x200005E1	HAL::I2CIntr::I2CLogs_t	
[1362]	NONE	0x200005E2	HAL::I2CIntr::I2CLogs_t	
[1363]	NONE	0x200005E3	HAL::I2CIntr::I2CLogs_t	
[1364]	NONE	0x200005E4	HAL::I2CIntr::I2CLogs_t	
[1365]	NONE	0x200005E5	HAL::I2CIntr::I2CLogs_t	
[1366]	NONE	0x200005E6	HAL::I2CIntr::I2CLogs_t	
[1367]	NONE	0x200005E7	HAL::I2CIntr::I2CLogs_t	
[1368]	NONE	0x200005E8	HAL::I2CIntr::I2CLogs_t	
[1369]	NONE	0x200005E9	HAL::I2CIntr::I2CLogs_t	
[1370]	NONE	0x200005EA	HAL::I2CIntr::I2CLogs_t	
[1371]	NONE	0x200005EB	HAL::I2CIntr::I2CLogs_t	
[1372]	NONE	0x200005EC	HAL::I2CIntr::I2CLogs_t	
[1373]	NONE	0x200005ED	HAL::I2CIntr::I2CLogs_t	
[1374]	NONE	0x200005EE	HAL::I2CIntr::I2CLogs_t	
[1375]	NONE	0x200005EF	HAL::I2CIntr::I2CLogs_t	
[1376]	NONE	0x200005F0	HAL::I2CIntr::I2CLogs_t	
[1377]	NONE	0x200005F1	HAL::I2CIntr::I2CLogs_t	
[1378]	NONE	0x200005F2	HAL::I2CIntr::I2CLogs_t	
[1379]	NONE	0x200005F3	HAL::I2CIntr::I2CLogs_t	
[1380]	NONE	0x200005F4	HAL::I2CIntr::I2CLogs_t	
[1381]	NONE	0x200005F5	HAL::I2CIntr::I2CLogs_t	
[1382]	NONE	0x200005F6	HAL::I2CIntr::I2CLogs_t	
[1383]	NONE	0x200005F7	HAL::I2CIntr::I2CLogs_t	
[1384]	NONE	0x200005F8	HAL::I2CIntr::I2CLogs_t	
[1385]	NONE	0x200005F9	HAL::I2CIntr::I2CLogs_t	
[1386]	NONE	0x200005FA	HAL::I2CIntr::I2CLogs_t	
[1387]	NONE	0x200005FB	HAL::I2CIntr::I2CLogs_t	
[1388]	NONE	0x200005FC	HAL::I2CIntr::I2CLogs_t	
[1389]	NONE	0x200005FD	HAL::I2CIntr::I2CLogs_t	
[1390]	NONE	0x200005FE	HAL::I2CIntr::I2CLogs_t	
[1391]	NONE	0x200005FF	HAL::I2CIntr::I2CLogs_t	
[1392]	NONE	0x20000600	HAL::I2CIntr::I2CLogs_t	
[1393]	NONE	0x20000601	HAL::I2CIntr::I2CLogs_t	
[1394]	NONE	0x20000602	HAL::I2CIntr::I2CLogs_t	
[1395]	NONE	0x20000603	HAL::I2CIntr::I2CLogs_t	
[1396]	NONE	0x20000604	HAL::I2CIntr::I2CLogs_t	
[1397]	NONE	0x20000605	HAL::I2CIntr::I2CLogs_t	
[1398]	NONE	0x20000606	HAL::I2CIntr::I2CLogs_t	
[1399]	NONE	0x20000607	HAL::I2CIntr::I2CLogs_t	
[1400]	NONE	0x20000608	HAL::I2CIntr::I2CLogs_t	
[1401]	NONE	0x20000609	HAL::I2CIntr::I2CLogs_t	
[1402]	NONE	0x2000060A	HAL::I2CIntr::I2CLogs_t	
[1403]	NONE	0x2000060B	HAL::I2CIntr::I2CLogs_t	
[1404]	NONE	0x2000060C	HAL::I2CIntr::I2CLogs_t	
[1405]	NONE	0x2000060D	HAL::I2CIntr::I2CLogs_t	
[1406]	NONE	0x2000060E	HAL::I2CIntr::I2CLogs_t	
[1407]	NONE	0x2000060F	HAL::I2CIntr::I2CLogs_t	
[1408]	NONE	0x20000610	HAL::I2CIntr::I2CLogs_t	
[1409]	NONE	0x20000611	HAL::I2CIntr::I2CLogs_t	
[1410]	NONE	0x20000612	HAL::I2CIntr::I2CLogs_t	
[1411]	NONE	0x20000613	HAL::I2CIntr::I2CLogs_t	
[1412]	NONE	0x20000614	HAL::I2CIntr::I2CLogs_t	
[1413]	NONE	0x20000615	HAL::I2CIntr::I2CLogs_t	
[1414]	NONE	0x20000616	HAL::I2CIntr::I2CLogs_t	
[1415]	NONE	0x20000617	HAL::I2CIntr::I2CLogs_t	
[1416]	NONE	0x20000618	HAL::I2CIntr::I2CLogs_t	
[1417]	NONE	0x20000619	HAL::I2CIntr::I2CLogs_t	
[1418]	NONE	0x2000061A	HAL::I2CIntr::I2CLogs_t	
[1419]	NONE	0x2000061B	HAL::I2CIntr::I2CLogs_t	
[1420]	NONE	0x2000061C	HAL::I2CIntr::I2CLogs_t	
[1421]	NONE	0x2000061D	HAL::I2CIntr::I2CLogs_t	
[1422]	NONE	0x2000061E	HAL::I2CIntr::I2CLogs_t	
[1423]	NONE	0x2000061F	HAL::I2CIntr::I2CLogs_t	
[1424]	NONE	0x20000620	HAL::I2CIntr::I2CLogs_t	
[1425]	NONE	0x20000621	HAL::I2CIntr::I2CLogs_t	
[1426]	NONE	0x20000622	HAL::I2CIntr::I2CLogs_t	
[1427]	NONE	0x20000623	HAL::I2CIntr::I2CLogs_t	
[1428]	NONE	0x20000624	HAL::I2CIntr::I2CLogs_t	
[1429]	NONE	0x20000625	HAL::I2CIntr::I2CLogs_t	
[1430]	NONE	0x20000626	HAL::I2CIntr::I2CLogs_t	
[1431]	NONE	0x20000627	HAL::I2CIntr::I2CLogs_t	
[1432]	NONE	0x20000628	HAL::I2CIntr::I2CLogs_t	
[1433]	NONE	0x20000629	HAL::I2CIntr::I2CLogs_t	
[1434]	NONE	0x2000062A	HAL::I2CIntr::I2CLogs_t	
[1435]	NONE	0x2000062B	HAL::I2CIntr::I2CLogs_t	
[1436]	NONE	0x2000062C	HAL::I2CIntr::I2CLogs_t	
[1437]	NONE	0x2000062D	HAL::I2CIntr::I2CLogs_t	
[1438]	NONE	0x2000062E	HAL::I2CIntr::I2CLogs_t	
[1439]	NONE	0x2000062F	HAL::I2CIntr::I2CLogs_t	
[1440]	NONE	0x20000630	HAL::I2CIntr::I2CLogs_t	
[1441]	NONE	0x20000631	HAL::I2CIntr::I2CLogs_t	
[1442]	NONE	0x20000632	HAL::I2CIntr::I2CLogs_t	
[1443]	NONE	0x20000633	HAL::I2CIntr::I2CLogs_t	
[1444]	NONE	0x20000634	HAL::I2CIntr::I2CLogs_t	
[1445]	NONE	0x20000635	HAL::I2CIntr::I2CLogs_t	
[1446]	NONE	0x20000636	HAL::I2CIntr::I2CLogs_t	
[1447]	NONE	0x20000637	HAL::I2CIntr::I2CLogs_t	
[1448]	NONE	0x20000638	HAL::I2CIntr::I2CLogs_t	
[1449]	NONE	0x20000639	HAL::I2CIntr::I2CLogs_t	
[1450]	NONE	0x2000063A	HAL::I2CIntr::I2CLogs_t	
[1451]	NONE	0x2000063B	HAL::I2CIntr::I2CLogs_t	
[1452]	NONE	0x2000063C	HAL::I2CIntr::I2CLogs_t	
[1453]	NONE	0x2000063D	HAL::I2CIntr::I2CLogs_t	
[1454]	NONE	0x2000063E	HAL::I2CIntr::I2CLogs_t	
[1455]	NONE	0x2000063F	HAL::I2CIntr::I2CLogs_t	
[1456]	NONE	0x20000640	HAL::I2CIntr::I2CLogs_t	
[1457]	NONE	0x20000641	HAL::I2CIntr::I2CLogs_t	
[1458]	NONE	0x20000642	HAL::I2CIntr::I2CLogs_t	
[1459]	NONE	0x20000643	HAL::I2CIntr::I2CLogs_t	
[1460]	NONE	0x20000644	HAL::I2CIntr::I2CLogs_t	
[1461]	NONE	0x20000645	HAL::I2CIntr::I2CLogs_t	
[1462]	NONE	0x20000646	HAL::I2CIntr::I2CLogs_t	
[1463]	NONE	0x20000647	HAL::I2CIntr::I2CLogs_t	
[1464]	NONE	0x20000648	HAL::I2CIntr::I2CLogs_t	
[1465]	NONE	0x20000649	HAL::I2CIntr::I2CLogs_t	
[1466]	NONE	0x2000064A	HAL::I2CIntr::I2CLogs_t	
[1467]	NONE	0x2000064B	HAL::I2CIntr::I2CLogs_t	
[1468]	NONE	0x2000064C	HAL::I2CIntr::I2CLogs_t	
[1469]	NONE	0x2000064D	HAL::I2CIntr::I2CLogs_t	
[1470]	NONE	0x2000064E	HAL::I2CIntr::I2CLogs_t	
[1471]	NONE	0x2000064F	HAL::I2CIntr::I2CLogs_t	
[1472]	NONE	0x20000650	HAL::I2CIntr::I2CLogs_t	
[1473]	NONE	0x20000651	HAL::I2CIntr::I2CLogs_t	
[1474]	NONE	0x20000652	HAL::I2CIntr::I2CLogs_t	
[1475]	NONE	0x20000653	HAL::I2CIntr::I2CLogs_t	
[1476]	NONE	0x20000654	HAL::I2CIntr::I2CLogs_t	
[1477]	NONE	0x20000655	HAL::I2CIntr::I2CLogs_t	
[1478]	NONE	0x20000656	HAL::I2CIntr::I2CLogs_t	
[1479]	NONE	0x20000657	HAL::I2CIntr::I2CLogs_t	
[1480]	NONE	0x20000658	HAL::I2CIntr::I2CLogs_t	
[1481]	NONE	0x20000659	HAL::I2CIntr::I2CLogs_t	
[1482]	NONE	0x2000065A	HAL::I2CIntr::I2CLogs_t	
[1483]	NONE	0x2000065B	HAL::I2CIntr::I2CLogs_t	
[1484]	NONE	0x2000065C	HAL::I2CIntr::I2CLogs_t	
[1485]	NONE	0x2000065D	HAL::I2CIntr::I2CLogs_t	
[1486]	NONE	0x2000065E	HAL::I2CIntr::I2CLogs_t	
[1487]	NONE	0x2000065F	HAL::I2CIntr::I2CLogs_t	
[1488]	NONE	0x20000660	HAL::I2CIntr::I2CLogs_t	
[1489]	NONE	0x20000661	HAL::I2CIntr::I2CLogs_t	
[1490]	NONE	0x20000662	HAL::I2CIntr::I2CLogs_t	
[1491]	NONE	0x20000663	HAL::I2CIntr::I2CLogs_t	
[1492]	NONE	0x20000664	HAL::I2CIntr::I2CLogs_t	
[1493]	NONE	0x20000665	HAL::I2CIntr::I2CLogs_t	
[1494]	NONE	0x20000666	HAL::I2CIntr::I2CLogs_t	
[1495]	NONE	0x20000667	HAL::I2CIntr::I2CLogs_t	
[1496]	NONE	0x20000668	HAL::I2CIntr::I2CLogs_t	
[1497]	NONE	0x20000669	HAL::I2CIntr::I2CLogs_t	
[1498]	NONE	0x2000066A	HAL::I2CIntr::I2CLogs_t	
[1499]	NONE	0x2000066B	HAL::I2CIntr::I2CLogs_t	
I2CStates_Idx	77	0x2000066C	uint32_t	
_I2CSlaveRxQueue	<class>	0x20000670	HAL::I2CIntr::I2CSlaveRxQueue_t	
_I2CSlaveTxQueue	<class>	0x200006BC	HAL::I2CIntr::I2CSlaveTxQueue_t	
Voltage	0.0	0x20000A08	float	
Current	0.0	0x20000A0C	float	
CallbackVoltage	2.6440000533	0x200009F8	float	
CallbackCurrent	2.0	0x200009FC	float	
Q_Sucess	10	0x20000A1C	uint32_t	
Q_Fail	1	0x20000A20	uint32_t	
