	
[0]	I2C_LOG_START_MASTER_TXRX	0x20000050	HAL::I2CIntr::I2CLogs_t	
[1]	I2C_LOG_SB_MASTER_TX	0x20000051	HAL::I2CIntr::I2CLogs_t	
[2]	I2C_LOG_ADDR_INTR_MASTER_TX_SIZE_GT_0	0x20000052	HAL::I2CIntr::I2CLogs_t	
[3]	I2C_LOG_BTF_MASTER_TX_STOP	0x20000053	HAL::I2CIntr::I2CLogs_t	
[4]	I2C_LOG_STOP_MASTER_RX_WITHOUT_REPEATED_START	0x20000054	HAL::I2CIntr::I2CLogs_t	
[5]	I2C_LOG_SB_MASTER_RX	0x20000055	HAL::I2CIntr::I2CLogs_t	
[6]	I2C_LOG_ADDR_INTR_MASTER_RX_SIZE_OTHER	0x20000056	HAL::I2CIntr::I2CLogs_t	
[7]	I2C_LOG_BTF_MASTER_RXNE_SIZE_GT_3	0x20000057	HAL::I2CIntr::I2CLogs_t	
[8]	I2C_LOG_BTF_MASTER_RXNE_SIZE_GT_3	0x20000058	HAL::I2CIntr::I2CLogs_t	
[9]	I2C_LOG_BTF_MASTER_RXNE_SIZE_GT_3	0x20000059	HAL::I2CIntr::I2CLogs_t	
[10]	I2C_LOG_BTF_MASTER_RX_SIZE_3	0x2000005A	HAL::I2CIntr::I2CLogs_t	
[11]	I2C_LOG_BTF_MASTER_RX_SIZE_2	0x2000005B	HAL::I2CIntr::I2CLogs_t	
[12]	I2C_LOG_START_MASTER_TXRX	0x2000005C	HAL::I2CIntr::I2CLogs_t	
[13]	I2C_LOG_SB_MASTER_TX	0x2000005D	HAL::I2CIntr::I2CLogs_t	
[14]	I2C_LOG_ADDR_INTR_MASTER_TX_SIZE_GT_0	0x2000005E	HAL::I2CIntr::I2CLogs_t	
[15]	I2C_LOG_BTF_MASTER_TX_STOP	0x2000005F	HAL::I2CIntr::I2CLogs_t	
[16]	I2C_LOG_STOP_MASTER_RX_WITHOUT_REPEATED_START	0x20000060	HAL::I2CIntr::I2CLogs_t	
[17]	I2C_LOG_SB_MASTER_RX	0x20000061	HAL::I2CIntr::I2CLogs_t	
[18]	I2C_LOG_ADDR_INTR_MASTER_RX_SIZE_OTHER	0x20000062	HAL::I2CIntr::I2CLogs_t	
[19]	I2C_LOG_BTF_MASTER_RXNE_SIZE_GT_3	0x20000063	HAL::I2CIntr::I2CLogs_t	
[20]	I2C_LOG_BTF_MASTER_RXNE_SIZE_GT_3	0x20000064	HAL::I2CIntr::I2CLogs_t	
[21]	I2C_LOG_BTF_MASTER_RXNE_SIZE_GT_3	0x20000065	HAL::I2CIntr::I2CLogs_t	
[22]	I2C_LOG_BTF_MASTER_RX_SIZE_3	0x20000066	HAL::I2CIntr::I2CLogs_t	
[23]	I2C_LOG_BTF_MASTER_RX_SIZE_2	0x20000067	HAL::I2CIntr::I2CLogs_t	
[24]	I2C_LOG_START_MASTER_TXRX	0x20000068	HAL::I2CIntr::I2CLogs_t	
[25]	I2C_LOG_SB_MASTER_TX	0x20000069	HAL::I2CIntr::I2CLogs_t	
[26]	I2C_LOG_ADDR_INTR_MASTER_TX_SIZE_GT_0	0x2000006A	HAL::I2CIntr::I2CLogs_t	
[27]	I2C_LOG_BTF_MASTER_TX_STOP	0x2000006B	HAL::I2CIntr::I2CLogs_t	
[28]	I2C_LOG_STOP_MASTER_RX_WITHOUT_REPEATED_START	0x2000006C	HAL::I2CIntr::I2CLogs_t	
[29]	I2C_LOG_SB_MASTER_RX	0x2000006D	HAL::I2CIntr::I2CLogs_t	
[30]	I2C_LOG_ADDR_INTR_MASTER_RX_SIZE_OTHER	0x2000006E	HAL::I2CIntr::I2CLogs_t	
[31]	I2C_LOG_BTF_MASTER_RXNE_SIZE_GT_3	0x2000006F	HAL::I2CIntr::I2CLogs_t	
[32]	I2C_LOG_BTF_MASTER_RXNE_SIZE_GT_3	0x20000070	HAL::I2CIntr::I2CLogs_t	
[33]	I2C_LOG_BTF_MASTER_RXNE_SIZE_GT_3	0x20000071	HAL::I2CIntr::I2CLogs_t	
[34]	I2C_LOG_BTF_MASTER_RX_SIZE_3	0x20000072	HAL::I2CIntr::I2CLogs_t	
[35]	I2C_LOG_BTF_MASTER_RX_SIZE_2	0x20000073	HAL::I2CIntr::I2CLogs_t	
[36]	I2C_LOG_START_MASTER_TXRX	0x20000074	HAL::I2CIntr::I2CLogs_t	
[37]	I2C_LOG_SB_MASTER_TX	0x20000075	HAL::I2CIntr::I2CLogs_t	
[38]	I2C_LOG_ADDR_INTR_MASTER_TX_SIZE_GT_0	0x20000076	HAL::I2CIntr::I2CLogs_t	
[39]	I2C_LOG_BTF_MASTER_TX_STOP	0x20000077	HAL::I2CIntr::I2CLogs_t	
[40]	I2C_LOG_STOP_MASTER_RX_WITHOUT_REPEATED_START	0x20000078	HAL::I2CIntr::I2CLogs_t	
[41]	I2C_LOG_SB_MASTER_RX	0x20000079	HAL::I2CIntr::I2CLogs_t	
[42]	I2C_LOG_ADDR_INTR_MASTER_RX_SIZE_OTHER	0x2000007A	HAL::I2CIntr::I2CLogs_t	
[43]	I2C_LOG_BTF_MASTER_RXNE_SIZE_GT_3	0x2000007B	HAL::I2CIntr::I2CLogs_t	
[44]	I2C_LOG_BTF_MASTER_RXNE_SIZE_GT_3	0x2000007C	HAL::I2CIntr::I2CLogs_t	
[45]	I2C_LOG_BTF_MASTER_RXNE_SIZE_GT_3	0x2000007D	HAL::I2CIntr::I2CLogs_t	
[46]	I2C_LOG_BTF_MASTER_RX_SIZE_3	0x2000007E	HAL::I2CIntr::I2CLogs_t	
[47]	I2C_LOG_BTF_MASTER_RX_SIZE_2	0x2000007F	HAL::I2CIntr::I2CLogs_t	
[48]	I2C_LOG_START_MASTER_TXRX	0x20000080	HAL::I2CIntr::I2CLogs_t	
[49]	I2C_LOG_SB_MASTER_TX	0x20000081	HAL::I2CIntr::I2CLogs_t	
[50]	I2C_LOG_ADDR_INTR_MASTER_TX_SIZE_GT_0	0x20000082	HAL::I2CIntr::I2CLogs_t	
[51]	I2C_LOG_BTF_MASTER_TX_STOP	0x20000083	HAL::I2CIntr::I2CLogs_t	
[52]	I2C_LOG_STOP_MASTER_RX_WITHOUT_REPEATED_START	0x20000084	HAL::I2CIntr::I2CLogs_t	
[53]	I2C_LOG_SB_MASTER_RX	0x20000085	HAL::I2CIntr::I2CLogs_t	
[54]	I2C_LOG_ADDR_INTR_MASTER_RX_SIZE_OTHER	0x20000086	HAL::I2CIntr::I2CLogs_t	
[55]	I2C_LOG_BTF_MASTER_RXNE_SIZE_GT_3	0x20000087	HAL::I2CIntr::I2CLogs_t	
[56]	I2C_LOG_BTF_MASTER_RXNE_SIZE_GT_3	0x20000088	HAL::I2CIntr::I2CLogs_t	
[57]	I2C_LOG_BTF_MASTER_RXNE_SIZE_GT_3	0x20000089	HAL::I2CIntr::I2CLogs_t	
[58]	I2C_LOG_BTF_MASTER_RX_SIZE_3	0x2000008A	HAL::I2CIntr::I2CLogs_t	
[59]	I2C_LOG_BTF_MASTER_RX_SIZE_2	0x2000008B	HAL::I2CIntr::I2CLogs_t	
[60]	I2C_LOG_START_MASTER_TXRX	0x2000008C	HAL::I2CIntr::I2CLogs_t	
[61]	I2C_LOG_SB_MASTER_TX	0x2000008D	HAL::I2CIntr::I2CLogs_t	
[62]	I2C_LOG_ADDR_INTR_MASTER_TX_SIZE_GT_0	0x2000008E	HAL::I2CIntr::I2CLogs_t	
[63]	I2C_LOG_BTF_MASTER_TX_STOP	0x2000008F	HAL::I2CIntr::I2CLogs_t	
[64]	I2C_LOG_STOP_MASTER_RX_WITHOUT_REPEATED_START	0x20000090	HAL::I2CIntr::I2CLogs_t	
[65]	I2C_LOG_SB_MASTER_RX	0x20000091	HAL::I2CIntr::I2CLogs_t	
[66]	I2C_LOG_BTF_MASTER_ACK_FAIL	0x20000092	HAL::I2CIntr::I2CLogs_t	
[67]	NONE	0x20000093	HAL::I2CIntr::I2CLogs_t	
[68]	NONE	0x20000094	HAL::I2CIntr::I2CLogs_t	
[69]	NONE	0x20000095	HAL::I2CIntr::I2CLogs_t	
[70]	NONE	0x20000096	HAL::I2CIntr::I2CLogs_t	
[71]	NONE	0x20000097	HAL::I2CIntr::I2CLogs_t	
[72]	NONE	0x20000098	HAL::I2CIntr::I2CLogs_t	
[73]	NONE	0x20000099	HAL::I2CIntr::I2CLogs_t	
[74]	NONE	0x2000009A	HAL::I2CIntr::I2CLogs_t	
[75]	NONE	0x2000009B	HAL::I2CIntr::I2CLogs_t	
[76]	NONE	0x2000009C	HAL::I2CIntr::I2CLogs_t	
[77]	NONE	0x2000009D	HAL::I2CIntr::I2CLogs_t	
[78]	NONE	0x2000009E	HAL::I2CIntr::I2CLogs_t	
[79]	NONE	0x2000009F	HAL::I2CIntr::I2CLogs_t	
[80]	NONE	0x200000A0	HAL::I2CIntr::I2CLogs_t	
[81]	NONE	0x200000A1	HAL::I2CIntr::I2CLogs_t	
[82]	NONE	0x200000A2	HAL::I2CIntr::I2CLogs_t	
[83]	NONE	0x200000A3	HAL::I2CIntr::I2CLogs_t	
[84]	NONE	0x200000A4	HAL::I2CIntr::I2CLogs_t	
[85]	NONE	0x200000A5	HAL::I2CIntr::I2CLogs_t	
[86]	NONE	0x200000A6	HAL::I2CIntr::I2CLogs_t	
[87]	NONE	0x200000A7	HAL::I2CIntr::I2CLogs_t	
[88]	NONE	0x200000A8	HAL::I2CIntr::I2CLogs_t	
[89]	NONE	0x200000A9	HAL::I2CIntr::I2CLogs_t	
[90]	NONE	0x200000AA	HAL::I2CIntr::I2CLogs_t	
[91]	NONE	0x200000AB	HAL::I2CIntr::I2CLogs_t	
[92]	NONE	0x200000AC	HAL::I2CIntr::I2CLogs_t	
[93]	NONE	0x200000AD	HAL::I2CIntr::I2CLogs_t	
[94]	NONE	0x200000AE	HAL::I2CIntr::I2CLogs_t	
[95]	NONE	0x200000AF	HAL::I2CIntr::I2CLogs_t	
[96]	NONE	0x200000B0	HAL::I2CIntr::I2CLogs_t	
[97]	NONE	0x200000B1	HAL::I2CIntr::I2CLogs_t	
[98]	NONE	0x200000B2	HAL::I2CIntr::I2CLogs_t	
[99]	NONE	0x200000B3	HAL::I2CIntr::I2CLogs_t	
[100]	NONE	0x200000B4	HAL::I2CIntr::I2CLogs_t	
[101]	NONE	0x200000B5	HAL::I2CIntr::I2CLogs_t	
[102]	NONE	0x200000B6	HAL::I2CIntr::I2CLogs_t	
[103]	NONE	0x200000B7	HAL::I2CIntr::I2CLogs_t	
[104]	NONE	0x200000B8	HAL::I2CIntr::I2CLogs_t	
[105]	NONE	0x200000B9	HAL::I2CIntr::I2CLogs_t	
[106]	NONE	0x200000BA	HAL::I2CIntr::I2CLogs_t	
[107]	NONE	0x200000BB	HAL::I2CIntr::I2CLogs_t	
[108]	NONE	0x200000BC	HAL::I2CIntr::I2CLogs_t	
[109]	NONE	0x200000BD	HAL::I2CIntr::I2CLogs_t	
[110]	NONE	0x200000BE	HAL::I2CIntr::I2CLogs_t	
[111]	NONE	0x200000BF	HAL::I2CIntr::I2CLogs_t	
[112]	NONE	0x200000C0	HAL::I2CIntr::I2CLogs_t	
[113]	NONE	0x200000C1	HAL::I2CIntr::I2CLogs_t	
[114]	NONE	0x200000C2	HAL::I2CIntr::I2CLogs_t	
[115]	NONE	0x200000C3	HAL::I2CIntr::I2CLogs_t	
[116]	NONE	0x200000C4	HAL::I2CIntr::I2CLogs_t	
[117]	NONE	0x200000C5	HAL::I2CIntr::I2CLogs_t	
[118]	NONE	0x200000C6	HAL::I2CIntr::I2CLogs_t	
[119]	NONE	0x200000C7	HAL::I2CIntr::I2CLogs_t	
[120]	NONE	0x200000C8	HAL::I2CIntr::I2CLogs_t	
[121]	NONE	0x200000C9	HAL::I2CIntr::I2CLogs_t	
[122]	NONE	0x200000CA	HAL::I2CIntr::I2CLogs_t	
[123]	NONE	0x200000CB	HAL::I2CIntr::I2CLogs_t	
[124]	NONE	0x200000CC	HAL::I2CIntr::I2CLogs_t	
[125]	NONE	0x200000CD	HAL::I2CIntr::I2CLogs_t	
[126]	NONE	0x200000CE	HAL::I2CIntr::I2CLogs_t	
[127]	NONE	0x200000CF	HAL::I2CIntr::I2CLogs_t	
[128]	NONE	0x200000D0	HAL::I2CIntr::I2CLogs_t	
[129]	NONE	0x200000D1	HAL::I2CIntr::I2CLogs_t	
[130]	NONE	0x200000D2	HAL::I2CIntr::I2CLogs_t	
[131]	NONE	0x200000D3	HAL::I2CIntr::I2CLogs_t	
[132]	NONE	0x200000D4	HAL::I2CIntr::I2CLogs_t	
[133]	NONE	0x200000D5	HAL::I2CIntr::I2CLogs_t	
[134]	NONE	0x200000D6	HAL::I2CIntr::I2CLogs_t	
[135]	NONE	0x200000D7	HAL::I2CIntr::I2CLogs_t	
[136]	NONE	0x200000D8	HAL::I2CIntr::I2CLogs_t	
[137]	NONE	0x200000D9	HAL::I2CIntr::I2CLogs_t	
[138]	NONE	0x200000DA	HAL::I2CIntr::I2CLogs_t	
[139]	NONE	0x200000DB	HAL::I2CIntr::I2CLogs_t	
[140]	NONE	0x200000DC	HAL::I2CIntr::I2CLogs_t	
[141]	NONE	0x200000DD	HAL::I2CIntr::I2CLogs_t	
[142]	NONE	0x200000DE	HAL::I2CIntr::I2CLogs_t	
[143]	NONE	0x200000DF	HAL::I2CIntr::I2CLogs_t	
[144]	NONE	0x200000E0	HAL::I2CIntr::I2CLogs_t	
[145]	NONE	0x200000E1	HAL::I2CIntr::I2CLogs_t	
[146]	NONE	0x200000E2	HAL::I2CIntr::I2CLogs_t	
[147]	NONE	0x200000E3	HAL::I2CIntr::I2CLogs_t	
[148]	NONE	0x200000E4	HAL::I2CIntr::I2CLogs_t	
[149]	NONE	0x200000E5	HAL::I2CIntr::I2CLogs_t	
[150]	NONE	0x200000E6	HAL::I2CIntr::I2CLogs_t	
[151]	NONE	0x200000E7	HAL::I2CIntr::I2CLogs_t	
[152]	NONE	0x200000E8	HAL::I2CIntr::I2CLogs_t	
[153]	NONE	0x200000E9	HAL::I2CIntr::I2CLogs_t	
[154]	NONE	0x200000EA	HAL::I2CIntr::I2CLogs_t	
[155]	NONE	0x200000EB	HAL::I2CIntr::I2CLogs_t	
[156]	NONE	0x200000EC	HAL::I2CIntr::I2CLogs_t	
[157]	NONE	0x200000ED	HAL::I2CIntr::I2CLogs_t	
[158]	NONE	0x200000EE	HAL::I2CIntr::I2CLogs_t	
[159]	NONE	0x200000EF	HAL::I2CIntr::I2CLogs_t	
[160]	NONE	0x200000F0	HAL::I2CIntr::I2CLogs_t	
[161]	NONE	0x200000F1	HAL::I2CIntr::I2CLogs_t	
[162]	NONE	0x200000F2	HAL::I2CIntr::I2CLogs_t	
[163]	NONE	0x200000F3	HAL::I2CIntr::I2CLogs_t	
[164]	NONE	0x200000F4	HAL::I2CIntr::I2CLogs_t	
[165]	NONE	0x200000F5	HAL::I2CIntr::I2CLogs_t	
[166]	NONE	0x200000F6	HAL::I2CIntr::I2CLogs_t	
[167]	NONE	0x200000F7	HAL::I2CIntr::I2CLogs_t	
[168]	NONE	0x200000F8	HAL::I2CIntr::I2CLogs_t	
[169]	NONE	0x200000F9	HAL::I2CIntr::I2CLogs_t	
[170]	NONE	0x200000FA	HAL::I2CIntr::I2CLogs_t	
[171]	NONE	0x200000FB	HAL::I2CIntr::I2CLogs_t	
[172]	NONE	0x200000FC	HAL::I2CIntr::I2CLogs_t	
[173]	NONE	0x200000FD	HAL::I2CIntr::I2CLogs_t	
[174]	NONE	0x200000FE	HAL::I2CIntr::I2CLogs_t	
[175]	NONE	0x200000FF	HAL::I2CIntr::I2CLogs_t	
[176]	NONE	0x20000100	HAL::I2CIntr::I2CLogs_t	
[177]	NONE	0x20000101	HAL::I2CIntr::I2CLogs_t	
[178]	NONE	0x20000102	HAL::I2CIntr::I2CLogs_t	
[179]	NONE	0x20000103	HAL::I2CIntr::I2CLogs_t	
[180]	NONE	0x20000104	HAL::I2CIntr::I2CLogs_t	
[181]	NONE	0x20000105	HAL::I2CIntr::I2CLogs_t	
[182]	NONE	0x20000106	HAL::I2CIntr::I2CLogs_t	
[183]	NONE	0x20000107	HAL::I2CIntr::I2CLogs_t	
[184]	NONE	0x20000108	HAL::I2CIntr::I2CLogs_t	
[185]	NONE	0x20000109	HAL::I2CIntr::I2CLogs_t	
[186]	NONE	0x2000010A	HAL::I2CIntr::I2CLogs_t	
[187]	NONE	0x2000010B	HAL::I2CIntr::I2CLogs_t	
[188]	NONE	0x2000010C	HAL::I2CIntr::I2CLogs_t	
[189]	NONE	0x2000010D	HAL::I2CIntr::I2CLogs_t	
[190]	NONE	0x2000010E	HAL::I2CIntr::I2CLogs_t	
[191]	NONE	0x2000010F	HAL::I2CIntr::I2CLogs_t	
[192]	NONE	0x20000110	HAL::I2CIntr::I2CLogs_t	
[193]	NONE	0x20000111	HAL::I2CIntr::I2CLogs_t	
[194]	NONE	0x20000112	HAL::I2CIntr::I2CLogs_t	
[195]	NONE	0x20000113	HAL::I2CIntr::I2CLogs_t	
[196]	NONE	0x20000114	HAL::I2CIntr::I2CLogs_t	
[197]	NONE	0x20000115	HAL::I2CIntr::I2CLogs_t	
[198]	NONE	0x20000116	HAL::I2CIntr::I2CLogs_t	
[199]	NONE	0x20000117	HAL::I2CIntr::I2CLogs_t	
[200]	NONE	0x20000118	HAL::I2CIntr::I2CLogs_t	
[201]	NONE	0x20000119	HAL::I2CIntr::I2CLogs_t	
[202]	NONE	0x2000011A	HAL::I2CIntr::I2CLogs_t	
[203]	NONE	0x2000011B	HAL::I2CIntr::I2CLogs_t	
[204]	NONE	0x2000011C	HAL::I2CIntr::I2CLogs_t	
[205]	NONE	0x2000011D	HAL::I2CIntr::I2CLogs_t	
[206]	NONE	0x2000011E	HAL::I2CIntr::I2CLogs_t	
[207]	NONE	0x2000011F	HAL::I2CIntr::I2CLogs_t	
[208]	NONE	0x20000120	HAL::I2CIntr::I2CLogs_t	
[209]	NONE	0x20000121	HAL::I2CIntr::I2CLogs_t	
[210]	NONE	0x20000122	HAL::I2CIntr::I2CLogs_t	
[211]	NONE	0x20000123	HAL::I2CIntr::I2CLogs_t	
[212]	NONE	0x20000124	HAL::I2CIntr::I2CLogs_t	
[213]	NONE	0x20000125	HAL::I2CIntr::I2CLogs_t	
[214]	NONE	0x20000126	HAL::I2CIntr::I2CLogs_t	
[215]	NONE	0x20000127	HAL::I2CIntr::I2CLogs_t	
[216]	NONE	0x20000128	HAL::I2CIntr::I2CLogs_t	
[217]	NONE	0x20000129	HAL::I2CIntr::I2CLogs_t	
[218]	NONE	0x2000012A	HAL::I2CIntr::I2CLogs_t	
[219]	NONE	0x2000012B	HAL::I2CIntr::I2CLogs_t	
[220]	NONE	0x2000012C	HAL::I2CIntr::I2CLogs_t	
[221]	NONE	0x2000012D	HAL::I2CIntr::I2CLogs_t	
[222]	NONE	0x2000012E	HAL::I2CIntr::I2CLogs_t	
[223]	NONE	0x2000012F	HAL::I2CIntr::I2CLogs_t	
[224]	NONE	0x20000130	HAL::I2CIntr::I2CLogs_t	
[225]	NONE	0x20000131	HAL::I2CIntr::I2CLogs_t	
[226]	NONE	0x20000132	HAL::I2CIntr::I2CLogs_t	
[227]	NONE	0x20000133	HAL::I2CIntr::I2CLogs_t	
[228]	NONE	0x20000134	HAL::I2CIntr::I2CLogs_t	
[229]	NONE	0x20000135	HAL::I2CIntr::I2CLogs_t	
[230]	NONE	0x20000136	HAL::I2CIntr::I2CLogs_t	
[231]	NONE	0x20000137	HAL::I2CIntr::I2CLogs_t	
[232]	NONE	0x20000138	HAL::I2CIntr::I2CLogs_t	
[233]	NONE	0x20000139	HAL::I2CIntr::I2CLogs_t	
[234]	NONE	0x2000013A	HAL::I2CIntr::I2CLogs_t	
[235]	NONE	0x2000013B	HAL::I2CIntr::I2CLogs_t	
[236]	NONE	0x2000013C	HAL::I2CIntr::I2CLogs_t	
[237]	NONE	0x2000013D	HAL::I2CIntr::I2CLogs_t	
[238]	NONE	0x2000013E	HAL::I2CIntr::I2CLogs_t	
[239]	NONE	0x2000013F	HAL::I2CIntr::I2CLogs_t	
[240]	NONE	0x20000140	HAL::I2CIntr::I2CLogs_t	
[241]	NONE	0x20000141	HAL::I2CIntr::I2CLogs_t	
[242]	NONE	0x20000142	HAL::I2CIntr::I2CLogs_t	
[243]	NONE	0x20000143	HAL::I2CIntr::I2CLogs_t	
[244]	NONE	0x20000144	HAL::I2CIntr::I2CLogs_t	
[245]	NONE	0x20000145	HAL::I2CIntr::I2CLogs_t	
[246]	NONE	0x20000146	HAL::I2CIntr::I2CLogs_t	
[247]	NONE	0x20000147	HAL::I2CIntr::I2CLogs_t	
[248]	NONE	0x20000148	HAL::I2CIntr::I2CLogs_t	
[249]	NONE	0x20000149	HAL::I2CIntr::I2CLogs_t	
[250]	NONE	0x2000014A	HAL::I2CIntr::I2CLogs_t	
[251]	NONE	0x2000014B	HAL::I2CIntr::I2CLogs_t	
[252]	NONE	0x2000014C	HAL::I2CIntr::I2CLogs_t	
[253]	NONE	0x2000014D	HAL::I2CIntr::I2CLogs_t	
[254]	NONE	0x2000014E	HAL::I2CIntr::I2CLogs_t	
[255]	NONE	0x2000014F	HAL::I2CIntr::I2CLogs_t	
[256]	NONE	0x20000150	HAL::I2CIntr::I2CLogs_t	
[257]	NONE	0x20000151	HAL::I2CIntr::I2CLogs_t	
[258]	NONE	0x20000152	HAL::I2CIntr::I2CLogs_t	
[259]	NONE	0x20000153	HAL::I2CIntr::I2CLogs_t	
[260]	NONE	0x20000154	HAL::I2CIntr::I2CLogs_t	
[261]	NONE	0x20000155	HAL::I2CIntr::I2CLogs_t	
[262]	NONE	0x20000156	HAL::I2CIntr::I2CLogs_t	
[263]	NONE	0x20000157	HAL::I2CIntr::I2CLogs_t	
[264]	NONE	0x20000158	HAL::I2CIntr::I2CLogs_t	
[265]	NONE	0x20000159	HAL::I2CIntr::I2CLogs_t	
[266]	NONE	0x2000015A	HAL::I2CIntr::I2CLogs_t	
[267]	NONE	0x2000015B	HAL::I2CIntr::I2CLogs_t	
[268]	NONE	0x2000015C	HAL::I2CIntr::I2CLogs_t	
[269]	NONE	0x2000015D	HAL::I2CIntr::I2CLogs_t	
[270]	NONE	0x2000015E	HAL::I2CIntr::I2CLogs_t	
[271]	NONE	0x2000015F	HAL::I2CIntr::I2CLogs_t	
[272]	NONE	0x20000160	HAL::I2CIntr::I2CLogs_t	
[273]	NONE	0x20000161	HAL::I2CIntr::I2CLogs_t	
[274]	NONE	0x20000162	HAL::I2CIntr::I2CLogs_t	
[275]	NONE	0x20000163	HAL::I2CIntr::I2CLogs_t	
[276]	NONE	0x20000164	HAL::I2CIntr::I2CLogs_t	
[277]	NONE	0x20000165	HAL::I2CIntr::I2CLogs_t	
[278]	NONE	0x20000166	HAL::I2CIntr::I2CLogs_t	
[279]	NONE	0x20000167	HAL::I2CIntr::I2CLogs_t	
[280]	NONE	0x20000168	HAL::I2CIntr::I2CLogs_t	
[281]	NONE	0x20000169	HAL::I2CIntr::I2CLogs_t	
[282]	NONE	0x2000016A	HAL::I2CIntr::I2CLogs_t	
[283]	NONE	0x2000016B	HAL::I2CIntr::I2CLogs_t	
[284]	NONE	0x2000016C	HAL::I2CIntr::I2CLogs_t	
[285]	NONE	0x2000016D	HAL::I2CIntr::I2CLogs_t	
[286]	NONE	0x2000016E	HAL::I2CIntr::I2CLogs_t	
[287]	NONE	0x2000016F	HAL::I2CIntr::I2CLogs_t	
[288]	NONE	0x20000170	HAL::I2CIntr::I2CLogs_t	
[289]	NONE	0x20000171	HAL::I2CIntr::I2CLogs_t	
[290]	NONE	0x20000172	HAL::I2CIntr::I2CLogs_t	
[291]	NONE	0x20000173	HAL::I2CIntr::I2CLogs_t	
[292]	NONE	0x20000174	HAL::I2CIntr::I2CLogs_t	
[293]	NONE	0x20000175	HAL::I2CIntr::I2CLogs_t	
[294]	NONE	0x20000176	HAL::I2CIntr::I2CLogs_t	
[295]	NONE	0x20000177	HAL::I2CIntr::I2CLogs_t	
[296]	NONE	0x20000178	HAL::I2CIntr::I2CLogs_t	
[297]	NONE	0x20000179	HAL::I2CIntr::I2CLogs_t	
[298]	NONE	0x2000017A	HAL::I2CIntr::I2CLogs_t	
[299]	NONE	0x2000017B	HAL::I2CIntr::I2CLogs_t	
[300]	NONE	0x2000017C	HAL::I2CIntr::I2CLogs_t	
[301]	NONE	0x2000017D	HAL::I2CIntr::I2CLogs_t	
[302]	NONE	0x2000017E	HAL::I2CIntr::I2CLogs_t	
[303]	NONE	0x2000017F	HAL::I2CIntr::I2CLogs_t	
[304]	NONE	0x20000180	HAL::I2CIntr::I2CLogs_t	
[305]	NONE	0x20000181	HAL::I2CIntr::I2CLogs_t	
[306]	NONE	0x20000182	HAL::I2CIntr::I2CLogs_t	
[307]	NONE	0x20000183	HAL::I2CIntr::I2CLogs_t	
[308]	NONE	0x20000184	HAL::I2CIntr::I2CLogs_t	
[309]	NONE	0x20000185	HAL::I2CIntr::I2CLogs_t	
[310]	NONE	0x20000186	HAL::I2CIntr::I2CLogs_t	
[311]	NONE	0x20000187	HAL::I2CIntr::I2CLogs_t	
[312]	NONE	0x20000188	HAL::I2CIntr::I2CLogs_t	
[313]	NONE	0x20000189	HAL::I2CIntr::I2CLogs_t	
[314]	NONE	0x2000018A	HAL::I2CIntr::I2CLogs_t	
[315]	NONE	0x2000018B	HAL::I2CIntr::I2CLogs_t	
[316]	NONE	0x2000018C	HAL::I2CIntr::I2CLogs_t	
[317]	NONE	0x2000018D	HAL::I2CIntr::I2CLogs_t	
[318]	NONE	0x2000018E	HAL::I2CIntr::I2CLogs_t	
[319]	NONE	0x2000018F	HAL::I2CIntr::I2CLogs_t	
[320]	NONE	0x20000190	HAL::I2CIntr::I2CLogs_t	
[321]	NONE	0x20000191	HAL::I2CIntr::I2CLogs_t	
[322]	NONE	0x20000192	HAL::I2CIntr::I2CLogs_t	
[323]	NONE	0x20000193	HAL::I2CIntr::I2CLogs_t	
[324]	NONE	0x20000194	HAL::I2CIntr::I2CLogs_t	
[325]	NONE	0x20000195	HAL::I2CIntr::I2CLogs_t	
[326]	NONE	0x20000196	HAL::I2CIntr::I2CLogs_t	
[327]	NONE	0x20000197	HAL::I2CIntr::I2CLogs_t	
[328]	NONE	0x20000198	HAL::I2CIntr::I2CLogs_t	
[329]	NONE	0x20000199	HAL::I2CIntr::I2CLogs_t	
[330]	NONE	0x2000019A	HAL::I2CIntr::I2CLogs_t	
[331]	NONE	0x2000019B	HAL::I2CIntr::I2CLogs_t	
[332]	NONE	0x2000019C	HAL::I2CIntr::I2CLogs_t	
[333]	NONE	0x2000019D	HAL::I2CIntr::I2CLogs_t	
[334]	NONE	0x2000019E	HAL::I2CIntr::I2CLogs_t	
[335]	NONE	0x2000019F	HAL::I2CIntr::I2CLogs_t	
[336]	NONE	0x200001A0	HAL::I2CIntr::I2CLogs_t	
[337]	NONE	0x200001A1	HAL::I2CIntr::I2CLogs_t	
[338]	NONE	0x200001A2	HAL::I2CIntr::I2CLogs_t	
[339]	NONE	0x200001A3	HAL::I2CIntr::I2CLogs_t	
[340]	NONE	0x200001A4	HAL::I2CIntr::I2CLogs_t	
[341]	NONE	0x200001A5	HAL::I2CIntr::I2CLogs_t	
[342]	NONE	0x200001A6	HAL::I2CIntr::I2CLogs_t	
[343]	NONE	0x200001A7	HAL::I2CIntr::I2CLogs_t	
[344]	NONE	0x200001A8	HAL::I2CIntr::I2CLogs_t	
[345]	NONE	0x200001A9	HAL::I2CIntr::I2CLogs_t	
[346]	NONE	0x200001AA	HAL::I2CIntr::I2CLogs_t	
[347]	NONE	0x200001AB	HAL::I2CIntr::I2CLogs_t	
[348]	NONE	0x200001AC	HAL::I2CIntr::I2CLogs_t	
[349]	NONE	0x200001AD	HAL::I2CIntr::I2CLogs_t	
[350]	NONE	0x200001AE	HAL::I2CIntr::I2CLogs_t	
[351]	NONE	0x200001AF	HAL::I2CIntr::I2CLogs_t	
[352]	NONE	0x200001B0	HAL::I2CIntr::I2CLogs_t	
[353]	NONE	0x200001B1	HAL::I2CIntr::I2CLogs_t	
[354]	NONE	0x200001B2	HAL::I2CIntr::I2CLogs_t	
[355]	NONE	0x200001B3	HAL::I2CIntr::I2CLogs_t	
[356]	NONE	0x200001B4	HAL::I2CIntr::I2CLogs_t	
[357]	NONE	0x200001B5	HAL::I2CIntr::I2CLogs_t	
[358]	NONE	0x200001B6	HAL::I2CIntr::I2CLogs_t	
[359]	NONE	0x200001B7	HAL::I2CIntr::I2CLogs_t	
[360]	NONE	0x200001B8	HAL::I2CIntr::I2CLogs_t	
[361]	NONE	0x200001B9	HAL::I2CIntr::I2CLogs_t	
[362]	NONE	0x200001BA	HAL::I2CIntr::I2CLogs_t	
[363]	NONE	0x200001BB	HAL::I2CIntr::I2CLogs_t	
[364]	NONE	0x200001BC	HAL::I2CIntr::I2CLogs_t	
[365]	NONE	0x200001BD	HAL::I2CIntr::I2CLogs_t	
[366]	NONE	0x200001BE	HAL::I2CIntr::I2CLogs_t	
[367]	NONE	0x200001BF	HAL::I2CIntr::I2CLogs_t	
[368]	NONE	0x200001C0	HAL::I2CIntr::I2CLogs_t	
[369]	NONE	0x200001C1	HAL::I2CIntr::I2CLogs_t	
[370]	NONE	0x200001C2	HAL::I2CIntr::I2CLogs_t	
[371]	NONE	0x200001C3	HAL::I2CIntr::I2CLogs_t	
[372]	NONE	0x200001C4	HAL::I2CIntr::I2CLogs_t	
[373]	NONE	0x200001C5	HAL::I2CIntr::I2CLogs_t	
[374]	NONE	0x200001C6	HAL::I2CIntr::I2CLogs_t	
[375]	NONE	0x200001C7	HAL::I2CIntr::I2CLogs_t	
[376]	NONE	0x200001C8	HAL::I2CIntr::I2CLogs_t	
[377]	NONE	0x200001C9	HAL::I2CIntr::I2CLogs_t	
[378]	NONE	0x200001CA	HAL::I2CIntr::I2CLogs_t	
[379]	NONE	0x200001CB	HAL::I2CIntr::I2CLogs_t	
[380]	NONE	0x200001CC	HAL::I2CIntr::I2CLogs_t	
[381]	NONE	0x200001CD	HAL::I2CIntr::I2CLogs_t	
[382]	NONE	0x200001CE	HAL::I2CIntr::I2CLogs_t	
[383]	NONE	0x200001CF	HAL::I2CIntr::I2CLogs_t	
[384]	NONE	0x200001D0	HAL::I2CIntr::I2CLogs_t	
[385]	NONE	0x200001D1	HAL::I2CIntr::I2CLogs_t	
[386]	NONE	0x200001D2	HAL::I2CIntr::I2CLogs_t	
[387]	NONE	0x200001D3	HAL::I2CIntr::I2CLogs_t	
[388]	NONE	0x200001D4	HAL::I2CIntr::I2CLogs_t	
[389]	NONE	0x200001D5	HAL::I2CIntr::I2CLogs_t	
[390]	NONE	0x200001D6	HAL::I2CIntr::I2CLogs_t	
[391]	NONE	0x200001D7	HAL::I2CIntr::I2CLogs_t	
[392]	NONE	0x200001D8	HAL::I2CIntr::I2CLogs_t	
[393]	NONE	0x200001D9	HAL::I2CIntr::I2CLogs_t	
[394]	NONE	0x200001DA	HAL::I2CIntr::I2CLogs_t	
[395]	NONE	0x200001DB	HAL::I2CIntr::I2CLogs_t	
[396]	NONE	0x200001DC	HAL::I2CIntr::I2CLogs_t	
[397]	NONE	0x200001DD	HAL::I2CIntr::I2CLogs_t	
[398]	NONE	0x200001DE	HAL::I2CIntr::I2CLogs_t	
[399]	NONE	0x200001DF	HAL::I2CIntr::I2CLogs_t	
[400]	NONE	0x200001E0	HAL::I2CIntr::I2CLogs_t	
[401]	NONE	0x200001E1	HAL::I2CIntr::I2CLogs_t	
[402]	NONE	0x200001E2	HAL::I2CIntr::I2CLogs_t	
[403]	NONE	0x200001E3	HAL::I2CIntr::I2CLogs_t	
[404]	NONE	0x200001E4	HAL::I2CIntr::I2CLogs_t	
[405]	NONE	0x200001E5	HAL::I2CIntr::I2CLogs_t	
[406]	NONE	0x200001E6	HAL::I2CIntr::I2CLogs_t	
[407]	NONE	0x200001E7	HAL::I2CIntr::I2CLogs_t	
[408]	NONE	0x200001E8	HAL::I2CIntr::I2CLogs_t	
[409]	NONE	0x200001E9	HAL::I2CIntr::I2CLogs_t	
[410]	NONE	0x200001EA	HAL::I2CIntr::I2CLogs_t	
[411]	NONE	0x200001EB	HAL::I2CIntr::I2CLogs_t	
[412]	NONE	0x200001EC	HAL::I2CIntr::I2CLogs_t	
[413]	NONE	0x200001ED	HAL::I2CIntr::I2CLogs_t	
[414]	NONE	0x200001EE	HAL::I2CIntr::I2CLogs_t	
[415]	NONE	0x200001EF	HAL::I2CIntr::I2CLogs_t	
[416]	NONE	0x200001F0	HAL::I2CIntr::I2CLogs_t	
[417]	NONE	0x200001F1	HAL::I2CIntr::I2CLogs_t	
[418]	NONE	0x200001F2	HAL::I2CIntr::I2CLogs_t	
[419]	NONE	0x200001F3	HAL::I2CIntr::I2CLogs_t	
[420]	NONE	0x200001F4	HAL::I2CIntr::I2CLogs_t	
[421]	NONE	0x200001F5	HAL::I2CIntr::I2CLogs_t	
[422]	NONE	0x200001F6	HAL::I2CIntr::I2CLogs_t	
[423]	NONE	0x200001F7	HAL::I2CIntr::I2CLogs_t	
[424]	NONE	0x200001F8	HAL::I2CIntr::I2CLogs_t	
[425]	NONE	0x200001F9	HAL::I2CIntr::I2CLogs_t	
[426]	NONE	0x200001FA	HAL::I2CIntr::I2CLogs_t	
[427]	NONE	0x200001FB	HAL::I2CIntr::I2CLogs_t	
[428]	NONE	0x200001FC	HAL::I2CIntr::I2CLogs_t	
[429]	NONE	0x200001FD	HAL::I2CIntr::I2CLogs_t	
[430]	NONE	0x200001FE	HAL::I2CIntr::I2CLogs_t	
[431]	NONE	0x200001FF	HAL::I2CIntr::I2CLogs_t	
[432]	NONE	0x20000200	HAL::I2CIntr::I2CLogs_t	
[433]	NONE	0x20000201	HAL::I2CIntr::I2CLogs_t	
[434]	NONE	0x20000202	HAL::I2CIntr::I2CLogs_t	
[435]	NONE	0x20000203	HAL::I2CIntr::I2CLogs_t	
[436]	NONE	0x20000204	HAL::I2CIntr::I2CLogs_t	
[437]	NONE	0x20000205	HAL::I2CIntr::I2CLogs_t	
[438]	NONE	0x20000206	HAL::I2CIntr::I2CLogs_t	
[439]	NONE	0x20000207	HAL::I2CIntr::I2CLogs_t	
[440]	NONE	0x20000208	HAL::I2CIntr::I2CLogs_t	
[441]	NONE	0x20000209	HAL::I2CIntr::I2CLogs_t	
[442]	NONE	0x2000020A	HAL::I2CIntr::I2CLogs_t	
[443]	NONE	0x2000020B	HAL::I2CIntr::I2CLogs_t	
[444]	NONE	0x2000020C	HAL::I2CIntr::I2CLogs_t	
[445]	NONE	0x2000020D	HAL::I2CIntr::I2CLogs_t	
[446]	NONE	0x2000020E	HAL::I2CIntr::I2CLogs_t	
[447]	NONE	0x2000020F	HAL::I2CIntr::I2CLogs_t	
[448]	NONE	0x20000210	HAL::I2CIntr::I2CLogs_t	
[449]	NONE	0x20000211	HAL::I2CIntr::I2CLogs_t	
[450]	NONE	0x20000212	HAL::I2CIntr::I2CLogs_t	
[451]	NONE	0x20000213	HAL::I2CIntr::I2CLogs_t	
[452]	NONE	0x20000214	HAL::I2CIntr::I2CLogs_t	
[453]	NONE	0x20000215	HAL::I2CIntr::I2CLogs_t	
[454]	NONE	0x20000216	HAL::I2CIntr::I2CLogs_t	
[455]	NONE	0x20000217	HAL::I2CIntr::I2CLogs_t	
[456]	NONE	0x20000218	HAL::I2CIntr::I2CLogs_t	
[457]	NONE	0x20000219	HAL::I2CIntr::I2CLogs_t	
[458]	NONE	0x2000021A	HAL::I2CIntr::I2CLogs_t	
[459]	NONE	0x2000021B	HAL::I2CIntr::I2CLogs_t	
[460]	NONE	0x2000021C	HAL::I2CIntr::I2CLogs_t	
[461]	NONE	0x2000021D	HAL::I2CIntr::I2CLogs_t	
[462]	NONE	0x2000021E	HAL::I2CIntr::I2CLogs_t	
[463]	NONE	0x2000021F	HAL::I2CIntr::I2CLogs_t	
[464]	NONE	0x20000220	HAL::I2CIntr::I2CLogs_t	
[465]	NONE	0x20000221	HAL::I2CIntr::I2CLogs_t	
[466]	NONE	0x20000222	HAL::I2CIntr::I2CLogs_t	
[467]	NONE	0x20000223	HAL::I2CIntr::I2CLogs_t	
[468]	NONE	0x20000224	HAL::I2CIntr::I2CLogs_t	
[469]	NONE	0x20000225	HAL::I2CIntr::I2CLogs_t	
[470]	NONE	0x20000226	HAL::I2CIntr::I2CLogs_t	
[471]	NONE	0x20000227	HAL::I2CIntr::I2CLogs_t	
[472]	NONE	0x20000228	HAL::I2CIntr::I2CLogs_t	
[473]	NONE	0x20000229	HAL::I2CIntr::I2CLogs_t	
[474]	NONE	0x2000022A	HAL::I2CIntr::I2CLogs_t	
[475]	NONE	0x2000022B	HAL::I2CIntr::I2CLogs_t	
[476]	NONE	0x2000022C	HAL::I2CIntr::I2CLogs_t	
[477]	NONE	0x2000022D	HAL::I2CIntr::I2CLogs_t	
[478]	NONE	0x2000022E	HAL::I2CIntr::I2CLogs_t	
[479]	NONE	0x2000022F	HAL::I2CIntr::I2CLogs_t	
[480]	NONE	0x20000230	HAL::I2CIntr::I2CLogs_t	
[481]	NONE	0x20000231	HAL::I2CIntr::I2CLogs_t	
[482]	NONE	0x20000232	HAL::I2CIntr::I2CLogs_t	
[483]	NONE	0x20000233	HAL::I2CIntr::I2CLogs_t	
[484]	NONE	0x20000234	HAL::I2CIntr::I2CLogs_t	
[485]	NONE	0x20000235	HAL::I2CIntr::I2CLogs_t	
[486]	NONE	0x20000236	HAL::I2CIntr::I2CLogs_t	
[487]	NONE	0x20000237	HAL::I2CIntr::I2CLogs_t	
[488]	NONE	0x20000238	HAL::I2CIntr::I2CLogs_t	
[489]	NONE	0x20000239	HAL::I2CIntr::I2CLogs_t	
[490]	NONE	0x2000023A	HAL::I2CIntr::I2CLogs_t	
[491]	NONE	0x2000023B	HAL::I2CIntr::I2CLogs_t	
[492]	NONE	0x2000023C	HAL::I2CIntr::I2CLogs_t	
[493]	NONE	0x2000023D	HAL::I2CIntr::I2CLogs_t	
[494]	NONE	0x2000023E	HAL::I2CIntr::I2CLogs_t	
[495]	NONE	0x2000023F	HAL::I2CIntr::I2CLogs_t	
[496]	NONE	0x20000240	HAL::I2CIntr::I2CLogs_t	
[497]	NONE	0x20000241	HAL::I2CIntr::I2CLogs_t	
[498]	NONE	0x20000242	HAL::I2CIntr::I2CLogs_t	
[499]	NONE	0x20000243	HAL::I2CIntr::I2CLogs_t	
I2CStates_Idx	67	0x20000244	uint32_t	
Voltage	0.0	0x200004FC	float	
Current	0.0	0x20000500	float	
